00:45:26: Edge Data
00:45:26: ---------
00:45:26: Triangle 0 = {indexSet=0, vertexSet=0, v0=5, v1=4, v2=0}
00:45:26: Triangle 1 = {indexSet=0, vertexSet=0, v0=6, v1=5, v2=0}
00:45:26: Triangle 2 = {indexSet=0, vertexSet=0, v0=4, v1=3, v2=0}
00:45:26: Triangle 3 = {indexSet=0, vertexSet=0, v0=2, v1=1, v2=0}
00:45:26: Triangle 4 = {indexSet=0, vertexSet=0, v0=3, v1=2, v2=0}
00:45:26: Triangle 5 = {indexSet=0, vertexSet=0, v0=7, v1=6, v2=0}
00:45:26: Triangle 6 = {indexSet=1, vertexSet=1, v0=37, v1=36, v2=32}
00:45:26: Triangle 7 = {indexSet=1, vertexSet=1, v0=36, v1=35, v2=32}
00:45:26: Triangle 8 = {indexSet=1, vertexSet=1, v0=39, v1=38, v2=32}
00:45:26: Triangle 9 = {indexSet=1, vertexSet=1, v0=38, v1=37, v2=32}
00:45:26: Triangle 10 = {indexSet=1, vertexSet=1, v0=34, v1=33, v2=32}
00:45:26: Triangle 11 = {indexSet=1, vertexSet=1, v0=35, v1=34, v2=32}
00:45:26: Triangle 12 = {indexSet=1, vertexSet=1, v0=30, v1=29, v2=24}
00:45:26: Triangle 13 = {indexSet=1, vertexSet=1, v0=31, v1=30, v2=24}
00:45:26: Triangle 14 = {indexSet=1, vertexSet=1, v0=53, v1=52, v2=46}
00:45:26: Triangle 15 = {indexSet=1, vertexSet=1, v0=52, v1=51, v2=46}
00:45:26: Triangle 16 = {indexSet=1, vertexSet=1, v0=51, v1=50, v2=46}
00:45:26: Triangle 17 = {indexSet=1, vertexSet=1, v0=56, v1=55, v2=54}
00:45:26: Triangle 18 = {indexSet=1, vertexSet=1, v0=59, v1=58, v2=54}
00:45:26: Triangle 19 = {indexSet=1, vertexSet=1, v0=58, v1=57, v2=54}
00:45:26: Triangle 20 = {indexSet=1, vertexSet=1, v0=57, v1=56, v2=54}
00:45:26: Triangle 21 = {indexSet=1, vertexSet=1, v0=44, v1=43, v2=40}
00:45:26: Triangle 22 = {indexSet=1, vertexSet=1, v0=43, v1=42, v2=40}
00:45:26: Triangle 23 = {indexSet=1, vertexSet=1, v0=42, v1=41, v2=40}
00:45:26: Triangle 24 = {indexSet=1, vertexSet=1, v0=45, v1=44, v2=40}
00:45:26: Triangle 25 = {indexSet=1, vertexSet=1, v0=50, v1=49, v2=46}
00:45:26: Triangle 26 = {indexSet=1, vertexSet=1, v0=49, v1=48, v2=46}
00:45:26: Triangle 27 = {indexSet=1, vertexSet=1, v0=48, v1=47, v2=46}
00:45:26: Triangle 28 = {indexSet=1, vertexSet=1, v0=11, v1=10, v2=8}
00:45:26: Triangle 29 = {indexSet=1, vertexSet=1, v0=10, v1=9, v2=8}
00:45:26: Triangle 30 = {indexSet=1, vertexSet=1, v0=12, v1=11, v2=8}
00:45:26: Triangle 31 = {indexSet=1, vertexSet=1, v0=14, v1=13, v2=8}
00:45:26: Triangle 32 = {indexSet=1, vertexSet=1, v0=13, v1=12, v2=8}
00:45:26: Triangle 33 = {indexSet=1, vertexSet=1, v0=7, v1=6, v2=0}
00:45:26: Triangle 34 = {indexSet=1, vertexSet=1, v0=3, v1=2, v2=0}
00:45:26: Triangle 35 = {indexSet=1, vertexSet=1, v0=2, v1=1, v2=0}
00:45:26: Triangle 36 = {indexSet=1, vertexSet=1, v0=4, v1=3, v2=0}
00:45:26: Triangle 37 = {indexSet=1, vertexSet=1, v0=6, v1=5, v2=0}
00:45:26: Triangle 38 = {indexSet=1, vertexSet=1, v0=5, v1=4, v2=0}
00:45:26: Triangle 39 = {indexSet=1, vertexSet=1, v0=26, v1=25, v2=24}
00:45:26: Triangle 40 = {indexSet=1, vertexSet=1, v0=23, v1=22, v2=16}
00:45:26: Triangle 41 = {indexSet=1, vertexSet=1, v0=27, v1=26, v2=24}
00:45:26: Triangle 42 = {indexSet=1, vertexSet=1, v0=29, v1=28, v2=24}
00:45:26: Triangle 43 = {indexSet=1, vertexSet=1, v0=28, v1=27, v2=24}
00:45:26: Triangle 44 = {indexSet=1, vertexSet=1, v0=22, v1=21, v2=16}
00:45:26: Triangle 45 = {indexSet=1, vertexSet=1, v0=18, v1=17, v2=16}
00:45:26: Triangle 46 = {indexSet=1, vertexSet=1, v0=15, v1=14, v2=8}
00:45:26: Triangle 47 = {indexSet=1, vertexSet=1, v0=19, v1=18, v2=16}
00:45:26: Triangle 48 = {indexSet=1, vertexSet=1, v0=21, v1=20, v2=16}
00:45:26: Triangle 49 = {indexSet=1, vertexSet=1, v0=20, v1=19, v2=16}
00:45:26: Edge Group vertexSet=0
00:45:26: Edge 0 = {
  tri0=0, 
  tri1=25, 
  v0=5, 
  v1=4, 
  degenerate=false 
}
00:45:26: Edge 1 = {
  tri0=0, 
  tri1=2, 
  v0=4, 
  v1=0, 
  degenerate=false 
}
00:45:26: Edge 2 = {
  tri0=0, 
  tri1=1, 
  v0=0, 
  v1=5, 
  degenerate=false 
}
00:45:26: Edge 3 = {
  tri0=1, 
  tri1=26, 
  v0=6, 
  v1=5, 
  degenerate=false 
}
00:45:26: Edge 4 = {
  tri0=1, 
  tri1=5, 
  v0=0, 
  v1=6, 
  degenerate=false 
}
00:45:26: Edge 5 = {
  tri0=2, 
  tri1=16, 
  v0=4, 
  v1=3, 
  degenerate=false 
}
00:45:26: Edge 6 = {
  tri0=2, 
  tri1=4, 
  v0=3, 
  v1=0, 
  degenerate=false 
}
00:45:26: Edge 7 = {
  tri0=3, 
  tri1=32, 
  v0=2, 
  v1=1, 
  degenerate=false 
}
00:45:26: Edge 8 = {
  tri0=3, 
  tri1=31, 
  v0=1, 
  v1=0, 
  degenerate=false 
}
00:45:26: Edge 9 = {
  tri0=3, 
  tri1=4, 
  v0=0, 
  v1=2, 
  degenerate=false 
}
00:45:26: Edge 10 = {
  tri0=4, 
  tri1=44, 
  v0=3, 
  v1=2, 
  degenerate=false 
}
00:45:26: Edge 11 = {
  tri0=5, 
  tri1=27, 
  v0=7, 
  v1=6, 
  degenerate=false 
}
00:45:26: Edge 12 = {
  tri0=5, 
  tri1=36, 
  v0=0, 
  v1=7, 
  degenerate=false 
}
00:45:26: Edge Group vertexSet=1
00:45:26: Edge 0 = {
  tri0=6, 
  tri1=39, 
  v0=37, 
  v1=36, 
  degenerate=false 
}
00:45:26: Edge 1 = {
  tri0=6, 
  tri1=7, 
  v0=36, 
  v1=32, 
  degenerate=false 
}
00:45:26: Edge 2 = {
  tri0=6, 
  tri1=9, 
  v0=32, 
  v1=37, 
  degenerate=false 
}
00:45:26: Edge 3 = {
  tri0=7, 
  tri1=39, 
  v0=36, 
  v1=35, 
  degenerate=false 
}
00:45:26: Edge 4 = {
  tri0=7, 
  tri1=11, 
  v0=35, 
  v1=32, 
  degenerate=false 
}
00:45:26: Edge 5 = {
  tri0=8, 
  tri1=22, 
  v0=39, 
  v1=38, 
  degenerate=false 
}
00:45:26: Edge 6 = {
  tri0=8, 
  tri1=9, 
  v0=38, 
  v1=32, 
  degenerate=false 
}
00:45:26: Edge 7 = {
  tri0=8, 
  tri1=23, 
  v0=32, 
  v1=39, 
  degenerate=false 
}
00:45:26: Edge 8 = {
  tri0=9, 
  tri1=33, 
  v0=38, 
  v1=37, 
  degenerate=false 
}
00:45:26: Edge 9 = {
  tri0=10, 
  tri1=43, 
  v0=34, 
  v1=33, 
  degenerate=false 
}
00:45:26: Edge 10 = {
  tri0=10, 
  tri1=45, 
  v0=33, 
  v1=32, 
  degenerate=false 
}
00:45:26: Edge 11 = {
  tri0=10, 
  tri1=11, 
  v0=32, 
  v1=34, 
  degenerate=false 
}
00:45:26: Edge 12 = {
  tri0=11, 
  tri1=41, 
  v0=35, 
  v1=34, 
  degenerate=false 
}
00:45:26: Edge 13 = {
  tri0=12, 
  tri1=29, 
  v0=30, 
  v1=29, 
  degenerate=false 
}
00:45:26: Edge 14 = {
  tri0=12, 
  tri1=42, 
  v0=29, 
  v1=24, 
  degenerate=false 
}
00:45:26: Edge 15 = {
  tri0=12, 
  tri1=13, 
  v0=24, 
  v1=30, 
  degenerate=false 
}
00:45:26: Edge 16 = {
  tri0=13, 
  tri1=29, 
  v0=31, 
  v1=30, 
  degenerate=false 
}
00:45:26: Edge 17 = {
  tri0=13, 
  tri1=35, 
  v0=24, 
  v1=31, 
  degenerate=false 
}
00:45:26: Edge 18 = {
  tri0=14, 
  tri1=18, 
  v0=53, 
  v1=52, 
  degenerate=false 
}
00:45:26: Edge 19 = {
  tri0=14, 
  tri1=15, 
  v0=52, 
  v1=46, 
  degenerate=false 
}
00:45:26: Edge 20 = {
  tri0=14, 
  tri1=18, 
  v0=46, 
  v1=53, 
  degenerate=false 
}
00:45:26: Edge 21 = {
  tri0=15, 
  tri1=48, 
  v0=52, 
  v1=51, 
  degenerate=false 
}
00:45:26: Edge 22 = {
  tri0=15, 
  tri1=16, 
  v0=51, 
  v1=46, 
  degenerate=false 
}
00:45:26: Edge 23 = {
  tri0=16, 
  tri1=25, 
  v0=50, 
  v1=46, 
  degenerate=false 
}
00:45:26: Edge 24 = {
  tri0=17, 
  tri1=24, 
  v0=56, 
  v1=55, 
  degenerate=false 
}
00:45:26: Edge 25 = {
  tri0=17, 
  tri1=49, 
  v0=55, 
  v1=54, 
  degenerate=false 
}
00:45:26: Edge 26 = {
  tri0=17, 
  tri1=20, 
  v0=54, 
  v1=56, 
  degenerate=false 
}
00:45:26: Edge 27 = {
  tri0=18, 
  tri1=19, 
  v0=58, 
  v1=54, 
  degenerate=false 
}
00:45:26: Edge 28 = {
  tri0=19, 
  tri1=37, 
  v0=58, 
  v1=57, 
  degenerate=false 
}
00:45:26: Edge 29 = {
  tri0=19, 
  tri1=20, 
  v0=57, 
  v1=54, 
  degenerate=false 
}
00:45:26: Edge 30 = {
  tri0=20, 
  tri1=24, 
  v0=57, 
  v1=56, 
  degenerate=false 
}
00:45:26: Edge 31 = {
  tri0=21, 
  tri1=33, 
  v0=44, 
  v1=43, 
  degenerate=false 
}
00:45:26: Edge 32 = {
  tri0=21, 
  tri1=22, 
  v0=43, 
  v1=40, 
  degenerate=false 
}
00:45:26: Edge 33 = {
  tri0=21, 
  tri1=24, 
  v0=40, 
  v1=44, 
  degenerate=false 
}
00:45:26: Edge 34 = {
  tri0=22, 
  tri1=23, 
  v0=42, 
  v1=40, 
  degenerate=false 
}
00:45:26: Edge 35 = {
  tri0=23, 
  tri1=47, 
  v0=41, 
  v1=40, 
  degenerate=false 
}
00:45:26: Edge 36 = {
  tri0=25, 
  tri1=26, 
  v0=49, 
  v1=46, 
  degenerate=false 
}
00:45:26: Edge 37 = {
  tri0=26, 
  tri1=27, 
  v0=48, 
  v1=46, 
  degenerate=false 
}
00:45:26: Edge 38 = {
  tri0=27, 
  tri1=38, 
  v0=47, 
  v1=46, 
  degenerate=false 
}
00:45:26: Edge 39 = {
  tri0=28, 
  tri1=40, 
  v0=11, 
  v1=10, 
  degenerate=false 
}
00:45:26: Edge 40 = {
  tri0=28, 
  tri1=29, 
  v0=10, 
  v1=8, 
  degenerate=false 
}
00:45:26: Edge 41 = {
  tri0=28, 
  tri1=30, 
  v0=8, 
  v1=11, 
  degenerate=false 
}
00:45:26: Edge 42 = {
  tri0=30, 
  tri1=40, 
  v0=12, 
  v1=11, 
  degenerate=false 
}
00:45:26: Edge 43 = {
  tri0=30, 
  tri1=32, 
  v0=8, 
  v1=12, 
  degenerate=false 
}
00:45:26: Edge 44 = {
  tri0=31, 
  tri1=32, 
  v0=13, 
  v1=8, 
  degenerate=false 
}
00:45:26: Edge 45 = {
  tri0=31, 
  tri1=46, 
  v0=8, 
  v1=14, 
  degenerate=false 
}
00:45:26: Edge 46 = {
  tri0=33, 
  tri1=37, 
  v0=6, 
  v1=0, 
  degenerate=false 
}
00:45:26: Edge 47 = {
  tri0=34, 
  tri1=46, 
  v0=3, 
  v1=2, 
  degenerate=false 
}
00:45:26: Edge 48 = {
  tri0=34, 
  tri1=35, 
  v0=2, 
  v1=0, 
  degenerate=false 
}
00:45:26: Edge 49 = {
  tri0=34, 
  tri1=36, 
  v0=0, 
  v1=3, 
  degenerate=false 
}
00:45:26: Edge 50 = {
  tri0=35, 
  tri1=46, 
  v0=2, 
  v1=1, 
  degenerate=false 
}
00:45:26: Edge 51 = {
  tri0=36, 
  tri1=38, 
  v0=0, 
  v1=4, 
  degenerate=false 
}
00:45:26: Edge 52 = {
  tri0=37, 
  tri1=38, 
  v0=5, 
  v1=0, 
  degenerate=false 
}
00:45:26: Edge 53 = {
  tri0=39, 
  tri1=41, 
  v0=24, 
  v1=26, 
  degenerate=false 
}
00:45:26: Edge 54 = {
  tri0=40, 
  tri1=44, 
  v0=22, 
  v1=16, 
  degenerate=false 
}
00:45:26: Edge 55 = {
  tri0=41, 
  tri1=43, 
  v0=24, 
  v1=27, 
  degenerate=false 
}
00:45:26: Edge 56 = {
  tri0=42, 
  tri1=45, 
  v0=29, 
  v1=28, 
  degenerate=false 
}
00:45:26: Edge 57 = {
  tri0=42, 
  tri1=43, 
  v0=28, 
  v1=24, 
  degenerate=false 
}
00:45:26: Edge 58 = {
  tri0=44, 
  tri1=48, 
  v0=21, 
  v1=16, 
  degenerate=false 
}
00:45:26: Edge 59 = {
  tri0=45, 
  tri1=47, 
  v0=16, 
  v1=18, 
  degenerate=false 
}
00:45:26: Edge 60 = {
  tri0=47, 
  tri1=49, 
  v0=16, 
  v1=19, 
  degenerate=false 
}
00:45:26: Edge 61 = {
  tri0=48, 
  tri1=49, 
  v0=20, 
  v1=16, 
  degenerate=false 
}
