22:50:35: Edge Data
22:50:35: ---------
22:50:35: Triangle 0 = {indexSet=0, vertexSet=0, v0=72, v1=73, v2=44}
22:50:35: Triangle 1 = {indexSet=0, vertexSet=0, v0=73, v1=45, v2=44}
22:50:35: Triangle 2 = {indexSet=0, vertexSet=0, v0=75, v1=74, v2=47}
22:50:35: Triangle 3 = {indexSet=0, vertexSet=0, v0=74, v1=46, v2=47}
22:50:35: Triangle 4 = {indexSet=0, vertexSet=0, v0=70, v1=71, v2=42}
22:50:35: Triangle 5 = {indexSet=0, vertexSet=0, v0=71, v1=43, v2=42}
22:50:35: Triangle 6 = {indexSet=0, vertexSet=0, v0=71, v1=72, v2=43}
22:50:35: Triangle 7 = {indexSet=0, vertexSet=0, v0=72, v1=44, v2=43}
22:50:35: Triangle 8 = {indexSet=0, vertexSet=0, v0=76, v1=60, v2=61}
22:50:35: Triangle 9 = {indexSet=0, vertexSet=0, v0=80, v1=64, v2=63}
22:50:35: Triangle 10 = {indexSet=0, vertexSet=0, v0=78, v1=79, v2=62}
22:50:35: Triangle 11 = {indexSet=0, vertexSet=0, v0=81, v1=65, v2=64}
22:50:35: Triangle 12 = {indexSet=0, vertexSet=0, v0=79, v1=80, v2=63}
22:50:35: Triangle 13 = {indexSet=0, vertexSet=0, v0=78, v1=62, v2=60}
22:50:35: Triangle 14 = {indexSet=0, vertexSet=0, v0=77, v1=76, v2=61}
22:50:35: Triangle 15 = {indexSet=0, vertexSet=0, v0=79, v1=63, v2=62}
22:50:35: Triangle 16 = {indexSet=0, vertexSet=0, v0=76, v1=78, v2=60}
22:50:35: Triangle 17 = {indexSet=0, vertexSet=0, v0=68, v1=70, v2=40}
22:50:35: Triangle 18 = {indexSet=0, vertexSet=0, v0=60, v1=62, v2=32}
22:50:35: Triangle 19 = {indexSet=0, vertexSet=0, v0=62, v1=34, v2=32}
22:50:35: Triangle 20 = {indexSet=0, vertexSet=0, v0=62, v1=63, v2=34}
22:50:35: Triangle 21 = {indexSet=0, vertexSet=0, v0=63, v1=35, v2=34}
22:50:35: Triangle 22 = {indexSet=0, vertexSet=0, v0=61, v1=60, v2=33}
22:50:35: Triangle 23 = {indexSet=0, vertexSet=0, v0=60, v1=32, v2=33}
22:50:35: Triangle 24 = {indexSet=0, vertexSet=0, v0=64, v1=36, v2=35}
22:50:35: Triangle 25 = {indexSet=0, vertexSet=0, v0=68, v1=40, v2=41}
22:50:35: Triangle 26 = {indexSet=0, vertexSet=0, v0=67, v1=66, v2=39}
22:50:35: Triangle 27 = {indexSet=0, vertexSet=0, v0=70, v1=42, v2=40}
22:50:35: Triangle 28 = {indexSet=0, vertexSet=0, v0=69, v1=68, v2=41}
22:50:35: Triangle 29 = {indexSet=0, vertexSet=0, v0=65, v1=37, v2=36}
22:50:35: Triangle 30 = {indexSet=0, vertexSet=0, v0=63, v1=64, v2=35}
22:50:35: Triangle 31 = {indexSet=0, vertexSet=0, v0=66, v1=38, v2=39}
22:50:35: Triangle 32 = {indexSet=0, vertexSet=0, v0=64, v1=65, v2=36}
22:50:35: Triangle 33 = {indexSet=0, vertexSet=0, v0=103, v1=102, v2=100}
22:50:35: Triangle 34 = {indexSet=0, vertexSet=0, v0=99, v1=101, v2=98}
22:50:35: Triangle 35 = {indexSet=0, vertexSet=0, v0=106, v1=105, v2=104}
22:50:35: Triangle 36 = {indexSet=0, vertexSet=0, v0=101, v1=103, v2=100}
22:50:35: Triangle 37 = {indexSet=0, vertexSet=0, v0=99, v1=98, v2=96}
22:50:35: Triangle 38 = {indexSet=0, vertexSet=0, v0=94, v1=97, v2=93}
22:50:35: Triangle 39 = {indexSet=0, vertexSet=0, v0=101, v1=100, v2=98}
22:50:35: Triangle 40 = {indexSet=0, vertexSet=0, v0=97, v1=99, v2=96}
22:50:35: Triangle 41 = {indexSet=0, vertexSet=0, v0=107, v1=106, v2=104}
22:50:35: Triangle 42 = {indexSet=0, vertexSet=0, v0=111, v1=113, v2=110}
22:50:35: Triangle 43 = {indexSet=0, vertexSet=0, v0=113, v1=112, v2=110}
22:50:35: Triangle 44 = {indexSet=0, vertexSet=0, v0=113, v1=115, v2=112}
22:50:35: Triangle 45 = {indexSet=0, vertexSet=0, v0=115, v1=114, v2=112}
22:50:35: Triangle 46 = {indexSet=0, vertexSet=0, v0=106, v1=109, v2=105}
22:50:35: Triangle 47 = {indexSet=0, vertexSet=0, v0=109, v1=108, v2=105}
22:50:35: Triangle 48 = {indexSet=0, vertexSet=0, v0=109, v1=111, v2=108}
22:50:35: Triangle 49 = {indexSet=0, vertexSet=0, v0=111, v1=110, v2=108}
22:50:35: Triangle 50 = {indexSet=0, vertexSet=0, v0=97, v1=96, v2=93}
22:50:35: Triangle 51 = {indexSet=0, vertexSet=0, v0=86, v1=70, v2=68}
22:50:35: Triangle 52 = {indexSet=0, vertexSet=0, v0=85, v1=84, v2=69}
22:50:35: Triangle 53 = {indexSet=0, vertexSet=0, v0=87, v1=71, v2=70}
22:50:35: Triangle 54 = {indexSet=0, vertexSet=0, v0=84, v1=86, v2=68}
22:50:35: Triangle 55 = {indexSet=0, vertexSet=0, v0=82, v1=66, v2=67}
22:50:35: Triangle 56 = {indexSet=0, vertexSet=0, v0=80, v1=81, v2=64}
22:50:35: Triangle 57 = {indexSet=0, vertexSet=0, v0=84, v1=68, v2=69}
22:50:35: Triangle 58 = {indexSet=0, vertexSet=0, v0=83, v1=82, v2=67}
22:50:35: Triangle 59 = {indexSet=0, vertexSet=0, v0=86, v1=87, v2=70}
22:50:35: Triangle 60 = {indexSet=0, vertexSet=0, v0=91, v1=90, v2=75}
22:50:35: Triangle 61 = {indexSet=0, vertexSet=0, v0=90, v1=74, v2=75}
22:50:35: Triangle 62 = {indexSet=0, vertexSet=0, v0=95, v1=94, v2=92}
22:50:35: Triangle 63 = {indexSet=0, vertexSet=0, v0=94, v1=93, v2=92}
22:50:35: Triangle 64 = {indexSet=0, vertexSet=0, v0=87, v1=88, v2=71}
22:50:35: Triangle 65 = {indexSet=0, vertexSet=0, v0=88, v1=72, v2=71}
22:50:35: Triangle 66 = {indexSet=0, vertexSet=0, v0=88, v1=89, v2=72}
22:50:35: Triangle 67 = {indexSet=0, vertexSet=0, v0=89, v1=73, v2=72}
22:50:35: Triangle 68 = {indexSet=0, vertexSet=0, v0=31, v1=30, v2=28}
22:50:35: Triangle 69 = {indexSet=0, vertexSet=0, v0=30, v1=29, v2=28}
22:50:35: Triangle 70 = {indexSet=0, vertexSet=0, v0=33, v1=32, v2=3}
22:50:35: Triangle 71 = {indexSet=0, vertexSet=0, v0=32, v1=2, v2=3}
22:50:35: Triangle 72 = {indexSet=0, vertexSet=0, v0=23, v1=25, v2=22}
22:50:35: Triangle 73 = {indexSet=0, vertexSet=0, v0=25, v1=24, v2=22}
22:50:35: Triangle 74 = {indexSet=0, vertexSet=0, v0=25, v1=27, v2=24}
22:50:35: Triangle 75 = {indexSet=0, vertexSet=0, v0=27, v1=26, v2=24}
22:50:35: Triangle 76 = {indexSet=0, vertexSet=0, v0=34, v1=5, v2=2}
22:50:35: Triangle 77 = {indexSet=0, vertexSet=0, v0=37, v1=11, v2=9}
22:50:35: Triangle 78 = {indexSet=0, vertexSet=0, v0=35, v1=36, v2=7}
22:50:35: Triangle 79 = {indexSet=0, vertexSet=0, v0=38, v1=14, v2=15}
22:50:35: Triangle 80 = {indexSet=0, vertexSet=0, v0=36, v1=37, v2=9}
22:50:35: Triangle 81 = {indexSet=0, vertexSet=0, v0=35, v1=7, v2=5}
22:50:35: Triangle 82 = {indexSet=0, vertexSet=0, v0=32, v1=34, v2=2}
22:50:35: Triangle 83 = {indexSet=0, vertexSet=0, v0=36, v1=9, v2=7}
22:50:35: Triangle 84 = {indexSet=0, vertexSet=0, v0=34, v1=35, v2=5}
22:50:35: Triangle 85 = {indexSet=0, vertexSet=0, v0=21, v1=23, v2=20}
22:50:35: Triangle 86 = {indexSet=0, vertexSet=0, v0=5, v1=7, v2=4}
22:50:35: Triangle 87 = {indexSet=0, vertexSet=0, v0=7, v1=6, v2=4}
22:50:35: Triangle 88 = {indexSet=0, vertexSet=0, v0=7, v1=9, v2=6}
22:50:35: Triangle 89 = {indexSet=0, vertexSet=0, v0=9, v1=8, v2=6}
22:50:35: Triangle 90 = {indexSet=0, vertexSet=0, v0=3, v1=2, v2=0}
22:50:35: Triangle 91 = {indexSet=0, vertexSet=0, v0=2, v1=1, v2=0}
22:50:35: Triangle 92 = {indexSet=0, vertexSet=0, v0=2, v1=5, v2=1}
22:50:35: Triangle 93 = {indexSet=0, vertexSet=0, v0=5, v1=4, v2=1}
22:50:35: Triangle 94 = {indexSet=0, vertexSet=0, v0=11, v1=10, v2=8}
22:50:35: Triangle 95 = {indexSet=0, vertexSet=0, v0=21, v1=20, v2=17}
22:50:35: Triangle 96 = {indexSet=0, vertexSet=0, v0=19, v1=18, v2=16}
22:50:35: Triangle 97 = {indexSet=0, vertexSet=0, v0=23, v1=22, v2=20}
22:50:35: Triangle 98 = {indexSet=0, vertexSet=0, v0=18, v1=21, v2=17}
22:50:35: Triangle 99 = {indexSet=0, vertexSet=0, v0=14, v1=13, v2=12}
22:50:35: Triangle 100 = {indexSet=0, vertexSet=0, v0=9, v1=11, v2=8}
22:50:35: Triangle 101 = {indexSet=0, vertexSet=0, v0=18, v1=17, v2=16}
22:50:35: Triangle 102 = {indexSet=0, vertexSet=0, v0=15, v1=14, v2=12}
22:50:35: Triangle 103 = {indexSet=0, vertexSet=0, v0=43, v1=23, v2=21}
22:50:35: Triangle 104 = {indexSet=0, vertexSet=0, v0=40, v1=42, v2=18}
22:50:35: Triangle 105 = {indexSet=0, vertexSet=0, v0=44, v1=25, v2=23}
22:50:35: Triangle 106 = {indexSet=0, vertexSet=0, v0=42, v1=43, v2=21}
22:50:35: Triangle 107 = {indexSet=0, vertexSet=0, v0=40, v1=18, v2=19}
22:50:35: Triangle 108 = {indexSet=0, vertexSet=0, v0=39, v1=38, v2=15}
22:50:35: Triangle 109 = {indexSet=0, vertexSet=0, v0=42, v1=21, v2=18}
22:50:35: Triangle 110 = {indexSet=0, vertexSet=0, v0=41, v1=40, v2=19}
22:50:35: Triangle 111 = {indexSet=0, vertexSet=0, v0=43, v1=44, v2=23}
22:50:35: Triangle 112 = {indexSet=0, vertexSet=0, v0=44, v1=45, v2=25}
22:50:35: Triangle 113 = {indexSet=0, vertexSet=0, v0=45, v1=27, v2=25}
22:50:35: Triangle 114 = {indexSet=0, vertexSet=0, v0=47, v1=46, v2=31}
22:50:35: Triangle 115 = {indexSet=0, vertexSet=0, v0=46, v1=30, v2=31}
22:50:35: Edge Group vertexSet=0
22:50:35: Edge 0 = {
  tri0=0, 
  tri1=67, 
  v0=72, 
  v1=73, 
  degenerate=false 
}
22:50:35: Edge 1 = {
  tri0=0, 
  tri1=1, 
  v0=73, 
  v1=44, 
  degenerate=false 
}
22:50:35: Edge 2 = {
  tri0=0, 
  tri1=7, 
  v0=44, 
  v1=72, 
  degenerate=false 
}
22:50:35: Edge 3 = {
  tri0=1, 
  tri1=2, 
  v0=73, 
  v1=45, 
  degenerate=false 
}
22:50:35: Edge 4 = {
  tri0=1, 
  tri1=112, 
  v0=45, 
  v1=44, 
  degenerate=false 
}
22:50:35: Edge 5 = {
  tri0=2, 
  tri1=61, 
  v0=75, 
  v1=74, 
  degenerate=false 
}
22:50:35: Edge 6 = {
  tri0=2, 
  tri1=3, 
  v0=74, 
  v1=47, 
  degenerate=false 
}
22:50:35: Edge 7 = {
  tri0=3, 
  tri1=22, 
  v0=74, 
  v1=46, 
  degenerate=false 
}
22:50:35: Edge 8 = {
  tri0=3, 
  tri1=114, 
  v0=46, 
  v1=47, 
  degenerate=false 
}
22:50:35: Edge 9 = {
  tri0=4, 
  tri1=53, 
  v0=70, 
  v1=71, 
  degenerate=false 
}
22:50:35: Edge 10 = {
  tri0=4, 
  tri1=5, 
  v0=71, 
  v1=42, 
  degenerate=false 
}
22:50:35: Edge 11 = {
  tri0=4, 
  tri1=27, 
  v0=42, 
  v1=70, 
  degenerate=false 
}
22:50:35: Edge 12 = {
  tri0=5, 
  tri1=6, 
  v0=71, 
  v1=43, 
  degenerate=false 
}
22:50:35: Edge 13 = {
  tri0=5, 
  tri1=106, 
  v0=43, 
  v1=42, 
  degenerate=false 
}
22:50:35: Edge 14 = {
  tri0=6, 
  tri1=65, 
  v0=71, 
  v1=72, 
  degenerate=false 
}
22:50:35: Edge 15 = {
  tri0=6, 
  tri1=7, 
  v0=72, 
  v1=43, 
  degenerate=false 
}
22:50:35: Edge 16 = {
  tri0=7, 
  tri1=111, 
  v0=44, 
  v1=43, 
  degenerate=false 
}
22:50:35: Edge 17 = {
  tri0=8, 
  tri1=16, 
  v0=76, 
  v1=60, 
  degenerate=false 
}
22:50:35: Edge 18 = {
  tri0=8, 
  tri1=22, 
  v0=60, 
  v1=61, 
  degenerate=false 
}
22:50:35: Edge 19 = {
  tri0=8, 
  tri1=14, 
  v0=61, 
  v1=76, 
  degenerate=false 
}
22:50:35: Edge 20 = {
  tri0=9, 
  tri1=56, 
  v0=80, 
  v1=64, 
  degenerate=false 
}
22:50:35: Edge 21 = {
  tri0=9, 
  tri1=30, 
  v0=64, 
  v1=63, 
  degenerate=false 
}
22:50:35: Edge 22 = {
  tri0=9, 
  tri1=12, 
  v0=63, 
  v1=80, 
  degenerate=false 
}
22:50:35: Edge 23 = {
  tri0=10, 
  tri1=40, 
  v0=78, 
  v1=79, 
  degenerate=false 
}
22:50:35: Edge 24 = {
  tri0=10, 
  tri1=15, 
  v0=79, 
  v1=62, 
  degenerate=false 
}
22:50:35: Edge 25 = {
  tri0=10, 
  tri1=13, 
  v0=62, 
  v1=78, 
  degenerate=false 
}
22:50:35: Edge 26 = {
  tri0=11, 
  tri1=58, 
  v0=81, 
  v1=65, 
  degenerate=false 
}
22:50:35: Edge 27 = {
  tri0=11, 
  tri1=32, 
  v0=65, 
  v1=64, 
  degenerate=false 
}
22:50:35: Edge 28 = {
  tri0=11, 
  tri1=56, 
  v0=64, 
  v1=81, 
  degenerate=false 
}
22:50:35: Edge 29 = {
  tri0=12, 
  tri1=38, 
  v0=79, 
  v1=80, 
  degenerate=false 
}
22:50:35: Edge 30 = {
  tri0=12, 
  tri1=15, 
  v0=63, 
  v1=79, 
  degenerate=false 
}
22:50:35: Edge 31 = {
  tri0=13, 
  tri1=18, 
  v0=62, 
  v1=60, 
  degenerate=false 
}
22:50:35: Edge 32 = {
  tri0=13, 
  tri1=16, 
  v0=60, 
  v1=78, 
  degenerate=false 
}
22:50:35: Edge 33 = {
  tri0=14, 
  tri1=36, 
  v0=77, 
  v1=76, 
  degenerate=false 
}
22:50:35: Edge 34 = {
  tri0=14, 
  tri1=61, 
  v0=61, 
  v1=77, 
  degenerate=false 
}
22:50:35: Edge 35 = {
  tri0=15, 
  tri1=20, 
  v0=63, 
  v1=62, 
  degenerate=false 
}
22:50:35: Edge 36 = {
  tri0=16, 
  tri1=34, 
  v0=76, 
  v1=78, 
  degenerate=false 
}
22:50:35: Edge 37 = {
  tri0=17, 
  tri1=51, 
  v0=68, 
  v1=70, 
  degenerate=false 
}
22:50:35: Edge 38 = {
  tri0=17, 
  tri1=27, 
  v0=70, 
  v1=40, 
  degenerate=false 
}
22:50:35: Edge 39 = {
  tri0=17, 
  tri1=25, 
  v0=40, 
  v1=68, 
  degenerate=false 
}
22:50:35: Edge 40 = {
  tri0=18, 
  tri1=19, 
  v0=62, 
  v1=32, 
  degenerate=false 
}
22:50:35: Edge 41 = {
  tri0=18, 
  tri1=23, 
  v0=32, 
  v1=60, 
  degenerate=false 
}
22:50:35: Edge 42 = {
  tri0=19, 
  tri1=20, 
  v0=62, 
  v1=34, 
  degenerate=false 
}
22:50:35: Edge 43 = {
  tri0=19, 
  tri1=82, 
  v0=34, 
  v1=32, 
  degenerate=false 
}
22:50:35: Edge 44 = {
  tri0=20, 
  tri1=21, 
  v0=63, 
  v1=34, 
  degenerate=false 
}
22:50:35: Edge 45 = {
  tri0=21, 
  tri1=30, 
  v0=63, 
  v1=35, 
  degenerate=false 
}
22:50:35: Edge 46 = {
  tri0=21, 
  tri1=84, 
  v0=35, 
  v1=34, 
  degenerate=false 
}
22:50:35: Edge 47 = {
  tri0=22, 
  tri1=23, 
  v0=60, 
  v1=33, 
  degenerate=false 
}
22:50:35: Edge 48 = {
  tri0=23, 
  tri1=70, 
  v0=32, 
  v1=33, 
  degenerate=false 
}
22:50:35: Edge 49 = {
  tri0=24, 
  tri1=32, 
  v0=64, 
  v1=36, 
  degenerate=false 
}
22:50:35: Edge 50 = {
  tri0=24, 
  tri1=78, 
  v0=36, 
  v1=35, 
  degenerate=false 
}
22:50:35: Edge 51 = {
  tri0=24, 
  tri1=30, 
  v0=35, 
  v1=64, 
  degenerate=false 
}
22:50:36: Edge 52 = {
  tri0=25, 
  tri1=110, 
  v0=40, 
  v1=41, 
  degenerate=false 
}
22:50:36: Edge 53 = {
  tri0=25, 
  tri1=28, 
  v0=41, 
  v1=68, 
  degenerate=false 
}
22:50:36: Edge 54 = {
  tri0=26, 
  tri1=55, 
  v0=67, 
  v1=66, 
  degenerate=false 
}
22:50:36: Edge 55 = {
  tri0=26, 
  tri1=31, 
  v0=66, 
  v1=39, 
  degenerate=false 
}
22:50:36: Edge 56 = {
  tri0=26, 
  tri1=29, 
  v0=39, 
  v1=67, 
  degenerate=false 
}
22:50:36: Edge 57 = {
  tri0=27, 
  tri1=104, 
  v0=42, 
  v1=40, 
  degenerate=false 
}
22:50:36: Edge 58 = {
  tri0=28, 
  tri1=57, 
  v0=69, 
  v1=68, 
  degenerate=false 
}
22:50:36: Edge 59 = {
  tri0=28, 
  tri1=31, 
  v0=41, 
  v1=69, 
  degenerate=false 
}
22:50:36: Edge 60 = {
  tri0=29, 
  tri1=80, 
  v0=37, 
  v1=36, 
  degenerate=false 
}
22:50:36: Edge 61 = {
  tri0=29, 
  tri1=32, 
  v0=36, 
  v1=65, 
  degenerate=false 
}
22:50:36: Edge 62 = {
  tri0=31, 
  tri1=108, 
  v0=38, 
  v1=39, 
  degenerate=false 
}
22:50:36: Edge 63 = {
  tri0=33, 
  tri1=60, 
  v0=103, 
  v1=102, 
  degenerate=false 
}
22:50:36: Edge 64 = {
  tri0=33, 
  tri1=66, 
  v0=102, 
  v1=100, 
  degenerate=false 
}
22:50:36: Edge 65 = {
  tri0=33, 
  tri1=36, 
  v0=100, 
  v1=103, 
  degenerate=false 
}
22:50:36: Edge 66 = {
  tri0=34, 
  tri1=39, 
  v0=101, 
  v1=98, 
  degenerate=false 
}
22:50:36: Edge 67 = {
  tri0=34, 
  tri1=37, 
  v0=98, 
  v1=99, 
  degenerate=false 
}
22:50:36: Edge 68 = {
  tri0=35, 
  tri1=46, 
  v0=106, 
  v1=105, 
  degenerate=false 
}
22:50:36: Edge 69 = {
  tri0=35, 
  tri1=94, 
  v0=105, 
  v1=104, 
  degenerate=false 
}
22:50:36: Edge 70 = {
  tri0=35, 
  tri1=41, 
  v0=104, 
  v1=106, 
  degenerate=false 
}
22:50:36: Edge 71 = {
  tri0=36, 
  tri1=39, 
  v0=100, 
  v1=101, 
  degenerate=false 
}
22:50:36: Edge 72 = {
  tri0=37, 
  tri1=59, 
  v0=98, 
  v1=96, 
  degenerate=false 
}
22:50:36: Edge 73 = {
  tri0=37, 
  tri1=40, 
  v0=96, 
  v1=99, 
  degenerate=false 
}
22:50:36: Edge 74 = {
  tri0=38, 
  tri1=50, 
  v0=97, 
  v1=93, 
  degenerate=false 
}
22:50:36: Edge 75 = {
  tri0=38, 
  tri1=63, 
  v0=93, 
  v1=94, 
  degenerate=false 
}
22:50:36: Edge 76 = {
  tri0=39, 
  tri1=64, 
  v0=100, 
  v1=98, 
  degenerate=false 
}
22:50:36: Edge 77 = {
  tri0=40, 
  tri1=50, 
  v0=96, 
  v1=97, 
  degenerate=false 
}
22:50:36: Edge 78 = {
  tri0=41, 
  tri1=101, 
  v0=107, 
  v1=106, 
  degenerate=false 
}
22:50:36: Edge 79 = {
  tri0=41, 
  tri1=99, 
  v0=104, 
  v1=107, 
  degenerate=false 
}
22:50:36: Edge 80 = {
  tri0=42, 
  tri1=73, 
  v0=111, 
  v1=113, 
  degenerate=false 
}
22:50:36: Edge 81 = {
  tri0=42, 
  tri1=43, 
  v0=113, 
  v1=110, 
  degenerate=false 
}
22:50:36: Edge 82 = {
  tri0=42, 
  tri1=49, 
  v0=110, 
  v1=111, 
  degenerate=false 
}
22:50:36: Edge 83 = {
  tri0=43, 
  tri1=44, 
  v0=113, 
  v1=112, 
  degenerate=false 
}
22:50:36: Edge 84 = {
  tri0=43, 
  tri1=93, 
  v0=112, 
  v1=110, 
  degenerate=false 
}
22:50:36: Edge 85 = {
  tri0=44, 
  tri1=75, 
  v0=113, 
  v1=115, 
  degenerate=false 
}
22:50:36: Edge 86 = {
  tri0=44, 
  tri1=45, 
  v0=115, 
  v1=112, 
  degenerate=false 
}
22:50:36: Edge 87 = {
  tri0=45, 
  tri1=69, 
  v0=115, 
  v1=114, 
  degenerate=false 
}
22:50:36: Edge 88 = {
  tri0=45, 
  tri1=91, 
  v0=114, 
  v1=112, 
  degenerate=false 
}
22:50:36: Edge 89 = {
  tri0=46, 
  tri1=95, 
  v0=106, 
  v1=109, 
  degenerate=false 
}
22:50:36: Edge 90 = {
  tri0=46, 
  tri1=47, 
  v0=109, 
  v1=105, 
  degenerate=false 
}
22:50:36: Edge 91 = {
  tri0=47, 
  tri1=48, 
  v0=109, 
  v1=108, 
  degenerate=false 
}
22:50:36: Edge 92 = {
  tri0=47, 
  tri1=89, 
  v0=108, 
  v1=105, 
  degenerate=false 
}
22:50:36: Edge 93 = {
  tri0=48, 
  tri1=97, 
  v0=109, 
  v1=111, 
  degenerate=false 
}
22:50:36: Edge 94 = {
  tri0=48, 
  tri1=49, 
  v0=111, 
  v1=108, 
  degenerate=false 
}
22:50:36: Edge 95 = {
  tri0=49, 
  tri1=87, 
  v0=110, 
  v1=108, 
  degenerate=false 
}
22:50:36: Edge 96 = {
  tri0=50, 
  tri1=54, 
  v0=96, 
  v1=93, 
  degenerate=false 
}
22:50:36: Edge 97 = {
  tri0=51, 
  tri1=59, 
  v0=86, 
  v1=70, 
  degenerate=false 
}
22:50:36: Edge 98 = {
  tri0=51, 
  tri1=54, 
  v0=68, 
  v1=86, 
  degenerate=false 
}
22:50:36: Edge 99 = {
  tri0=52, 
  tri1=63, 
  v0=85, 
  v1=84, 
  degenerate=false 
}
22:50:36: Edge 100 = {
  tri0=52, 
  tri1=57, 
  v0=84, 
  v1=69, 
  degenerate=false 
}
22:50:36: Edge 101 = {
  tri0=52, 
  tri1=55, 
  v0=69, 
  v1=85, 
  degenerate=false 
}
22:50:36: Edge 102 = {
  tri0=53, 
  tri1=64, 
  v0=87, 
  v1=71, 
  degenerate=false 
}
22:50:36: Edge 103 = {
  tri0=53, 
  tri1=59, 
  v0=70, 
  v1=87, 
  degenerate=false 
}
22:50:36: Edge 104 = {
  tri0=54, 
  tri1=57, 
  v0=68, 
  v1=84, 
  degenerate=false 
}
22:50:36: Edge 105 = {
  tri0=55, 
  tri1=58, 
  v0=67, 
  v1=82, 
  degenerate=false 
}
22:50:36: Edge 106 = {
  tri0=56, 
  tri1=62, 
  v0=80, 
  v1=81, 
  degenerate=false 
}
22:50:36: Edge 107 = {
  tri0=58, 
  tri1=62, 
  v0=83, 
  v1=82, 
  degenerate=false 
}
22:50:36: Edge 108 = {
  tri0=60, 
  tri1=61, 
  v0=90, 
  v1=75, 
  degenerate=false 
}
22:50:36: Edge 109 = {
  tri0=60, 
  tri1=67, 
  v0=75, 
  v1=91, 
  degenerate=false 
}
22:50:36: Edge 110 = {
  tri0=62, 
  tri1=63, 
  v0=94, 
  v1=92, 
  degenerate=false 
}
22:50:36: Edge 111 = {
  tri0=64, 
  tri1=65, 
  v0=88, 
  v1=71, 
  degenerate=false 
}
22:50:36: Edge 112 = {
  tri0=65, 
  tri1=66, 
  v0=88, 
  v1=72, 
  degenerate=false 
}
22:50:36: Edge 113 = {
  tri0=66, 
  tri1=67, 
  v0=89, 
  v1=72, 
  degenerate=false 
}
22:50:36: Edge 114 = {
  tri0=68, 
  tri1=115, 
  v0=31, 
  v1=30, 
  degenerate=false 
}
22:50:36: Edge 115 = {
  tri0=68, 
  tri1=69, 
  v0=30, 
  v1=28, 
  degenerate=false 
}
22:50:36: Edge 116 = {
  tri0=68, 
  tri1=75, 
  v0=28, 
  v1=31, 
  degenerate=false 
}
22:50:36: Edge 117 = {
  tri0=69, 
  tri1=90, 
  v0=30, 
  v1=29, 
  degenerate=false 
}
22:50:36: Edge 118 = {
  tri0=70, 
  tri1=71, 
  v0=32, 
  v1=3, 
  degenerate=false 
}
22:50:36: Edge 119 = {
  tri0=70, 
  tri1=115, 
  v0=3, 
  v1=33, 
  degenerate=false 
}
22:50:36: Edge 120 = {
  tri0=71, 
  tri1=82, 
  v0=32, 
  v1=2, 
  degenerate=false 
}
22:50:36: Edge 121 = {
  tri0=71, 
  tri1=90, 
  v0=2, 
  v1=3, 
  degenerate=false 
}
22:50:36: Edge 122 = {
  tri0=72, 
  tri1=105, 
  v0=23, 
  v1=25, 
  degenerate=false 
}
22:50:36: Edge 123 = {
  tri0=72, 
  tri1=73, 
  v0=25, 
  v1=22, 
  degenerate=false 
}
22:50:36: Edge 124 = {
  tri0=72, 
  tri1=97, 
  v0=22, 
  v1=23, 
  degenerate=false 
}
22:50:36: Edge 125 = {
  tri0=73, 
  tri1=74, 
  v0=25, 
  v1=24, 
  degenerate=false 
}
22:50:36: Edge 126 = {
  tri0=74, 
  tri1=113, 
  v0=25, 
  v1=27, 
  degenerate=false 
}
22:50:36: Edge 127 = {
  tri0=74, 
  tri1=75, 
  v0=27, 
  v1=24, 
  degenerate=false 
}
22:50:36: Edge 128 = {
  tri0=76, 
  tri1=84, 
  v0=34, 
  v1=5, 
  degenerate=false 
}
22:50:36: Edge 129 = {
  tri0=76, 
  tri1=92, 
  v0=5, 
  v1=2, 
  degenerate=false 
}
22:50:36: Edge 130 = {
  tri0=76, 
  tri1=82, 
  v0=2, 
  v1=34, 
  degenerate=false 
}
22:50:36: Edge 131 = {
  tri0=77, 
  tri1=108, 
  v0=37, 
  v1=11, 
  degenerate=false 
}
22:50:36: Edge 132 = {
  tri0=77, 
  tri1=100, 
  v0=11, 
  v1=9, 
  degenerate=false 
}
22:50:36: Edge 133 = {
  tri0=77, 
  tri1=80, 
  v0=9, 
  v1=37, 
  degenerate=false 
}
22:50:36: Edge 134 = {
  tri0=78, 
  tri1=83, 
  v0=36, 
  v1=7, 
  degenerate=false 
}
22:50:36: Edge 135 = {
  tri0=78, 
  tri1=81, 
  v0=7, 
  v1=35, 
  degenerate=false 
}
22:50:36: Edge 136 = {
  tri0=79, 
  tri1=110, 
  v0=38, 
  v1=14, 
  degenerate=false 
}
22:50:36: Edge 137 = {
  tri0=79, 
  tri1=102, 
  v0=14, 
  v1=15, 
  degenerate=false 
}
22:50:36: Edge 138 = {
  tri0=79, 
  tri1=108, 
  v0=15, 
  v1=38, 
  degenerate=false 
}
22:50:36: Edge 139 = {
  tri0=80, 
  tri1=83, 
  v0=9, 
  v1=36, 
  degenerate=false 
}
22:50:36: Edge 140 = {
  tri0=81, 
  tri1=86, 
  v0=7, 
  v1=5, 
  degenerate=false 
}
22:50:36: Edge 141 = {
  tri0=81, 
  tri1=84, 
  v0=5, 
  v1=35, 
  degenerate=false 
}
22:50:36: Edge 142 = {
  tri0=83, 
  tri1=88, 
  v0=9, 
  v1=7, 
  degenerate=false 
}
22:50:36: Edge 143 = {
  tri0=85, 
  tri1=103, 
  v0=21, 
  v1=23, 
  degenerate=false 
}
22:50:36: Edge 144 = {
  tri0=85, 
  tri1=97, 
  v0=23, 
  v1=20, 
  degenerate=false 
}
22:50:36: Edge 145 = {
  tri0=85, 
  tri1=95, 
  v0=20, 
  v1=21, 
  degenerate=false 
}
22:50:36: Edge 146 = {
  tri0=86, 
  tri1=87, 
  v0=7, 
  v1=4, 
  degenerate=false 
}
22:50:36: Edge 147 = {
  tri0=86, 
  tri1=93, 
  v0=4, 
  v1=5, 
  degenerate=false 
}
22:50:36: Edge 148 = {
  tri0=87, 
  tri1=88, 
  v0=7, 
  v1=6, 
  degenerate=false 
}
22:50:36: Edge 149 = {
  tri0=88, 
  tri1=89, 
  v0=9, 
  v1=6, 
  degenerate=false 
}
22:50:36: Edge 150 = {
  tri0=89, 
  tri1=100, 
  v0=9, 
  v1=8, 
  degenerate=false 
}
22:50:36: Edge 151 = {
  tri0=90, 
  tri1=91, 
  v0=2, 
  v1=0, 
  degenerate=false 
}
22:50:36: Edge 152 = {
  tri0=91, 
  tri1=92, 
  v0=2, 
  v1=1, 
  degenerate=false 
}
22:50:36: Edge 153 = {
  tri0=92, 
  tri1=93, 
  v0=5, 
  v1=1, 
  degenerate=false 
}
22:50:36: Edge 154 = {
  tri0=94, 
  tri1=102, 
  v0=11, 
  v1=10, 
  degenerate=false 
}
22:50:36: Edge 155 = {
  tri0=94, 
  tri1=100, 
  v0=8, 
  v1=11, 
  degenerate=false 
}
22:50:36: Edge 156 = {
  tri0=95, 
  tri1=98, 
  v0=17, 
  v1=21, 
  degenerate=false 
}
22:50:36: Edge 157 = {
  tri0=96, 
  tri1=107, 
  v0=19, 
  v1=18, 
  degenerate=false 
}
22:50:36: Edge 158 = {
  tri0=96, 
  tri1=101, 
  v0=18, 
  v1=16, 
  degenerate=false 
}
22:50:36: Edge 159 = {
  tri0=96, 
  tri1=99, 
  v0=16, 
  v1=19, 
  degenerate=false 
}
22:50:36: Edge 160 = {
  tri0=98, 
  tri1=109, 
  v0=18, 
  v1=21, 
  degenerate=false 
}
22:50:36: Edge 161 = {
  tri0=98, 
  tri1=101, 
  v0=17, 
  v1=18, 
  degenerate=false 
}
22:50:36: Edge 162 = {
  tri0=99, 
  tri1=102, 
  v0=12, 
  v1=14, 
  degenerate=false 
}
22:50:36: Edge 163 = {
  tri0=103, 
  tri1=111, 
  v0=43, 
  v1=23, 
  degenerate=false 
}
22:50:36: Edge 164 = {
  tri0=103, 
  tri1=106, 
  v0=21, 
  v1=43, 
  degenerate=false 
}
22:50:36: Edge 165 = {
  tri0=104, 
  tri1=109, 
  v0=42, 
  v1=18, 
  degenerate=false 
}
22:50:36: Edge 166 = {
  tri0=104, 
  tri1=107, 
  v0=18, 
  v1=40, 
  degenerate=false 
}
22:50:36: Edge 167 = {
  tri0=105, 
  tri1=112, 
  v0=44, 
  v1=25, 
  degenerate=false 
}
22:50:36: Edge 168 = {
  tri0=105, 
  tri1=111, 
  v0=23, 
  v1=44, 
  degenerate=false 
}
22:50:36: Edge 169 = {
  tri0=106, 
  tri1=109, 
  v0=21, 
  v1=42, 
  degenerate=false 
}
22:50:36: Edge 170 = {
  tri0=107, 
  tri1=110, 
  v0=19, 
  v1=40, 
  degenerate=false 
}
22:50:36: Edge 171 = {
  tri0=112, 
  tri1=113, 
  v0=45, 
  v1=25, 
  degenerate=false 
}
22:50:36: Edge 172 = {
  tri0=113, 
  tri1=114, 
  v0=45, 
  v1=27, 
  degenerate=false 
}
22:50:36: Edge 173 = {
  tri0=114, 
  tri1=115, 
  v0=46, 
  v1=31, 
  degenerate=false 
}
