 ---------------------------------------------------------------------------------------------------------------------------------- 
                                          loging report for : 04/03/2010   17:34:06
 ---------------------------------------------------------------------------------------------------------------------------------- 

17:34:06  |  General  |  Info  |  * Initialise: Gui  |  .\src\MyGUI_Gui.cpp  |  54
17:34:06  |  General  |  Info  |  * MyGUI version 2.2.3  |  .\src\MyGUI_Gui.cpp  |  58
17:34:06  |  General  |  Info  |  Viewport : 1280 768  |  .\src\MyGUI_Gui.cpp  |  68
17:34:06  |  General  |  Info  |  * Initialise: ResourceManager  |  .\src\MyGUI_ResourceManager.cpp  |  41
17:34:06  |  General  |  Info  |  ResourceManager successfully initialized  |  .\src\MyGUI_ResourceManager.cpp  |  53
17:34:06  |  General  |  Info  |  * Initialise: LayerManager  |  .\src\MyGUI_LayerManager.cpp  |  41
17:34:06  |  General  |  Info  |  LayerManager successfully initialized  |  .\src\MyGUI_LayerManager.cpp  |  73
17:34:06  |  General  |  Info  |  * Initialise: WidgetManager  |  .\src\MyGUI_WidgetManager.cpp  |  62
17:34:06  |  General  |  Info  |  * Register widget factory 'Widget'  |  .\src\MyGUI_WidgetManager.cpp  |  118
17:34:06  |  General  |  Info  |  * Register widget factory 'Button'  |  .\src\MyGUI_WidgetManager.cpp  |  118
17:34:06  |  General  |  Info  |  * Register widget factory 'Window'  |  .\src\MyGUI_WidgetManager.cpp  |  118
17:34:06  |  General  |  Info  |  * Register widget factory 'List'  |  .\src\MyGUI_WidgetManager.cpp  |  118
17:34:06  |  General  |  Info  |  * Register widget factory 'HScroll'  |  .\src\MyGUI_WidgetManager.cpp  |  118
17:34:06  |  General  |  Info  |  * Register widget factory 'VScroll'  |  .\src\MyGUI_WidgetManager.cpp  |  118
17:34:06  |  General  |  Info  |  * Register widget factory 'Edit'  |  .\src\MyGUI_WidgetManager.cpp  |  118
17:34:06  |  General  |  Info  |  * Register widget factory 'ComboBox'  |  .\src\MyGUI_WidgetManager.cpp  |  118
17:34:06  |  General  |  Info  |  * Register widget factory 'StaticText'  |  .\src\MyGUI_WidgetManager.cpp  |  118
17:34:06  |  General  |  Info  |  * Register widget factory 'Tab'  |  .\src\MyGUI_WidgetManager.cpp  |  118
17:34:06  |  General  |  Info  |  * Register widget factory 'TabItem'  |  .\src\MyGUI_WidgetManager.cpp  |  118
17:34:06  |  General  |  Info  |  * Register widget factory 'TabItem'  |  .\src\MyGUI_WidgetManager.cpp  |  118
17:34:06  |  General  |  Info  |  * Register widget factory 'Sheet'  |  .\src\MyGUI_WidgetManager.cpp  |  118
17:34:06  |  General  |  Info  |  * Register widget factory 'Progress'  |  .\src\MyGUI_WidgetManager.cpp  |  118
17:34:06  |  General  |  Info  |  * Register widget factory 'ItemBox'  |  .\src\MyGUI_WidgetManager.cpp  |  118
17:34:06  |  General  |  Info  |  * Register widget factory 'MultiList'  |  .\src\MyGUI_WidgetManager.cpp  |  118
17:34:06  |  General  |  Info  |  * Register widget factory 'StaticImage'  |  .\src\MyGUI_WidgetManager.cpp  |  118
17:34:06  |  General  |  Info  |  * Register widget factory 'Message'  |  .\src\MyGUI_WidgetManager.cpp  |  118
17:34:06  |  General  |  Info  |  * Register widget factory 'RenderBox'  |  .\src\MyGUI_WidgetManager.cpp  |  118
17:34:06  |  General  |  Info  |  * Register widget factory 'MenuCtrl'  |  .\src\MyGUI_WidgetManager.cpp  |  118
17:34:06  |  General  |  Info  |  * Register widget factory 'MenuItem'  |  .\src\MyGUI_WidgetManager.cpp  |  118
17:34:06  |  General  |  Info  |  * Register widget factory 'PopupMenu'  |  .\src\MyGUI_WidgetManager.cpp  |  118
17:34:06  |  General  |  Info  |  * Register widget factory 'MenuBar'  |  .\src\MyGUI_WidgetManager.cpp  |  118
17:34:06  |  General  |  Info  |  * Register widget factory 'ScrollView'  |  .\src\MyGUI_WidgetManager.cpp  |  118
17:34:06  |  General  |  Info  |  * Register widget factory 'DDContainer'  |  .\src\MyGUI_WidgetManager.cpp  |  118
17:34:06  |  General  |  Info  |  * Register widget factory 'Canvas'  |  .\src\MyGUI_WidgetManager.cpp  |  118
17:34:06  |  General  |  Info  |  WidgetManager successfully initialized  |  .\src\MyGUI_WidgetManager.cpp  |  93
17:34:06  |  General  |  Info  |  * Initialise: InputManager  |  .\src\MyGUI_InputManager.cpp  |  51
17:34:06  |  General  |  Info  |  InputManager successfully initialized  |  .\src\MyGUI_InputManager.cpp  |  74
17:34:06  |  General  |  Info  |  * Initialise: SubWidgetManager  |  .\src\MyGUI_SubWidgetManager.cpp  |  33
17:34:06  |  General  |  Info  |  SubWidgetManager successfully initialized  |  .\src\MyGUI_SubWidgetManager.cpp  |  49
17:34:06  |  General  |  Info  |  * Initialise: SkinManager  |  .\src\MyGUI_SkinManager.cpp  |  40
17:34:06  |  General  |  Info  |  SkinManager successfully initialized  |  .\src\MyGUI_SkinManager.cpp  |  46
17:34:06  |  General  |  Info  |  * Initialise: FontManager  |  .\src\MyGUI_FontManager.cpp  |  44
17:34:06  |  General  |  Info  |  FontManager successfully initialized  |  .\src\MyGUI_FontManager.cpp  |  48
17:34:06  |  General  |  Info  |  * Initialise: ControllerManager  |  .\src\MyGUI_ControllerManager.cpp  |  36
17:34:06  |  General  |  Info  |  ControllerManager successfully initialized  |  .\src\MyGUI_ControllerManager.cpp  |  40
17:34:06  |  General  |  Info  |  * Initialise: PointerManager  |  .\src\MyGUI_PointerManager.cpp  |  41
17:34:06  |  General  |  Info  |  PointerManager successfully initialized  |  .\src\MyGUI_PointerManager.cpp  |  50
17:34:06  |  General  |  Info  |  * Initialise: ClipboardManager  |  .\src\MyGUI_ClipboardManager.cpp  |  35
17:34:06  |  General  |  Info  |  ClipboardManager successfully initialized  |  .\src\MyGUI_ClipboardManager.cpp  |  44
17:34:06  |  General  |  Info  |  * Initialise: LayoutManager  |  .\src\MyGUI_LayoutManager.cpp  |  41
17:34:06  |  General  |  Info  |  LayoutManager successfully initialized  |  .\src\MyGUI_LayoutManager.cpp  |  47
17:34:06  |  General  |  Info  |  * Initialise: DynLibManager  |  .\src\MyGUI_DynLibManager.cpp  |  34
17:34:06  |  General  |  Info  |  DynLibManager successfully initialized  |  .\src\MyGUI_DynLibManager.cpp  |  36
17:34:06  |  General  |  Info  |  * Initialise: PluginManager  |  .\src\MyGUI_PluginManager.cpp  |  36
17:34:06  |  General  |  Info  |  PluginManager successfully initialized  |  .\src\MyGUI_PluginManager.cpp  |  40
17:34:06  |  General  |  Info  |  * Initialise: LanguageManager  |  .\src\MyGUI_LanguageManager.cpp  |  37
17:34:06  |  General  |  Info  |  LanguageManager successfully initialized  |  .\src\MyGUI_LanguageManager.cpp  |  44
17:34:06  |  General  |  Info  |  Load ini file 'core_keyboard.xml' from resource group : General  |  .\src\MyGUI_ResourceManager.cpp  |  171
17:34:06  |  General  |  Info  |  Load ini file 'core_language.xml' from resource group : General  |  .\src\MyGUI_ResourceManager.cpp  |  171
17:34:06  |  General  |  Info  |  Load ini file 'core_layer.xml' from resource group : General  |  .\src\MyGUI_ResourceManager.cpp  |  171
17:34:06  |  General  |  Info  |  Load ini file 'core_font.xml' from resource group : General  |  .\src\MyGUI_ResourceManager.cpp  |  171
17:34:06  |  General  |  Info  |  Load ini file 'core_theme.xml' from resource group : General  |  .\src\MyGUI_ResourceManager.cpp  |  171
17:34:06  |  General  |  Info  |  Load ini file 'core_resource.xml' from resource group : General  |  .\src\MyGUI_ResourceManager.cpp  |  171
17:34:06  |  General  |  Info  |  Load ini file 'core_skin.xml' from resource group : General  |  .\src\MyGUI_ResourceManager.cpp  |  171
17:34:06  |  General  |  Info  |  Load ini file 'core_pointer.xml' from resource group : General  |  .\src\MyGUI_ResourceManager.cpp  |  171
17:34:06  |  General  |  Info  |  Gui successfully initialized  |  .\src\MyGUI_Gui.cpp  |  112
17:34:06  |  General  |  Info  |  Font 'Default' using texture size 512 x 256  |  .\src\MyGUI_Font.cpp  |  218
17:34:06  |  General  |  Info  |  Font 'Default' using real height 17 pixels  |  .\src\MyGUI_Font.cpp  |  219
17:34:10  |  General  |  Info  |  * Shutdown: Gui  |  .\src\MyGUI_Gui.cpp  |  119
17:34:10  |  General  |  Info  |  * Shutdown: PointerManager  |  .\src\MyGUI_PointerManager.cpp  |  57
17:34:10  |  General  |  Info  |  PointerManager successfully shutdown  |  .\src\MyGUI_PointerManager.cpp  |  67
17:34:10  |  General  |  Info  |  * Shutdown: InputManager  |  .\src\MyGUI_InputManager.cpp  |  81
17:34:10  |  General  |  Info  |  InputManager successfully shutdown  |  .\src\MyGUI_InputManager.cpp  |  87
17:34:10  |  General  |  Info  |  * Shutdown: SkinManager  |  .\src\MyGUI_SkinManager.cpp  |  53
17:34:10  |  General  |  Info  |  SkinManager successfully shutdown  |  .\src\MyGUI_SkinManager.cpp  |  64
17:34:10  |  General  |  Info  |  * Shutdown: SubWidgetManager  |  .\src\MyGUI_SubWidgetManager.cpp  |  56
17:34:10  |  General  |  Info  |  SubWidgetManager successfully shutdown  |  .\src\MyGUI_SubWidgetManager.cpp  |  67
17:34:10  |  General  |  Info  |  * Shutdown: LayerManager  |  .\src\MyGUI_LayerManager.cpp  |  80
17:34:10  |  General  |  Info  |  destroy layer 'Back'  |  .\src\MyGUI_LayerManager.cpp  |  292
17:34:10  |  General  |  Info  |  destroy layer 'Overlapped'  |  .\src\MyGUI_LayerManager.cpp  |  292
17:34:10  |  General  |  Info  |  destroy layer 'Middle'  |  .\src\MyGUI_LayerManager.cpp  |  292
17:34:10  |  General  |  Info  |  destroy layer 'Modal'  |  .\src\MyGUI_LayerManager.cpp  |  292
17:34:10  |  General  |  Info  |  destroy layer 'Main'  |  .\src\MyGUI_LayerManager.cpp  |  292
17:34:10  |  General  |  Info  |  destroy layer 'Popup'  |  .\src\MyGUI_LayerManager.cpp  |  292
17:34:10  |  General  |  Info  |  destroy layer 'FadeMiddle'  |  .\src\MyGUI_LayerManager.cpp  |  292
17:34:10  |  General  |  Info  |  destroy layer 'Info'  |  .\src\MyGUI_LayerManager.cpp  |  292
17:34:10  |  General  |  Info  |  destroy layer 'ToolTip'  |  .\src\MyGUI_LayerManager.cpp  |  292
17:34:10  |  General  |  Info  |  destroy layer 'DragAndDrop'  |  .\src\MyGUI_LayerManager.cpp  |  292
17:34:10  |  General  |  Info  |  destroy layer 'FadeBusy'  |  .\src\MyGUI_LayerManager.cpp  |  292
17:34:10  |  General  |  Info  |  destroy layer 'Pointer'  |  .\src\MyGUI_LayerManager.cpp  |  292
17:34:10  |  General  |  Info  |  destroy layer 'Fade'  |  .\src\MyGUI_LayerManager.cpp  |  292
17:34:10  |  General  |  Info  |  destroy layer 'Statistic'  |  .\src\MyGUI_LayerManager.cpp  |  292
17:34:10  |  General  |  Info  |  LayerManager successfully shutdown  |  .\src\MyGUI_LayerManager.cpp  |  96
17:34:10  |  General  |  Info  |  * Shutdown: FontManager  |  .\src\MyGUI_FontManager.cpp  |  55
17:34:10  |  General  |  Info  |  FontManager successfully shutdown  |  .\src\MyGUI_FontManager.cpp  |  59
17:34:10  |  General  |  Info  |  * Shutdown: ControllerManager  |  .\src\MyGUI_ControllerManager.cpp  |  47
17:34:10  |  General  |  Info  |  ControllerManager successfully shutdown  |  .\src\MyGUI_ControllerManager.cpp  |  52
17:34:10  |  General  |  Info  |  * Shutdown: ClipboardManager  |  .\src\MyGUI_ClipboardManager.cpp  |  51
17:34:10  |  General  |  Info  |  ClipboardManager successfully shutdown  |  .\src\MyGUI_ClipboardManager.cpp  |  53
17:34:10  |  General  |  Info  |  * Shutdown: LayoutManager  |  .\src\MyGUI_LayoutManager.cpp  |  54
17:34:10  |  General  |  Info  |  LayoutManager successfully shutdown  |  .\src\MyGUI_LayoutManager.cpp  |  58
17:34:10  |  General  |  Info  |  * Shutdown: PluginManager  |  .\src\MyGUI_PluginManager.cpp  |  47
17:34:10  |  General  |  Info  |  PluginManager successfully shutdown  |  .\src\MyGUI_PluginManager.cpp  |  52
17:34:10  |  General  |  Info  |  * Shutdown: DynLibManager  |  .\src\MyGUI_DynLibManager.cpp  |  43
17:34:10  |  General  |  Info  |  DynLibManager successfully shutdown  |  .\src\MyGUI_DynLibManager.cpp  |  57
17:34:10  |  General  |  Info  |  * Shutdown: LanguageManager  |  .\src\MyGUI_LanguageManager.cpp  |  51
17:34:10  |  General  |  Info  |  LanguageManager successfully shutdown  |  .\src\MyGUI_LanguageManager.cpp  |  55
17:34:10  |  General  |  Info  |  * Shutdown: ResourceManager  |  .\src\MyGUI_ResourceManager.cpp  |  60
17:34:10  |  General  |  Info  |  ResourceManager successfully shutdown  |  .\src\MyGUI_ResourceManager.cpp  |  71
17:34:10  |  General  |  Info  |  * Shutdown: WidgetManager  |  .\src\MyGUI_WidgetManager.cpp  |  100
17:34:10  |  General  |  Info  |  * Unregister widget factory 'Widget'  |  .\src\MyGUI_WidgetManager.cpp  |  125
17:34:10  |  General  |  Info  |  * Unregister widget factory 'Button'  |  .\src\MyGUI_WidgetManager.cpp  |  125
17:34:10  |  General  |  Info  |  * Unregister widget factory 'Window'  |  .\src\MyGUI_WidgetManager.cpp  |  125
17:34:10  |  General  |  Info  |  * Unregister widget factory 'List'  |  .\src\MyGUI_WidgetManager.cpp  |  125
17:34:10  |  General  |  Info  |  * Unregister widget factory 'HScroll'  |  .\src\MyGUI_WidgetManager.cpp  |  125
17:34:10  |  General  |  Info  |  * Unregister widget factory 'VScroll'  |  .\src\MyGUI_WidgetManager.cpp  |  125
17:34:10  |  General  |  Info  |  * Unregister widget factory 'Edit'  |  .\src\MyGUI_WidgetManager.cpp  |  125
17:34:10  |  General  |  Info  |  * Unregister widget factory 'ComboBox'  |  .\src\MyGUI_WidgetManager.cpp  |  125
17:34:10  |  General  |  Info  |  * Unregister widget factory 'StaticText'  |  .\src\MyGUI_WidgetManager.cpp  |  125
17:34:10  |  General  |  Info  |  * Unregister widget factory 'Tab'  |  .\src\MyGUI_WidgetManager.cpp  |  125
17:34:10  |  General  |  Info  |  * Unregister widget factory 'TabItem'  |  .\src\MyGUI_WidgetManager.cpp  |  125
17:34:10  |  General  |  Info  |  * Unregister widget factory 'Progress'  |  .\src\MyGUI_WidgetManager.cpp  |  125
17:34:10  |  General  |  Info  |  * Unregister widget factory 'ItemBox'  |  .\src\MyGUI_WidgetManager.cpp  |  125
17:34:10  |  General  |  Info  |  * Unregister widget factory 'MultiList'  |  .\src\MyGUI_WidgetManager.cpp  |  125
17:34:10  |  General  |  Info  |  * Unregister widget factory 'StaticImage'  |  .\src\MyGUI_WidgetManager.cpp  |  125
17:34:10  |  General  |  Info  |  * Unregister widget factory 'Message'  |  .\src\MyGUI_WidgetManager.cpp  |  125
17:34:10  |  General  |  Info  |  * Unregister widget factory 'RenderBox'  |  .\src\MyGUI_WidgetManager.cpp  |  125
17:34:10  |  General  |  Info  |  * Unregister widget factory 'MenuCtrl'  |  .\src\MyGUI_WidgetManager.cpp  |  125
17:34:10  |  General  |  Info  |  * Unregister widget factory 'MenuItem'  |  .\src\MyGUI_WidgetManager.cpp  |  125
17:34:10  |  General  |  Info  |  * Unregister widget factory 'PopupMenu'  |  .\src\MyGUI_WidgetManager.cpp  |  125
17:34:10  |  General  |  Info  |  * Unregister widget factory 'MenuBar'  |  .\src\MyGUI_WidgetManager.cpp  |  125
17:34:10  |  General  |  Info  |  * Unregister widget factory 'ScrollView'  |  .\src\MyGUI_WidgetManager.cpp  |  125
17:34:10  |  General  |  Info  |  * Unregister widget factory 'DDContainer'  |  .\src\MyGUI_WidgetManager.cpp  |  125
17:34:10  |  General  |  Info  |  * Unregister widget factory 'Canvas'  |  .\src\MyGUI_WidgetManager.cpp  |  125
17:34:10  |  General  |  Info  |  WidgetManager successfully shutdown  |  .\src\MyGUI_WidgetManager.cpp  |  111
17:34:10  |  General  |  Info  |  Gui successfully shutdown  |  .\src\MyGUI_Gui.cpp  |  162
