11:54:31: Creating resource group General
11:54:31: Creating resource group Internal
11:54:31: Creating resource group Autodetect
11:54:31: SceneManagerFactory for type 'DefaultSceneManager' registered.
11:54:31: Registering ResourceManager for type Material
11:54:31: Registering ResourceManager for type Mesh
11:54:31: Registering ResourceManager for type Skeleton
11:54:31: MovableObjectFactory for type 'ParticleSystem' registered.
11:54:31: OverlayElementFactory for type Panel registered.
11:54:31: OverlayElementFactory for type BorderPanel registered.
11:54:31: OverlayElementFactory for type TextArea registered.
11:54:31: Registering ResourceManager for type Font
11:54:31: ArchiveFactory for archive type FileSystem registered.
11:54:31: ArchiveFactory for archive type Zip registered.
11:54:31: FreeImage version: 3.10.0
11:54:31: This program uses FreeImage, a free, open source image library supporting all common bitmap formats. See http://freeimage.sourceforge.net for details
11:54:31: Supported formats: bmp,ico,jpg,jif,jpeg,jpe,jng,koa,iff,lbm,mng,pbm,pbm,pcd,pcx,pgm,pgm,png,ppm,ppm,ras,tga,targa,tif,tiff,wap,wbmp,wbm,psd,cut,xbm,xpm,gif,hdr,g3,sgi,exr,j2k,j2c,jp2
11:54:31: DDS codec registering
11:54:31: Registering ResourceManager for type HighLevelGpuProgram
11:54:31: Registering ResourceManager for type Compositor
11:54:31: MovableObjectFactory for type 'Entity' registered.
11:54:31: MovableObjectFactory for type 'Light' registered.
11:54:31: MovableObjectFactory for type 'BillboardSet' registered.
11:54:31: MovableObjectFactory for type 'ManualObject' registered.
11:54:31: MovableObjectFactory for type 'BillboardChain' registered.
11:54:31: MovableObjectFactory for type 'RibbonTrail' registered.
11:54:31: Loading library .\RenderSystem_Direct3D9
11:54:31: Installing plugin: D3D9 RenderSystem
11:54:31: D3D9 : Direct3D9 Rendering Subsystem created.
11:54:31: D3D9: Driver Detection Starts
11:54:31: D3D9: Driver Detection Ends
11:54:31: Plugin successfully installed
11:54:31: Loading library .\RenderSystem_GL
11:54:31: Installing plugin: GL RenderSystem
11:54:31: OpenGL Rendering Subsystem created.
11:54:32: Plugin successfully installed
11:54:32: Loading library .\Plugin_ParticleFX
11:54:32: Installing plugin: ParticleFX
11:54:32: Particle Emitter Type 'Point' registered
11:54:32: Particle Emitter Type 'Box' registered
11:54:32: Particle Emitter Type 'Ellipsoid' registered
11:54:32: Particle Emitter Type 'Cylinder' registered
11:54:32: Particle Emitter Type 'Ring' registered
11:54:32: Particle Emitter Type 'HollowEllipsoid' registered
11:54:32: Particle Affector Type 'LinearForce' registered
11:54:32: Particle Affector Type 'ColourFader' registered
11:54:32: Particle Affector Type 'ColourFader2' registered
11:54:32: Particle Affector Type 'ColourImage' registered
11:54:32: Particle Affector Type 'ColourInterpolator' registered
11:54:32: Particle Affector Type 'Scaler' registered
11:54:32: Particle Affector Type 'Rotator' registered
11:54:32: Particle Affector Type 'DirectionRandomiser' registered
11:54:32: Particle Affector Type 'DeflectorPlane' registered
11:54:32: Plugin successfully installed
11:54:32: Loading library .\Plugin_BSPSceneManager
11:54:32: Installing plugin: BSP Scene Manager
11:54:32: Plugin successfully installed
11:54:32: Loading library .\Plugin_CgProgramManager
11:54:32: Installing plugin: Cg Program Manager
11:54:32: Plugin successfully installed
11:54:32: Loading library .\Plugin_PCZSceneManager.dll
11:54:32: Installing plugin: Portal Connected Zone Scene Manager
11:54:32: PCZone Factory Type 'ZoneType_Default' registered
11:54:32: Plugin successfully installed
11:54:32: Loading library .\Plugin_OctreeZone.dll
11:54:32: Installing plugin: Octree Zone Factory
11:54:32: Plugin successfully installed
11:54:32: Loading library .\Plugin_OctreeSceneManager
11:54:32: Installing plugin: Octree & Terrain Scene Manager
11:54:32: Plugin successfully installed
11:54:32: *-*-* OGRE Initialising
11:54:32: *-*-* Version 1.6.4 (Shoggoth)
11:54:32: Creating resource group Bootstrap
11:54:32: Added resource location '../../media/packs/OgreCore.zip' of type 'Zip' to resource group 'Bootstrap'
11:54:32: Added resource location '../../Media/Common/packs/OgreCore.zip' of type 'Zip' to resource group 'Bootstrap'
11:54:32: Added resource location '../../Media' of type 'FileSystem' to resource group 'General'
11:54:32: Added resource location '../../Media/MyGUI_Media' of type 'FileSystem' to resource group 'General'
11:54:32: Added resource location '../../Media/Tools/LayoutEditor' of type 'FileSystem' to resource group 'General'
11:54:32: Added resource location '../../media' of type 'FileSystem' to resource group 'General'
11:54:32: Added resource location '../../media/fonts' of type 'FileSystem' to resource group 'General'
11:54:32: Added resource location '../../media/materials/programs' of type 'FileSystem' to resource group 'General'
11:54:32: Added resource location '../../media/materials/scripts' of type 'FileSystem' to resource group 'General'
11:54:32: Added resource location '../../media/materials/textures' of type 'FileSystem' to resource group 'General'
11:54:32: Added resource location '../../media/models' of type 'FileSystem' to resource group 'General'
11:54:32: Added resource location '../../media/overlays' of type 'FileSystem' to resource group 'General'
11:54:32: Added resource location '../../media/particle' of type 'FileSystem' to resource group 'General'
11:54:32: Added resource location '../../media/gui' of type 'FileSystem' to resource group 'General'
11:54:32: Added resource location '../../media/DeferredShadingMedia' of type 'FileSystem' to resource group 'General'
11:54:32: Added resource location '../../media/PCZAppMedia' of type 'FileSystem' to resource group 'General'
11:54:32: Added resource location '../../media/BloodyCake' of type 'FileSystem' to resource group 'General'
11:54:32: Added resource location '../../media/packs/cubemap.zip' of type 'Zip' to resource group 'General'
11:54:32: Added resource location '../../media/packs/cubemapsJS.zip' of type 'Zip' to resource group 'General'
11:54:32: Added resource location '../../media/packs/dragon.zip' of type 'Zip' to resource group 'General'
11:54:32: Added resource location '../../media/packs/fresneldemo.zip' of type 'Zip' to resource group 'General'
11:54:32: Added resource location '../../media/packs/ogretestmap.zip' of type 'Zip' to resource group 'General'
11:54:32: Added resource location '../../media/packs/skybox.zip' of type 'Zip' to resource group 'General'
11:54:32: Added resource location '../../media/packs/bguires.zip' of type 'Zip' to resource group 'General'
11:54:32: D3D9 : RenderSystem Option: Allow NVPerfHUD = No
11:54:32: D3D9 : RenderSystem Option: Anti aliasing = None
11:54:32: D3D9 : RenderSystem Option: Floating-point mode = Consistent
11:54:32: D3D9 : RenderSystem Option: Full Screen = No
11:54:32: D3D9 : RenderSystem Option: Rendering Device = NVIDIA Quadro FX 4600
11:54:32: D3D9 : RenderSystem Option: VSync = No
11:54:32: D3D9 : RenderSystem Option: Video Mode = 800 x 600 @ 32-bit colour
11:54:32: D3D9 : RenderSystem Option: sRGB Gamma Conversion = No
11:54:35: CPU Identifier & Features
11:54:35: -------------------------
11:54:35:  *   CPU ID: GenuineIntel: Intel(R) Xeon(R) CPU           X5365  @ 3.00GHz
11:54:35:  *      SSE: yes
11:54:35:  *     SSE2: yes
11:54:35:  *     SSE3: yes
11:54:35:  *      MMX: yes
11:54:35:  *   MMXEXT: yes
11:54:35:  *    3DNOW: no
11:54:35:  * 3DNOWEXT: no
11:54:35:  *     CMOV: yes
11:54:35:  *      TSC: yes
11:54:35:  *      FPU: yes
11:54:35:  *      PRO: yes
11:54:35:  *       HT: no
11:54:35: -------------------------
11:54:35: *** Starting Win32GL Subsystem ***
11:54:35: GLRenderSystem::_createRenderWindow "OGRE Render Window", 1024x768 windowed  miscParams: FSAA=4 colourDepth=32 displayFrequency=0 gamma=false vsync=true 
11:54:35: Created Win32Window 'OGRE Render Window' : 1024x768, 32bpp
11:54:36: GL_VERSION = 3.0.0
11:54:36: GL_VENDOR = NVIDIA Corporation
11:54:36: GL_RENDERER = Quadro FX 4600/PCI/SSE2
11:54:36: GL_EXTENSIONS = GL_ARB_color_buffer_float GL_ARB_depth_buffer_float GL_ARB_depth_texture GL_ARB_draw_buffers GL_ARB_draw_instanced GL_ARB_fragment_program GL_ARB_fragment_program_shadow GL_ARB_fragment_shader GL_ARB_half_float_pixel GL_ARB_half_float_vertex GL_ARB_framebuffer_object GL_ARB_geometry_shader4 GL_ARB_imaging GL_ARB_map_buffer_range GL_ARB_multisample GL_ARB_multitexture GL_ARB_occlusion_query GL_ARB_pixel_buffer_object GL_ARB_point_parameters GL_ARB_point_sprite GL_ARB_shadow GL_ARB_shader_objects GL_ARB_shading_language_100 GL_ARB_texture_border_clamp GL_ARB_texture_buffer_object GL_ARB_texture_compression GL_ARB_texture_cube_map GL_ARB_texture_env_add GL_ARB_texture_env_combine GL_ARB_texture_env_dot3 GL_ARB_texture_float GL_ARB_texture_mirrored_repeat GL_ARB_texture_non_power_of_two GL_ARB_texture_rectangle GL_ARB_texture_rg GL_ARB_transpose_matrix GL_ARB_vertex_array_object GL_ARB_vertex_buffer_object GL_ARB_vertex_program GL_ARB_vertex_shader GL_ARB_window_pos GL_ATI_draw_buffers GL_ATI_texture_float GL_ATI_texture_mirror_once GL_S3_s3tc GL_EXT_texture_env_add GL_EXT_abgr GL_EXT_bgra GL_EXT_blend_color GL_EXT_blend_equation_separate GL_EXT_blend_func_separate GL_EXT_blend_minmax GL_EXT_blend_subtract GL_EXT_compiled_vertex_array GL_EXT_Cg_shader GL_EXT_bindable_uniform GL_EXT_depth_bounds_test GL_EXT_direct_state_access GL_EXT_draw_buffers2 GL_EXT_draw_instanced GL_EXT_draw_range_elements GL_EXT_fog_coord GL_EXT_framebuffer_blit GL_EXT_framebuffer_multisample GL_EXT_framebuffer_object GL_EXTX_framebuffer_mixed_formats GL_EXT_framebuffer_sRGB GL_EXT_geometry_shader4 GL_EXT_gpu_program_parameters GL_EXT_gpu_shader4 GL_EXT_multi_draw_arrays GL_EXT_packed_depth_stencil GL_EXT_packed_float GL_EXT_packed_pixels GL_EXT_pixel_buffer_object GL_EXT_point_parameters GL_EXT_rescale_normal GL_EXT_secondary_color GL_EXT_separate_specular_color GL_EXT_shadow_funcs GL_EXT_stencil_two_side GL_EXT_stencil_wrap GL_EXT_texture3D GL_EXT_texture_array GL_EXT_texture_buffer_object GL_EXT_texture_compression_latc GL_EXT_texture_compression_rgtc GL_EXT_texture_compression_s3tc GL_EXT_texture_cube_map GL_EXT_texture_edge_clamp GL_EXT_texture_env_combine GL_EXT_texture_env_dot3 GL_EXT_texture_filter_anisotropic GL_EXT_texture_integer GL_EXT_texture_lod GL_EXT_texture_lod_bias GL_EXT_texture_mirror_clamp GL_EXT_texture_object GL_EXT_texture_sRGB GL_EXT_texture_swizzle GL_EXT_texture_shared_exponent GL_EXT_timer_query GL_EXT_vertex_array GL_EXT_vertex_array_bgra GL_IBM_rasterpos_clip GL_IBM_texture_mirrored_repeat GL_KTX_buffer_region GL_NV_blend_square GL_NV_copy_depth_to_color GL_NV_depth_buffer_float GL_NV_conditional_render GL_NV_depth_clamp GL_NV_explicit_multisample GL_NV_fence GL_NV_float_buffer GL_NV_fog_distance GL_NV_fragment_program GL_NV_fragment_program_option GL_NV_fragment_program2 GL_NV_framebuffer_multisample_coverage GL_NV_geometry_shader4 GL_NV_gpu_program4 GL_NV_half_float GL_NV_light_max_exponent GL_NV_multisample_coverage GL_NV_multisample_filter_hint GL_NV_occlusion_query GL_NV_packed_depth_stencil GL_NV_parameter_buffer_object GL_NV_pixel_data_range GL_NV_point_sprite GL_NV_primitive_restart GL_NV_register_combiners GL_NV_register_combiners2 GL_NV_texgen_reflection GL_NV_texture_compression_vtc GL_NV_texture_env_combine4 GL_NV_texture_expand_normal GL_NV_texture_rectangle GL_NV_texture_shader GL_NV_texture_shader2 GL_NV_texture_shader3 GL_NV_transform_feedback GL_NV_vertex_array_range GL_NV_vertex_array_range2 GL_NV_vertex_program GL_NV_vertex_program1_1 GL_NV_vertex_program2 GL_NV_vertex_program2_option GL_NV_vertex_program3 GL_NVX_conditional_render GL_SGIS_generate_mipmap GL_SGIS_texture_lod GL_SGIX_depth_texture GL_SGIX_shadow GL_SUN_slice_accum GL_WIN_swap_hint WGL_EXT_swap_control 
11:54:36: Supported WGL extensions: WGL_ARB_buffer_region WGL_ARB_extensions_string WGL_ARB_make_current_read WGL_ARB_multisample WGL_ARB_pbuffer WGL_ARB_pixel_format WGL_ARB_pixel_format_float WGL_ARB_render_texture WGL_ATI_pixel_format_float WGL_ARB_create_context WGL_EXT_extensions_string WGL_EXT_framebuffer_sRGB WGL_EXT_pixel_format_packed_float WGL_EXT_swap_control WGL_I3D_genlock WGL_NV_float_buffer WGL_NV_gpu_affinity WGL_NV_multisample_coverage WGL_NV_render_depth_texture WGL_NV_render_texture_rectangle WGL_NV_swap_group 
11:54:36: ***************************
11:54:36: *** GL Renderer Started ***
11:54:36: ***************************
11:54:36: Registering ResourceManager for type GpuProgram
11:54:36: GLSL support detected
11:54:36: GL: Using GL_EXT_framebuffer_object for rendering to textures (best)
11:54:36: FBO PF_UNKNOWN depth/stencil support: D16S0 D24S0 D32S0 Packed-D24S8 
11:54:36: FBO PF_L8 depth/stencil support: D0S0 D16S0 D24S0 D32S0 Packed-D24S8 
11:54:36: FBO PF_A8 depth/stencil support: D0S0 D16S0 D24S0 D32S0 Packed-D24S8 
11:54:36: FBO PF_A4L4 depth/stencil support: D0S0 D16S0 D24S0 D32S0 Packed-D24S8 
11:54:36: FBO PF_BYTE_LA depth/stencil support: D0S0 D16S0 D24S0 D32S0 Packed-D24S8 
11:54:36: FBO PF_R5G6B5 depth/stencil support: D0S0 D16S0 D24S0 D32S0 Packed-D24S8 
11:54:36: FBO PF_B5G6R5 depth/stencil support: D0S0 D16S0 D24S0 D32S0 Packed-D24S8 
11:54:36: FBO PF_A1R5G5B5 depth/stencil support: D0S0 D16S0 D24S0 D32S0 Packed-D24S8 
11:54:36: FBO PF_R8G8B8 depth/stencil support: D0S0 D16S0 D24S0 D32S0 Packed-D24S8 
11:54:36: FBO PF_B8G8R8 depth/stencil support: D0S0 D16S0 D24S0 D32S0 Packed-D24S8 
11:54:36: FBO PF_A8R8G8B8 depth/stencil support: D0S0 D16S0 D24S0 D32S0 Packed-D24S8 
11:54:36: FBO PF_B8G8R8A8 depth/stencil support: D0S0 D16S0 D24S0 D32S0 Packed-D24S8 
11:54:36: FBO PF_A2R10G10B10 depth/stencil support: D0S0 D16S0 D24S0 D32S0 Packed-D24S8 
11:54:36: FBO PF_A2B10G10R10 depth/stencil support: D0S0 D16S0 D24S0 D32S0 Packed-D24S8 
11:54:36: FBO PF_FLOAT16_RGB depth/stencil support: D0S0 D16S0 D24S0 D32S0 Packed-D24S8 
11:54:36: FBO PF_FLOAT16_RGBA depth/stencil support: D0S0 D16S0 D24S0 D32S0 Packed-D24S8 
11:54:36: FBO PF_FLOAT32_RGB depth/stencil support: D0S0 D16S0 D24S0 D32S0 Packed-D24S8 
11:54:36: FBO PF_FLOAT32_RGBA depth/stencil support: D0S0 D16S0 D24S0 D32S0 Packed-D24S8 
11:54:36: FBO PF_X8R8G8B8 depth/stencil support: D0S0 D16S0 D24S0 D32S0 Packed-D24S8 
11:54:36: FBO PF_X8B8G8R8 depth/stencil support: D0S0 D16S0 D24S0 D32S0 Packed-D24S8 
11:54:36: FBO PF_SHORT_RGBA depth/stencil support: D0S0 D16S0 D24S0 D32S0 Packed-D24S8 
11:54:36: FBO PF_R3G3B2 depth/stencil support: D0S0 D16S0 D24S0 D32S0 Packed-D24S8 
11:54:36: FBO PF_FLOAT16_R depth/stencil support: D0S0 D16S0 D24S0 D32S0 Packed-D24S8 
11:54:36: FBO PF_FLOAT32_R depth/stencil support: D0S0 D16S0 D24S0 D32S0 Packed-D24S8 
11:54:36: FBO PF_FLOAT16_GR depth/stencil support: D0S0 D16S0 D24S0 D32S0 Packed-D24S8 
11:54:36: FBO PF_FLOAT32_GR depth/stencil support: D0S0 D16S0 D24S0 D32S0 Packed-D24S8 
11:54:36: FBO PF_SHORT_RGB depth/stencil support: D0S0 D16S0 D24S0 D32S0 Packed-D24S8 
11:54:36: [GL] : Valid FBO targets PF_UNKNOWN PF_L8 PF_A8 PF_A4L4 PF_BYTE_LA PF_R5G6B5 PF_B5G6R5 PF_A1R5G5B5 PF_R8G8B8 PF_B8G8R8 PF_A8R8G8B8 PF_B8G8R8A8 PF_A2R10G10B10 PF_A2B10G10R10 PF_FLOAT16_RGB PF_FLOAT16_RGBA PF_FLOAT32_RGB PF_FLOAT32_RGBA PF_X8R8G8B8 PF_X8B8G8R8 PF_SHORT_RGBA PF_R3G3B2 PF_FLOAT16_R PF_FLOAT32_R PF_FLOAT16_GR PF_FLOAT32_GR PF_SHORT_RGB 
11:54:36: RenderSystem capabilities
11:54:36: -------------------------
11:54:36: RenderSystem Name: OpenGL Rendering Subsystem
11:54:36: GPU Vendor: nvidia
11:54:36: Device Name: Quadro FX 4600/PCI/SSE2
11:54:36: Driver Version: 3.0.0.0
11:54:36:  * Fixed function pipeline: yes
11:54:36:  * Hardware generation of mipmaps: yes
11:54:36:  * Texture blending: yes
11:54:36:  * Anisotropic texture filtering: yes
11:54:36:  * Dot product texture operation: yes
11:54:36:  * Cube mapping: yes
11:54:36:  * Hardware stencil buffer: yes
11:54:36:    - Stencil depth: 8
11:54:36:    - Two sided stencil support: yes
11:54:36:    - Wrap stencil values: yes
11:54:36:  * Hardware vertex / index buffers: yes
11:54:36:  * Vertex programs: yes
11:54:36:  * Fragment programs: yes
11:54:36:  * Geometry programs: yes
11:54:36:  * Supported Shader Profiles: arbfp1 arbvp1 fp20 fp30 fp40 glsl gp4gp gpu_gp nvgp4 vp30 vp40
11:54:36:  * Texture Compression: yes
11:54:36:    - DXT: yes
11:54:36:    - VTC: yes
11:54:36:  * Scissor Rectangle: yes
11:54:36:  * Hardware Occlusion Query: yes
11:54:36:  * User clip planes: yes
11:54:36:  * VET_UBYTE4 vertex element type: yes
11:54:36:  * Infinite far plane projection: yes
11:54:36:  * Hardware render-to-texture: yes
11:54:36:  * Floating point textures: yes
11:54:36:  * Non-power-of-two textures: yes
11:54:36:  * Volume textures: yes
11:54:36:  * Multiple Render Targets: 8
11:54:36:    - With different bit depths: yes
11:54:36:  * Point Sprites: yes
11:54:36:  * Extended point parameters: yes
11:54:36:  * Max Point Size: 63.375
11:54:36:  * Vertex texture fetch: yes
11:54:36:    - Max vertex textures: 32
11:54:36:    - Vertex textures shared: yes
11:54:36:  * Render to Vertex Buffer : yes
11:54:36:  * GL 1.5 without VBO workaround: no
11:54:36:  * Frame Buffer objects: yes
11:54:36:  * Frame Buffer objects (ARB extension): no
11:54:36:  * Frame Buffer objects (ATI extension): no
11:54:36:  * PBuffer suppport: no
11:54:36:  * GL 1.5 without HW-occlusion workaround: no
11:54:36: Registering ResourceManager for type Texture
11:54:36: Using FSAA from GL_ARB_multisample extension.
11:54:36: ResourceBackgroundQueue - threading disabled
11:54:36: Particle Renderer Type 'billboard' registered
11:54:36: SceneManagerFactory for type 'BspSceneManager' registered.
11:54:36: Registering ResourceManager for type BspLevel
11:54:36: SceneManagerFactory for type 'PCZSceneManager' registered.
11:54:36: MovableObjectFactory for type 'PCZLight' registered.
11:54:36: PCZone Factory Type 'ZoneType_Octree' registered
11:54:36: PCZone Factory Type 'ZoneType_Terrain' registered
11:54:36: SceneManagerFactory for type 'OctreeSceneManager' registered.
11:54:36: SceneManagerFactory for type 'TerrainSceneManager' registered.
11:54:36: Parsing scripts for resource group Autodetect
11:54:36: Finished parsing scripts for resource group Autodetect
11:54:36: Parsing scripts for resource group Bootstrap
11:54:36: Parsing script OgreCore.material
11:54:36: Parsing script OgreProfiler.material
11:54:36: Parsing script OgreCore.material
11:54:36: Parsing script OgreProfiler.material
11:54:36: Parsing script Ogre.fontdef
11:54:36: Parsing script Ogre.fontdef
11:54:36: Parsing script OgreDebugPanel.overlay
11:54:36: Texture: New_Ogre_Border_Center.png: Loading 1 faces(PF_A8R8G8B8,256x128x1) with 5 generated mipmaps from Image. Internal format is PF_A8R8G8B8,256x128x1.
11:54:36: Texture: New_Ogre_Border.png: Loading 1 faces(PF_A8R8G8B8,256x256x1) with 5 generated mipmaps from Image. Internal format is PF_A8R8G8B8,256x256x1.
11:54:36: Texture: New_Ogre_Border_Break.png: Loading 1 faces(PF_A8R8G8B8,32x32x1) with 5 generated mipmaps from Image. Internal format is PF_A8R8G8B8,32x32x1.
11:54:36: Font BlueHighwayusing texture size 512x512
11:54:36: Info: Freetype returned null for character 127 in font BlueHighway
11:54:36: Info: Freetype returned null for character 128 in font BlueHighway
11:54:36: Info: Freetype returned null for character 129 in font BlueHighway
11:54:36: Info: Freetype returned null for character 130 in font BlueHighway
11:54:36: Info: Freetype returned null for character 131 in font BlueHighway
11:54:36: Info: Freetype returned null for character 132 in font BlueHighway
11:54:36: Info: Freetype returned null for character 133 in font BlueHighway
11:54:36: Info: Freetype returned null for character 134 in font BlueHighway
11:54:36: Info: Freetype returned null for character 135 in font BlueHighway
11:54:36: Info: Freetype returned null for character 136 in font BlueHighway
11:54:36: Info: Freetype returned null for character 137 in font BlueHighway
11:54:36: Info: Freetype returned null for character 138 in font BlueHighway
11:54:36: Info: Freetype returned null for character 139 in font BlueHighway
11:54:36: Info: Freetype returned null for character 140 in font BlueHighway
11:54:36: Info: Freetype returned null for character 141 in font BlueHighway
11:54:36: Info: Freetype returned null for character 142 in font BlueHighway
11:54:36: Info: Freetype returned null for character 143 in font BlueHighway
11:54:36: Info: Freetype returned null for character 144 in font BlueHighway
11:54:36: Info: Freetype returned null for character 145 in font BlueHighway
11:54:36: Info: Freetype returned null for character 146 in font BlueHighway
11:54:36: Info: Freetype returned null for character 147 in font BlueHighway
11:54:36: Info: Freetype returned null for character 148 in font BlueHighway
11:54:36: Info: Freetype returned null for character 149 in font BlueHighway
11:54:36: Info: Freetype returned null for character 150 in font BlueHighway
11:54:36: Info: Freetype returned null for character 151 in font BlueHighway
11:54:36: Info: Freetype returned null for character 152 in font BlueHighway
11:54:36: Info: Freetype returned null for character 153 in font BlueHighway
11:54:36: Info: Freetype returned null for character 154 in font BlueHighway
11:54:36: Info: Freetype returned null for character 155 in font BlueHighway
11:54:36: Info: Freetype returned null for character 156 in font BlueHighway
11:54:36: Info: Freetype returned null for character 157 in font BlueHighway
11:54:36: Info: Freetype returned null for character 158 in font BlueHighway
11:54:36: Info: Freetype returned null for character 159 in font BlueHighway
11:54:36: Info: Freetype returned null for character 160 in font BlueHighway
11:54:36: Texture: BlueHighwayTexture: Loading 1 faces(PF_BYTE_LA,512x512x1) with 0 generated mipmaps from Image. Internal format is PF_BYTE_LA,512x512x1.
11:54:36: Texture: ogretext.png: Loading 1 faces(PF_A8R8G8B8,256x128x1) with 5 generated mipmaps from Image. Internal format is PF_A8R8G8B8,256x128x1.
11:54:36: Parsing script OgreLoadingPanel.overlay
11:54:36: Parsing script OgreDebugPanel.overlay
11:54:36: Skipping loading overlay include: 'OgreDebugPanel.overlay as it is already loaded.
11:54:36: Parsing script OgreLoadingPanel.overlay
11:54:36: Skipping loading overlay include: 'OgreLoadingPanel.overlay as it is already loaded.
11:54:36: Finished parsing scripts for resource group Bootstrap
11:54:36: Parsing scripts for resource group General
11:54:36: Parsing script Examples.program
11:54:36: GLSL compiling: Ogre/BasicVertexPrograms/AmbientOneTextureGLSL
11:54:36: GLSL compiled : Ogre/BasicVertexPrograms/AmbientOneTextureGLSL
11:54:36: GLSL compiling: Ogre/HardwareSkinningTwoWeightsGLSL
11:54:36: GLSL compiled : Ogre/HardwareSkinningTwoWeightsGLSL
11:54:36: Parsing script StdQuad_vp.program
11:54:36: Parsing script deferred.glsl.program
11:54:36: GLSL compiling: DeferredShading/material/glsl/ps
11:54:36: GLSL compiled : DeferredShading/material/glsl/ps
11:54:36: GLSL compiling: DeferredShading/material/glsl/notex_ps
11:54:36: GLSL compiled : DeferredShading/material/glsl/notex_ps
11:54:36: GLSL compiling: DeferredShading/material/glsl/nm_ps
11:54:36: GLSL compiled : DeferredShading/material/glsl/nm_ps
11:54:36: GLSL compiling: DeferredShading/material/glsl/nm_notex_ps
11:54:36: GLSL compiled : DeferredShading/material/glsl/nm_notex_ps
11:54:36: Parsing script deferred.hlsl.program
11:54:36: Parsing script deferred.program
11:54:36: GLSL compiling: DeferredShading/material/glsl/ps
11:54:36: GLSL compiled : DeferredShading/material/glsl/ps
11:54:36: GLSL compiling: DeferredShading/material/glsl/notex_ps
11:54:36: GLSL compiled : DeferredShading/material/glsl/notex_ps
11:54:36: GLSL compiling: DeferredShading/material/glsl/nm_ps
11:54:36: GLSL compiled : DeferredShading/material/glsl/nm_ps
11:54:36: GLSL compiling: DeferredShading/material/glsl/nm_notex_ps
11:54:36: GLSL compiled : DeferredShading/material/glsl/nm_notex_ps
11:54:36: Parsing script deferred_post_ambient.program
11:54:36: GLSL compiling: DeferredShading/post/glsl/Ambient_ps
11:54:36: GLSL compiled : DeferredShading/post/glsl/Ambient_ps
11:54:36: Parsing script deferred_post_debug.glsl.program
11:54:36: GLSL compiling: DeferredShading/post/glsl/ShowNormal_ps
11:54:36: GLSL compiled : DeferredShading/post/glsl/ShowNormal_ps
11:54:36: GLSL compiling: DeferredShading/post/glsl/ShowDS_ps
11:54:36: GLSL compiled : DeferredShading/post/glsl/ShowDS_ps
11:54:36: GLSL compiling: DeferredShading/post/glsl/ShowColour_ps
11:54:36: GLSL compiled : DeferredShading/post/glsl/ShowColour_ps
11:54:36: Parsing script deferred_post_debug.hlsl.program
11:54:36: Parsing script deferred_post_debug.program
11:54:36: GLSL compiling: DeferredShading/post/glsl/ShowNormal_ps
11:54:36: GLSL compiled : DeferredShading/post/glsl/ShowNormal_ps
11:54:36: GLSL compiling: DeferredShading/post/glsl/ShowDS_ps
11:54:36: GLSL compiled : DeferredShading/post/glsl/ShowDS_ps
11:54:36: GLSL compiling: DeferredShading/post/glsl/ShowColour_ps
11:54:36: GLSL compiled : DeferredShading/post/glsl/ShowColour_ps
11:54:36: Parsing script deferred_post_minilight.glsl.program
11:54:36: GLSL compiling: DeferredShading/post/glsl/LightMaterial_vs
11:54:36: GLSL compiled : DeferredShading/post/glsl/LightMaterial_vs
11:54:36: GLSL compiling: DeferredShading/post/glsl/LightMaterial_ps
11:54:36: GLSL compiled : DeferredShading/post/glsl/LightMaterial_ps
11:54:36: Parsing script deferred_post_minilight.hlsl.program
11:54:36: Parsing script deferred_post_minilight.program
11:54:36: GLSL compiling: DeferredShading/post/glsl/LightMaterial_vs
11:54:36: GLSL compiled : DeferredShading/post/glsl/LightMaterial_vs
11:54:36: GLSL compiling: DeferredShading/post/glsl/LightMaterial_ps
11:54:36: GLSL compiled : DeferredShading/post/glsl/LightMaterial_ps
11:54:36: Parsing script deferred_post_multipass.glsl.program
11:54:36: GLSL compiling: DeferredShading/post/glsl/Ambient_ps
11:54:36: GLSL compiled : DeferredShading/post/glsl/Ambient_ps
11:54:36: GLSL compiling: DeferredShading/post/glsl/GlobalLight_ps
11:54:36: GLSL compiled : DeferredShading/post/glsl/GlobalLight_ps
11:54:36: Parsing script deferred_post_multipass.hlsl.program
11:54:36: Parsing script deferred_post_onepass.glsl.program
11:54:36: GLSL compiling: DeferredShading/post/glsl/vs
11:54:36: GLSL compiled : DeferredShading/post/glsl/vs
11:54:36: GLSL compiling: DeferredShading/post/glsl/SinglePass_ps
11:54:36: GLSL compiled : DeferredShading/post/glsl/SinglePass_ps
11:54:36: Parsing script deferred_post_onepass.hlsl.program
11:54:36: Parsing script deferred_post_vs.program
11:54:36: GLSL compiling: DeferredShading/post/glsl/vs
11:54:36: GLSL compiled : DeferredShading/post/glsl/vs
11:54:36: Parsing script meh.material
11:54:36: Parsing script Ogre.material
11:54:36: Parsing script Scene.material
11:54:36: Parsing script meh.material
11:54:36: Parsing script Ogre.material
11:54:36: Parsing script Scene.material
11:54:36: Parsing script ASCII.material
11:54:36: Parsing script ASMSwizzle.material
11:54:36: Parsing script BlackAndWhite.material
11:54:36: Parsing script Bloom.material
11:54:36: GLSL compiling: Blur_ps_glsl
11:54:36: GLSL compiled : Blur_ps_glsl
11:54:36: GLSL compiling: Blur0_vs_glsl
11:54:36: GLSL compiled : Blur0_vs_glsl
11:54:36: GLSL compiling: Blur1_vs_glsl
11:54:36: GLSL compiled : Blur1_vs_glsl
11:54:36: Parsing script Bloom2.material
11:54:36: GLSL compiling: Bloom2_ps20_glsl
11:54:36: GLSL compiled : Bloom2_ps20_glsl
11:54:36: Parsing script CGSwizzle.material
11:54:36: Parsing script debugDraw.material
11:54:36: Parsing script DepthShadowmap.material
11:54:37: GLSL compiling: Ogre/DepthShadowmap/CasterVP_GLSL
11:54:37: GLSL compiled : Ogre/DepthShadowmap/CasterVP_GLSL
11:54:37: GLSL compiling: Ogre/DepthShadowmap/CasterFP_GLSL
11:54:37: GLSL compiled : Ogre/DepthShadowmap/CasterFP_GLSL
11:54:37: GLSL compiling: Ogre/DepthShadowmap/ReceiverVP_GLSL
11:54:37: GLSL compiled : Ogre/DepthShadowmap/ReceiverVP_GLSL
11:54:37: GLSL compiling: Ogre/DepthShadowmap/ReceiverFP_GLSL
11:54:37: GLSL compiled : Ogre/DepthShadowmap/ReceiverFP_GLSL
11:54:37: GLSL compiling: Ogre/DepthShadowmap/ReceiverFPPCF_GLSL
11:54:37: GLSL compiled : Ogre/DepthShadowmap/ReceiverFPPCF_GLSL
11:54:37: GLSL compiling: Ogre/DepthShadowmap/NormalMapReceiverVP_GLSL
11:54:37: GLSL compiled : Ogre/DepthShadowmap/NormalMapReceiverVP_GLSL
11:54:37: GLSL compiling: Ogre/DepthShadowmap/NormalMapReceiverFP_GLSL
11:54:37: GLSL compiled : Ogre/DepthShadowmap/NormalMapReceiverFP_GLSL
11:54:37: GLSL compiling: Ogre/DepthShadowmap/NormalMapReceiverFPPCF_GLSL
11:54:37: GLSL compiled : Ogre/DepthShadowmap/NormalMapReceiverFPPCF_GLSL
11:54:37: Parsing script Dither.material
11:54:37: Parsing script DOF.material
11:54:37: Parsing script Embossed.material
11:54:37: Parsing script Example-DynTex.material
11:54:37: Parsing script Example-Water.material
11:54:37: Parsing script Example.material
11:54:37: OGRE EXCEPTION(2:InvalidParametersException): Parameter called camObjPos does not exist.  in GpuProgramParameters::_findNamedConstantDefinition at ..\src\OgreGpuProgram.cpp (line 1097)
11:54:37: Compiler error: invalid parameters in Example.material(762): setting of constant failed
11:54:37: GLSL compiling: Ogre/HardwareSkinningTwoWeightsShadowCasterGLSL
11:54:37: GLSL compiled : Ogre/HardwareSkinningTwoWeightsShadowCasterGLSL
11:54:37: Parsing script Examples-Advanced.material
11:54:37: Compiler error: object unsupported by render system in Examples-Advanced.material(381)
11:54:37: Parsing script facial.material
11:54:37: Parsing script Glass.material
11:54:37: Parsing script GLSLSwizzle.material
11:54:37: GLSL compiling: Ogre/GPTest/Swizzle_GP_GLSL
11:54:37: GLSL compiled : Ogre/GPTest/Swizzle_GP_GLSL
11:54:37: GLSL compiling: Ogre/GPTest/Passthrough_VP_GLSL
11:54:37: GLSL compiled : Ogre/GPTest/Passthrough_VP_GLSL
11:54:37: Parsing script Halftone.material
11:54:37: Parsing script hdr.material
11:54:37: GLSL compiling: Ogre/Compositor/HDR/downscale2x2LuminenceGLSL_fp
11:54:37: GLSL compiled : Ogre/Compositor/HDR/downscale2x2LuminenceGLSL_fp
11:54:37: GLSL compiling: Ogre/Compositor/StdQuad_GLSL_vp
11:54:37: GLSL compiled : Ogre/Compositor/StdQuad_GLSL_vp
11:54:37: GLSL compiling: Ogre/Compositor/HDR/downscale3x3GLSL_fp
11:54:37: GLSL compiled : Ogre/Compositor/HDR/downscale3x3GLSL_fp
11:54:37: GLSL compiling: Ogre/Compositor/HDR/utils_fp
11:54:37: GLSL compiled : Ogre/Compositor/HDR/utils_fp
11:54:37: GLSL compiling: Ogre/Compositor/HDR/downscale3x3brightpassGLSL_fp
11:54:37: GLSL compiled : Ogre/Compositor/HDR/downscale3x3brightpassGLSL_fp
11:54:37: GLSL compiling: Ogre/Compositor/HDR/bloomGLSL_fp
11:54:37: GLSL compiled : Ogre/Compositor/HDR/bloomGLSL_fp
11:54:37: GLSL compiling: Ogre/Compositor/HDR/utils_fp
11:54:37: GLSL compiled : Ogre/Compositor/HDR/utils_fp
11:54:37: GLSL compiling: Ogre/Compositor/HDR/finaltonemappingGLSL_fp
11:54:37: GLSL compiled : Ogre/Compositor/HDR/finaltonemappingGLSL_fp
11:54:37: Parsing script HeatVision.material
11:54:37: Parsing script Hurt.material
11:54:37: Parsing script instancing.material
11:54:37: GLSL compiling: InstancingGLSL
11:54:37: GLSL compiled : InstancingGLSL
11:54:37: GLSL compiling: InstancingShadowCasterGLSL
11:54:37: GLSL compiled : InstancingShadowCasterGLSL
11:54:37: GLSL compiling: CrowdGLSL
11:54:37: GLSL compiled : CrowdGLSL
11:54:37: GLSL compiling: CrowdShadowCasterGLSL
11:54:37: GLSL compiled : CrowdShadowCasterGLSL
11:54:37: Parsing script Invert.material
11:54:37: Parsing script IsoSurf.material
11:54:37: Problem parsing the following Cg Uniform: '@TMP1' in file Ogre/IsoSurf/TessellateTetrahedraGS
11:54:37: Parsing script Laplace.material
11:54:37: Parsing script LeverArm.material
11:54:37: Parsing script MotionBlur.material
11:54:37: Parsing script MRTtest.material
11:54:37: GLSL compiling: Ogre/MRTtest/scenefp/GLSL
11:54:37: GLSL compiled : Ogre/MRTtest/scenefp/GLSL
11:54:37: GLSL compiling: Ogre/MRTtest/quadfp/GLSL
11:54:37: GLSL compiled : Ogre/MRTtest/quadfp/GLSL
11:54:37: Parsing script myMaterials.material
11:54:37: Parsing script MyWall.material
11:54:37: Parsing script NightVision.material
11:54:37: Parsing script Ocean.material
11:54:37: GLSL compiling: GLSL/OceanVS
11:54:37: GLSL compiled : GLSL/OceanVS
11:54:37: GLSL compiling: GLSL/OceanFS
11:54:37: GLSL compiled : GLSL/OceanFS
11:54:37: GLSL compiling: GLSL/Ocean2VS
11:54:37: GLSL compiled : GLSL/Ocean2VS
11:54:37: GLSL compiling: GLSL/Ocean2FS
11:54:37: GLSL compiled : GLSL/Ocean2FS
11:54:37: Parsing script OffsetMapping.material
11:54:37: Compiler error: object unsupported by render system in OffsetMapping.material(18)
11:54:37: GLSL compiling: Examples/OffsetMappingIntegratedShadowsFPglsl
11:54:37: GLSL compiled : Examples/OffsetMappingIntegratedShadowsFPglsl
11:54:37: GLSL compiling: Examples/OffsetMappingIntegratedShadowsVPglsl
11:54:37: GLSL compiled : Examples/OffsetMappingIntegratedShadowsVPglsl
11:54:37: Parsing script Ogre.material
11:54:37: Parsing script OldMovie.material
11:54:37: Parsing script OldTV.material
11:54:37: Parsing script ParticleGS.material
11:54:37: Parsing script Posterize.material
11:54:37: Parsing script pssm.material
11:54:37: Parsing script RadialBlur.material
11:54:37: Parsing script RZR-002.material
11:54:37: Parsing script SharpenEdges.material
11:54:37: Parsing script SideWall.material
11:54:37: Parsing script smoke.material
11:54:37: Parsing script Tiling.material
11:54:37: Parsing script TransparentBox.material
11:54:37: Parsing script VarianceShadowmap.material
11:54:37: Parsing script mc.material
11:54:37: Parsing script MyCube.material
11:54:37: Parsing script deferred.material
11:54:37: GLSL compiling: DeferredShading/material/glsl/vs
11:54:37: GLSL compiled : DeferredShading/material/glsl/vs
11:54:37: GLSL compiling: DeferredShading/material/glsl/nm_vs
11:54:37: GLSL compiled : DeferredShading/material/glsl/nm_vs
11:54:37: Parsing script deferreddemo.material
11:54:37: Parsing script deferred_post_ambient.material
11:54:37: Parsing script deferred_post_debug.material
11:54:37: Parsing script deferred_post_minilight.material
11:54:37: Parsing script deferred_post_multipass.material
11:54:37: Parsing script deferred_post_onepass.material
11:54:37: Parsing script ROOM.material
11:54:37: Parsing script 00ambient.material
11:54:37: Parsing script 00diffuse.material
11:54:37: Parsing script 00shadow_caster.material
11:54:37: Parsing script bgui.material
11:54:37: Compiler error: unknown error in bgui.material(218): token "#" is not recognized
11:54:37: Compiler error: unknown error in bgui.material(285): token "#" is not recognized
11:54:37: Compiler error: unknown error in bgui.material(641): token "#" is not recognized
11:54:37: Compiler error: unknown error in bgui.material(774): token "#" is not recognized
11:54:37: Parsing script cc.material
11:54:37: Parsing script RomanBath.material
11:54:37: Parsing script bgui.material
11:54:37: Parsing script emitted_emitter.particle
11:54:37: Parsing script Example-Water.particle
11:54:37: Parsing script Example.particle
11:54:37: Parsing script smoke.particle
11:54:37: Parsing script Examples.compositor
11:54:37: Parsing script deferred.compositor
11:54:37: Parsing script sample.fontdef
11:54:37: Parsing script MgOpen.fontdef
11:54:37: Parsing script Compositor.overlay
11:54:37: Parsing script DP3.overlay
11:54:37: Parsing script Example-CubeMapping.overlay
11:54:37: Parsing script Example-DynTex.overlay
11:54:37: Parsing script Example-Water.overlay
11:54:37: Parsing script Shadows.overlay
11:54:37: Finished parsing scripts for resource group General
11:54:37: Parsing scripts for resource group Internal
11:54:37: Finished parsing scripts for resource group Internal
11:54:37: Mesh: Loading ogrehead.mesh.
11:54:37: Texture: WeirdEye.png: Loading 1 faces(PF_R8G8B8,256x256x1) with 5 generated mipmaps from Image. Internal format is PF_X8R8G8B8,256x256x1.
11:54:37: Texture: GreenSkin.jpg: Loading 1 faces(PF_R8G8B8,256x256x1) with 5 generated mipmaps from Image. Internal format is PF_X8R8G8B8,256x256x1.
11:54:38: Texture: spheremap.png: Loading 1 faces(PF_R8G8B8,256x256x1) with 5 generated mipmaps from Image. Internal format is PF_X8R8G8B8,256x256x1.
11:54:38: Texture: dirt01.jpg: Loading 1 faces(PF_R8G8B8,96x96x1) with 5 generated mipmaps from Image. Internal format is PF_X8R8G8B8,96x96x1.
11:54:38: Texture: basic_droplet.png: Loading 1 faces(PF_R8G8B8,64x64x1) with 5 generated mipmaps from Image. Internal format is PF_X8R8G8B8,64x64x1.
11:54:38: *** Initializing OIS ***
11:54:38: Texture: flare.png: Loading 1 faces(PF_R8G8B8,256x256x1) with 5 generated mipmaps from Image. Internal format is PF_X8R8G8B8,256x256x1.
11:54:38: Texture: aureola.png: Loading 1 faces(PF_A8R8G8B8,256x256x1) with 5 generated mipmaps from Image. Internal format is PF_BYTE_LA,256x256x1.
11:54:38: Texture: flaretrail.png: Loading 1 faces(PF_R8G8B8,128x128x1) with 5 generated mipmaps from Image. Internal format is PF_X8R8G8B8,128x128x1.
11:54:56: PCZone Factory Type 'ZoneType_Octree' unregistered
11:54:56: PCZone Factory Type 'ZoneType_Terrain' unregistered
11:54:56: Unregistering ResourceManager for type BspLevel
11:54:56: *-*-* OGRE Shutdown
11:54:56: Unregistering ResourceManager for type Compositor
11:54:56: Unregistering ResourceManager for type Font
11:54:56: Unregistering ResourceManager for type Skeleton
11:54:56: Unregistering ResourceManager for type Mesh
11:54:56: Unregistering ResourceManager for type HighLevelGpuProgram
11:54:56: Uninstalling plugin: Octree & Terrain Scene Manager
11:54:56: Plugin successfully uninstalled
11:54:56: Unloading library .\Plugin_OctreeSceneManager
11:54:56: Uninstalling plugin: Octree Zone Factory
11:54:56: Plugin successfully uninstalled
11:54:56: Unloading library .\Plugin_OctreeZone.dll
11:54:56: Uninstalling plugin: Portal Connected Zone Scene Manager
11:54:56: Plugin successfully uninstalled
11:54:56: Unloading library .\Plugin_PCZSceneManager.dll
11:54:56: Uninstalling plugin: Cg Program Manager
11:54:56: Plugin successfully uninstalled
11:54:56: Unloading library .\Plugin_CgProgramManager
11:54:56: Uninstalling plugin: BSP Scene Manager
11:54:56: Plugin successfully uninstalled
11:54:56: Unloading library .\Plugin_BSPSceneManager
11:54:56: Uninstalling plugin: ParticleFX
11:54:56: Plugin successfully uninstalled
11:54:56: Unloading library .\Plugin_ParticleFX
11:54:56: Uninstalling plugin: GL RenderSystem
11:54:56: Unregistering ResourceManager for type GpuProgram
11:54:56: *** Stopping Win32GL Subsystem ***
11:54:56: Unregistering ResourceManager for type Texture
11:54:56: Plugin successfully uninstalled
11:54:56: Unloading library .\RenderSystem_GL
11:54:56: Uninstalling plugin: D3D9 RenderSystem
11:54:56: D3D9 : Shutting down cleanly.
11:54:56: D3D9 : Direct3D9 Rendering Subsystem destroyed.
11:54:56: Plugin successfully uninstalled
11:54:56: Unloading library .\RenderSystem_Direct3D9
11:54:56: Unregistering ResourceManager for type Material
