18:21:54: Creating resource group General
18:21:54: Creating resource group Internal
18:21:54: Creating resource group Autodetect
18:21:54: SceneManagerFactory for type 'DefaultSceneManager' registered.
18:21:54: Registering ResourceManager for type Material
18:21:54: Registering ResourceManager for type Mesh
18:21:54: Registering ResourceManager for type Skeleton
18:21:54: MovableObjectFactory for type 'ParticleSystem' registered.
18:21:54: OverlayElementFactory for type Panel registered.
18:21:54: OverlayElementFactory for type BorderPanel registered.
18:21:54: OverlayElementFactory for type TextArea registered.
18:21:54: Registering ResourceManager for type Font
18:21:54: ArchiveFactory for archive type FileSystem registered.
18:21:54: ArchiveFactory for archive type Zip registered.
18:21:54: FreeImage version: 3.10.0
18:21:54: This program uses FreeImage, a free, open source image library supporting all common bitmap formats. See http://freeimage.sourceforge.net for details
18:21:54: Supported formats: bmp,ico,jpg,jif,jpeg,jpe,jng,koa,iff,lbm,mng,pbm,pbm,pcd,pcx,pgm,pgm,png,ppm,ppm,ras,tga,targa,tif,tiff,wap,wbmp,wbm,psd,cut,xbm,xpm,gif,hdr,g3,sgi,exr,j2k,j2c,jp2
18:21:54: DDS codec registering
18:21:54: Registering ResourceManager for type HighLevelGpuProgram
18:21:54: Registering ResourceManager for type Compositor
18:21:54: MovableObjectFactory for type 'Entity' registered.
18:21:54: MovableObjectFactory for type 'Light' registered.
18:21:54: MovableObjectFactory for type 'BillboardSet' registered.
18:21:54: MovableObjectFactory for type 'ManualObject' registered.
18:21:54: MovableObjectFactory for type 'BillboardChain' registered.
18:21:54: MovableObjectFactory for type 'RibbonTrail' registered.
18:21:54: Loading library .\RenderSystem_Direct3D9
18:21:54: Installing plugin: D3D9 RenderSystem
18:21:54: D3D9 : Direct3D9 Rendering Subsystem created.
18:21:54: D3D9: Driver Detection Starts
18:21:54: D3D9: Driver Detection Ends
18:21:54: Plugin successfully installed
18:21:54: Loading library .\RenderSystem_GL
18:21:54: Installing plugin: GL RenderSystem
18:21:54: OpenGL Rendering Subsystem created.
18:21:55: Plugin successfully installed
18:21:55: Loading library .\Plugin_ParticleFX
18:21:55: Installing plugin: ParticleFX
18:21:55: Particle Emitter Type 'Point' registered
18:21:55: Particle Emitter Type 'Box' registered
18:21:55: Particle Emitter Type 'Ellipsoid' registered
18:21:55: Particle Emitter Type 'Cylinder' registered
18:21:55: Particle Emitter Type 'Ring' registered
18:21:55: Particle Emitter Type 'HollowEllipsoid' registered
18:21:55: Particle Affector Type 'LinearForce' registered
18:21:55: Particle Affector Type 'ColourFader' registered
18:21:55: Particle Affector Type 'ColourFader2' registered
18:21:55: Particle Affector Type 'ColourImage' registered
18:21:55: Particle Affector Type 'ColourInterpolator' registered
18:21:55: Particle Affector Type 'Scaler' registered
18:21:55: Particle Affector Type 'Rotator' registered
18:21:55: Particle Affector Type 'DirectionRandomiser' registered
18:21:55: Particle Affector Type 'DeflectorPlane' registered
18:21:55: Plugin successfully installed
18:21:55: Loading library .\Plugin_BSPSceneManager
18:21:55: Installing plugin: BSP Scene Manager
18:21:55: Plugin successfully installed
18:21:55: Loading library .\Plugin_CgProgramManager
18:21:55: Installing plugin: Cg Program Manager
18:21:55: Plugin successfully installed
18:21:55: Loading library .\Plugin_PCZSceneManager.dll
18:21:55: Installing plugin: Portal Connected Zone Scene Manager
18:21:55: PCZone Factory Type 'ZoneType_Default' registered
18:21:55: Plugin successfully installed
18:21:55: Loading library .\Plugin_OctreeZone.dll
18:21:55: Installing plugin: Octree Zone Factory
18:21:55: Plugin successfully installed
18:21:55: Loading library .\Plugin_OctreeSceneManager
18:21:55: Installing plugin: Octree & Terrain Scene Manager
18:21:55: Plugin successfully installed
18:21:55: *-*-* OGRE Initialising
18:21:55: *-*-* Version 1.6.4 (Shoggoth)
18:21:55: D3D9 : RenderSystem Option: Allow NVPerfHUD = No
18:21:55: D3D9 : RenderSystem Option: Anti aliasing = None
18:21:55: D3D9 : RenderSystem Option: Floating-point mode = Fastest
18:21:55: D3D9 : RenderSystem Option: Full Screen = No
18:21:55: D3D9 : RenderSystem Option: Rendering Device = NVIDIA GeForce 8800 GTS
18:21:55: D3D9 : RenderSystem Option: VSync = No
18:21:55: D3D9 : RenderSystem Option: Video Mode = 1360 x 768 @ 32-bit colour
18:21:55: D3D9 : RenderSystem Option: sRGB Gamma Conversion = No
18:21:56: *-*-* OGRE Shutdown
18:21:56: Unregistering ResourceManager for type Compositor
18:21:56: Unregistering ResourceManager for type Font
18:21:56: Unregistering ResourceManager for type Skeleton
18:21:56: Unregistering ResourceManager for type Mesh
18:21:56: Unregistering ResourceManager for type HighLevelGpuProgram
18:21:56: Uninstalling plugin: Octree & Terrain Scene Manager
18:21:56: Plugin successfully uninstalled
18:21:56: Unloading library .\Plugin_OctreeSceneManager
18:21:56: Uninstalling plugin: Octree Zone Factory
18:21:56: Plugin successfully uninstalled
18:21:56: Unloading library .\Plugin_OctreeZone.dll
18:21:56: Uninstalling plugin: Portal Connected Zone Scene Manager
18:21:56: Plugin successfully uninstalled
18:21:56: Unloading library .\Plugin_PCZSceneManager.dll
18:21:56: Uninstalling plugin: Cg Program Manager
18:21:56: Plugin successfully uninstalled
18:21:56: Unloading library .\Plugin_CgProgramManager
18:21:56: Uninstalling plugin: BSP Scene Manager
18:21:56: Plugin successfully uninstalled
18:21:56: Unloading library .\Plugin_BSPSceneManager
18:21:56: Uninstalling plugin: ParticleFX
18:21:56: Plugin successfully uninstalled
18:21:56: Unloading library .\Plugin_ParticleFX
18:21:56: Uninstalling plugin: GL RenderSystem
18:21:56: *** Stopping Win32GL Subsystem ***
18:21:56: Plugin successfully uninstalled
18:21:56: Unloading library .\RenderSystem_GL
18:21:56: Uninstalling plugin: D3D9 RenderSystem
18:21:56: D3D9 : Shutting down cleanly.
18:21:56: D3D9 : Direct3D9 Rendering Subsystem destroyed.
18:21:56: Plugin successfully uninstalled
18:21:56: Unloading library .\RenderSystem_Direct3D9
18:21:56: Unregistering ResourceManager for type Material
