21:43:31: Creating resource group General
21:43:31: Creating resource group Internal
21:43:31: Creating resource group Autodetect
21:43:31: SceneManagerFactory for type 'DefaultSceneManager' registered.
21:43:31: Registering ResourceManager for type Material
21:43:31: Registering ResourceManager for type Mesh
21:43:31: Registering ResourceManager for type Skeleton
21:43:31: MovableObjectFactory for type 'ParticleSystem' registered.
21:43:31: OverlayElementFactory for type Panel registered.
21:43:31: OverlayElementFactory for type BorderPanel registered.
21:43:31: OverlayElementFactory for type TextArea registered.
21:43:31: Registering ResourceManager for type Font
21:43:31: ArchiveFactory for archive type FileSystem registered.
21:43:31: ArchiveFactory for archive type Zip registered.
21:43:31: FreeImage version: 3.10.0
21:43:31: This program uses FreeImage, a free, open source image library supporting all common bitmap formats. See http://freeimage.sourceforge.net for details
21:43:31: Supported formats: bmp,ico,jpg,jif,jpeg,jpe,jng,koa,iff,lbm,mng,pbm,pbm,pcd,pcx,pgm,pgm,png,ppm,ppm,ras,tga,targa,tif,tiff,wap,wbmp,wbm,psd,cut,xbm,xpm,gif,hdr,g3,sgi,exr,j2k,j2c,jp2
21:43:31: DDS codec registering
21:43:31: Registering ResourceManager for type HighLevelGpuProgram
21:43:31: Registering ResourceManager for type Compositor
21:43:31: MovableObjectFactory for type 'Entity' registered.
21:43:31: MovableObjectFactory for type 'Light' registered.
21:43:31: MovableObjectFactory for type 'BillboardSet' registered.
21:43:31: MovableObjectFactory for type 'ManualObject' registered.
21:43:31: MovableObjectFactory for type 'BillboardChain' registered.
21:43:31: MovableObjectFactory for type 'RibbonTrail' registered.
21:43:31: Loading library .\RenderSystem_Direct3D9
21:43:31: Installing plugin: D3D9 RenderSystem
21:43:31: D3D9 : Direct3D9 Rendering Subsystem created.
21:43:31: D3D9: Driver Detection Starts
21:43:31: D3D9: Driver Detection Ends
21:43:31: Plugin successfully installed
21:43:31: Loading library .\RenderSystem_GL
21:43:31: Installing plugin: GL RenderSystem
21:43:31: OpenGL Rendering Subsystem created.
21:43:31: Plugin successfully installed
21:43:31: Loading library .\Plugin_ParticleFX
21:43:31: Installing plugin: ParticleFX
21:43:31: Particle Emitter Type 'Point' registered
21:43:31: Particle Emitter Type 'Box' registered
21:43:31: Particle Emitter Type 'Ellipsoid' registered
21:43:31: Particle Emitter Type 'Cylinder' registered
21:43:31: Particle Emitter Type 'Ring' registered
21:43:31: Particle Emitter Type 'HollowEllipsoid' registered
21:43:31: Particle Affector Type 'LinearForce' registered
21:43:31: Particle Affector Type 'ColourFader' registered
21:43:31: Particle Affector Type 'ColourFader2' registered
21:43:31: Particle Affector Type 'ColourImage' registered
21:43:31: Particle Affector Type 'ColourInterpolator' registered
21:43:31: Particle Affector Type 'Scaler' registered
21:43:31: Particle Affector Type 'Rotator' registered
21:43:31: Particle Affector Type 'DirectionRandomiser' registered
21:43:31: Particle Affector Type 'DeflectorPlane' registered
21:43:31: Plugin successfully installed
21:43:31: *-*-* OGRE Initialising
21:43:31: *-*-* Version 1.6.4 (Shoggoth)
21:43:31: D3D9 : RenderSystem Option: Allow NVPerfHUD = No
21:43:31: D3D9 : RenderSystem Option: Anti aliasing = Level 4
21:43:31: D3D9 : RenderSystem Option: Floating-point mode = Fastest
21:43:31: D3D9 : RenderSystem Option: Full Screen = No
21:43:31: D3D9 : RenderSystem Option: Rendering Device = NVIDIA GeForce 8800 GTS
21:43:31: D3D9 : RenderSystem Option: VSync = No
21:43:31: D3D9 : RenderSystem Option: Video Mode = 1280 x 768 @ 32-bit colour
21:43:31: D3D9 : RenderSystem Option: sRGB Gamma Conversion = No
21:43:32: CPU Identifier & Features
21:43:32: -------------------------
21:43:32:  *   CPU ID: AuthenticAMD: AMD Athlon(tm) 64 X2 Dual Core Processor 6000+
21:43:32:  *      SSE: yes
21:43:32:  *     SSE2: yes
21:43:32:  *     SSE3: yes
21:43:32:  *      MMX: yes
21:43:32:  *   MMXEXT: yes
21:43:32:  *    3DNOW: yes
21:43:32:  * 3DNOWEXT: yes
21:43:32:  *     CMOV: yes
21:43:32:  *      TSC: yes
21:43:32:  *      FPU: yes
21:43:32:  *      PRO: yes
21:43:32:  *       HT: no
21:43:32: -------------------------
21:43:32: D3D9 : Subsystem Initialising
21:43:32: D3D9RenderSystem::_createRenderWindow "Parker And Holt", 1280x768 windowed  miscParams: FSAA=4 FSAAQuality=0 colourDepth=32 gamma=false useNVPerfHUD=false vsync=false 
21:43:32: D3D9 : Created D3D9 Rendering Window 'Parker And Holt' : 1280x768, 32bpp
21:43:32: D3D9 : WARNING - disabling VSync in windowed mode can cause timing issues at lower frame rates, turn VSync on if you observe this problem.
21:43:32: Registering ResourceManager for type Texture
21:43:32: Registering ResourceManager for type GpuProgram
21:43:32: D3D9: Vertex texture format supported - PF_FLOAT16_RGB
21:43:32: D3D9: Vertex texture format supported - PF_FLOAT16_RGBA
21:43:32: D3D9: Vertex texture format supported - PF_FLOAT32_RGB
21:43:32: D3D9: Vertex texture format supported - PF_FLOAT32_RGBA
21:43:32: D3D9: Vertex texture format supported - PF_FLOAT16_R
21:43:32: D3D9: Vertex texture format supported - PF_FLOAT32_R
21:43:32: D3D9: Vertex texture format supported - PF_FLOAT16_GR
21:43:32: D3D9: Vertex texture format supported - PF_FLOAT32_GR
21:43:32: RenderSystem capabilities
21:43:32: -------------------------
21:43:32: RenderSystem Name: Direct3D9 Rendering Subsystem
21:43:32: GPU Vendor: nvidia
21:43:32: Device Name: NVIDIA GeForce 8800 GTS
21:43:32: Driver Version: 8.17.11.9562
21:43:32:  * Fixed function pipeline: yes
21:43:32:  * Hardware generation of mipmaps: yes
21:43:32:  * Texture blending: yes
21:43:32:  * Anisotropic texture filtering: yes
21:43:32:  * Dot product texture operation: yes
21:43:32:  * Cube mapping: yes
21:43:32:  * Hardware stencil buffer: yes
21:43:32:    - Stencil depth: 8
21:43:32:    - Two sided stencil support: yes
21:43:32:    - Wrap stencil values: yes
21:43:32:  * Hardware vertex / index buffers: yes
21:43:32:  * Vertex programs: yes
21:43:32:  * Fragment programs: yes
21:43:32:  * Geometry programs: no
21:43:32:  * Supported Shader Profiles: hlsl ps_1_1 ps_1_2 ps_1_3 ps_1_4 ps_2_0 ps_2_a ps_2_b ps_2_x ps_3_0 vs_1_1 vs_2_0 vs_2_a vs_2_x vs_3_0
21:43:32:  * Texture Compression: yes
21:43:32:    - DXT: yes
21:43:32:    - VTC: no
21:43:32:  * Scissor Rectangle: yes
21:43:32:  * Hardware Occlusion Query: yes
21:43:32:  * User clip planes: yes
21:43:32:  * VET_UBYTE4 vertex element type: yes
21:43:32:  * Infinite far plane projection: yes
21:43:32:  * Hardware render-to-texture: yes
21:43:32:  * Floating point textures: yes
21:43:32:  * Non-power-of-two textures: yes
21:43:32:  * Volume textures: yes
21:43:32:  * Multiple Render Targets: 4
21:43:32:    - With different bit depths: yes
21:43:32:  * Point Sprites: yes
21:43:32:  * Extended point parameters: yes
21:43:32:  * Max Point Size: 8192
21:43:32:  * Vertex texture fetch: yes
21:43:32:    - Max vertex textures: 4
21:43:32:    - Vertex textures shared: no
21:43:32:  * Render to Vertex Buffer : no
21:43:32:  * DirectX per stage constants: yes
21:43:32: ***************************************
21:43:32: *** D3D9 : Subsystem Initialised OK ***
21:43:32: ***************************************
21:43:32: ResourceBackgroundQueue - threading disabled
21:43:32: Particle Renderer Type 'billboard' registered
21:43:32: Creating resource group Bootstrap
21:43:32: Added resource location '../../media/packs/OgreCore.zip' of type 'Zip' to resource group 'Bootstrap'
21:43:32: Added resource location '../../Media/Common/packs/OgreCore.zip' of type 'Zip' to resource group 'Bootstrap'
21:43:32: Added resource location '../../Media' of type 'FileSystem' to resource group 'General'
21:43:32: Added resource location '../../media' of type 'FileSystem' to resource group 'General'
21:43:32: Added resource location '../../media/fonts' of type 'FileSystem' to resource group 'General'
21:43:32: Added resource location '../../media/materials/programs' of type 'FileSystem' to resource group 'General'
21:43:32: Added resource location '../../media/materials/scripts' of type 'FileSystem' to resource group 'General'
21:43:32: Added resource location '../../media/materials/textures' of type 'FileSystem' to resource group 'General'
21:43:32: Added resource location '../../media/models' of type 'FileSystem' to resource group 'General'
21:43:32: Added resource location '../../media/overlays' of type 'FileSystem' to resource group 'General'
21:43:32: Added resource location '../../media/particle' of type 'FileSystem' to resource group 'General'
21:43:32: Added resource location '../../media/gui' of type 'FileSystem' to resource group 'General'
21:43:32: Added resource location '../../media/BloodyCake' of type 'FileSystem' to resource group 'General'
21:43:32: Parsing scripts for resource group Autodetect
21:43:32: Finished parsing scripts for resource group Autodetect
21:43:32: Parsing scripts for resource group Bootstrap
21:43:32: Parsing script OgreCore.material
21:43:32: Parsing script OgreProfiler.material
21:43:32: Parsing script OgreCore.material
21:43:32: Parsing script OgreProfiler.material
21:43:33: Parsing script Ogre.fontdef
21:43:33: Parsing script Ogre.fontdef
21:43:33: Parsing script OgreDebugPanel.overlay
21:43:33: Texture: New_Ogre_Border_Center.png: Loading 1 faces(PF_A8R8G8B8,256x128x1) with  hardware generated mipmaps from Image. Internal format is PF_A8R8G8B8,256x128x1.
21:43:33: Texture: New_Ogre_Border.png: Loading 1 faces(PF_A8R8G8B8,256x256x1) with  hardware generated mipmaps from Image. Internal format is PF_A8R8G8B8,256x256x1.
21:43:33: Texture: New_Ogre_Border_Break.png: Loading 1 faces(PF_A8R8G8B8,32x32x1) with  hardware generated mipmaps from Image. Internal format is PF_A8R8G8B8,32x32x1.
21:43:33: Font BlueHighwayusing texture size 512x512
21:43:33: Info: Freetype returned null for character 127 in font BlueHighway
21:43:33: Info: Freetype returned null for character 128 in font BlueHighway
21:43:33: Info: Freetype returned null for character 129 in font BlueHighway
21:43:33: Info: Freetype returned null for character 130 in font BlueHighway
21:43:33: Info: Freetype returned null for character 131 in font BlueHighway
21:43:33: Info: Freetype returned null for character 132 in font BlueHighway
21:43:33: Info: Freetype returned null for character 133 in font BlueHighway
21:43:33: Info: Freetype returned null for character 134 in font BlueHighway
21:43:33: Info: Freetype returned null for character 135 in font BlueHighway
21:43:33: Info: Freetype returned null for character 136 in font BlueHighway
21:43:33: Info: Freetype returned null for character 137 in font BlueHighway
21:43:33: Info: Freetype returned null for character 138 in font BlueHighway
21:43:33: Info: Freetype returned null for character 139 in font BlueHighway
21:43:33: Info: Freetype returned null for character 140 in font BlueHighway
21:43:33: Info: Freetype returned null for character 141 in font BlueHighway
21:43:33: Info: Freetype returned null for character 142 in font BlueHighway
21:43:33: Info: Freetype returned null for character 143 in font BlueHighway
21:43:33: Info: Freetype returned null for character 144 in font BlueHighway
21:43:33: Info: Freetype returned null for character 145 in font BlueHighway
21:43:33: Info: Freetype returned null for character 146 in font BlueHighway
21:43:33: Info: Freetype returned null for character 147 in font BlueHighway
21:43:33: Info: Freetype returned null for character 148 in font BlueHighway
21:43:33: Info: Freetype returned null for character 149 in font BlueHighway
21:43:33: Info: Freetype returned null for character 150 in font BlueHighway
21:43:33: Info: Freetype returned null for character 151 in font BlueHighway
21:43:33: Info: Freetype returned null for character 152 in font BlueHighway
21:43:33: Info: Freetype returned null for character 153 in font BlueHighway
21:43:33: Info: Freetype returned null for character 154 in font BlueHighway
21:43:33: Info: Freetype returned null for character 155 in font BlueHighway
21:43:33: Info: Freetype returned null for character 156 in font BlueHighway
21:43:33: Info: Freetype returned null for character 157 in font BlueHighway
21:43:33: Info: Freetype returned null for character 158 in font BlueHighway
21:43:33: Info: Freetype returned null for character 159 in font BlueHighway
21:43:33: Info: Freetype returned null for character 160 in font BlueHighway
21:43:33: Texture: BlueHighwayTexture: Loading 1 faces(PF_BYTE_LA,512x512x1) with 0 generated mipmaps from Image. Internal format is PF_BYTE_LA,512x512x1.
21:43:33: Parsing script OgreLoadingPanel.overlay
21:43:33: Parsing script OgreDebugPanel.overlay
21:43:33: Skipping loading overlay include: 'OgreDebugPanel.overlay as it is already loaded.
21:43:33: Parsing script OgreLoadingPanel.overlay
21:43:33: Skipping loading overlay include: 'OgreLoadingPanel.overlay as it is already loaded.
21:43:33: Finished parsing scripts for resource group Bootstrap
21:43:33: Parsing scripts for resource group General
21:43:33: Parsing script Examples.program
21:43:33: Parsing script StdQuad_vp.program
21:43:33: Parsing script ASCII.material
21:43:33: Parsing script ASMSwizzle.material
21:43:33: Compiler error: object unsupported by render system in ASMSwizzle.material(1)
21:43:33: Parsing script baseIsland.material
21:43:33: Parsing script BigIsland.material
21:43:33: Parsing script BlackAndWhite.material
21:43:33: Parsing script Block.material
21:43:33: Parsing script Bloom.material
21:43:33: Parsing script Bloom2.material
21:43:33: Parsing script bush.material
21:43:33: Parsing script CGSwizzle.material
21:43:33: Parsing script CheckPoint.material
21:43:33: Parsing script Cliff.material
21:43:33: Parsing script CliffFace.material
21:43:33: Parsing script CliffFace2.material
21:43:33: Parsing script clouds.material
21:43:33: Parsing script Crane.material
21:43:33: Parsing script crate.material
21:43:33: Parsing script debugDraw.material
21:43:33: Parsing script DepthShadowmap.material
21:43:33: Parsing script Dither.material
21:43:33: Parsing script DOF.material
21:43:33: Parsing script Embossed.material
21:43:33: Parsing script Example-DynTex.material
21:43:33: Parsing script Example-Water.material
21:43:33: Parsing script Example.material
21:43:33: Parsing script Examples-Advanced.material
21:43:33: Parsing script exit.material
21:43:33: Parsing script facial.material
21:43:33: Parsing script FadingPlatform.material
21:43:33: Parsing script FloorSwitch.material
21:43:33: Parsing script Glass.material
21:43:33: Parsing script GLSLSwizzle.material
21:43:33: Parsing script Halftone.material
21:43:33: Parsing script hdr.material
21:43:33: Parsing script HeatVision.material
21:43:33: Parsing script Hurt.material
21:43:33: Parsing script instancing.material
21:43:33: Parsing script Invert.material
21:43:33: Parsing script Island.material
21:43:33: Parsing script IsoSurf.material
21:43:33: Parsing script Laplace.material
21:43:33: Parsing script LeverArm.material
21:43:33: Parsing script LeverPole.material
21:43:33: Parsing script MainMenuIsland.material
21:43:33: Parsing script MattsCheckPoint.material
21:43:33: Parsing script MotionBlur.material
21:43:33: Parsing script MRTtest.material
21:43:33: Parsing script MyBox.material
21:43:33: Parsing script myMaterials.material
21:43:33: Parsing script MyWall.material
21:43:33: Parsing script NightVision.material
21:43:33: Parsing script Ocean.material
21:43:33: Parsing script OffsetMapping.material
21:43:33: Parsing script Ogre.material
21:43:33: Parsing script OldMovie.material
21:43:33: Parsing script OldTV.material
21:43:33: Parsing script Overlay.material
21:43:33: Parsing script Overlay2.material
21:43:33: Parsing script parkor.material
21:43:33: Parsing script ParticleGS.material
21:43:33: Parsing script PE_materials.material
21:43:33: Parsing script Posterize.material
21:43:33: Parsing script pssm.material
21:43:33: Parsing script RadialBlur.material
21:43:33: Parsing script RedPickUp.material
21:43:33: Parsing script RZR-002.material
21:43:33: Parsing script SharpenEdges.material
21:43:33: Parsing script SideWall.material
21:43:33: Parsing script smoke.material
21:43:33: Parsing script Stairs.material
21:43:33: Parsing script start.material
21:43:33: Parsing script Terrain.material
21:43:33: Parsing script Tiling.material
21:43:33: Parsing script TransparentBox.material
21:43:33: Parsing script tree.material
21:43:33: Parsing script VarianceShadowmap.material
21:43:33: Parsing script 00ambient.material
21:43:33: Parsing script 00diffuse.material
21:43:33: Parsing script 00shadow_caster.material
21:43:33: Parsing script bgui.material
21:43:33: Compiler error: unknown error in bgui.material(218): token "#" is not recognized
21:43:33: Compiler error: unknown error in bgui.material(285): token "#" is not recognized
21:43:33: Compiler error: unknown error in bgui.material(641): token "#" is not recognized
21:43:33: Compiler error: unknown error in bgui.material(774): token "#" is not recognized
21:43:33: Parsing script cc.material
21:43:33: Parsing script emitted_emitter.particle
21:43:33: Parsing script Example-Water.particle
21:43:33: Parsing script Example.particle
21:43:33: Parsing script FadingBox.particle
21:43:33: Parsing script FadingPlatform.particle
21:43:33: Parsing script smoke.particle
21:43:33: Parsing script Examples.compositor
21:43:33: Parsing script sample.fontdef
21:43:33: Parsing script MgOpen.fontdef
21:43:33: Parsing script Compositor.overlay
21:43:33: Parsing script DP3.overlay
21:43:33: Parsing script Example-CubeMapping.overlay
21:43:33: Parsing script Example-DynTex.overlay
21:43:33: Parsing script Example-Water.overlay
21:43:33: Parsing script FadeInOut.overlay
21:43:33: Texture: trauma2.png: Loading 1 faces(PF_A8R8G8B8,800x600x1) with 5 generated mipmaps from Image. Internal format is PF_A8R8G8B8,800x600x1.
21:43:34: Parsing script FadeInOut2.overlay
21:43:34: Parsing script PaHOverlay.overlay
21:43:34: Parsing script Shadows.overlay
21:43:34: Finished parsing scripts for resource group General
21:43:34: Parsing scripts for resource group Internal
21:43:34: Finished parsing scripts for resource group Internal
21:43:34: Parker and Holt initialized
21:43:34: Entering MenuState...
21:43:34: Can't assign material  to SubEntity of PlatformPlaneEntity2 because this Material does not exist. Have you forgotten to define it in a .material script?
21:43:34: Pausing MenuState...
21:43:34: Entering PhysicsState...
21:43:34: Mesh: Loading start.mesh.
21:43:34: Skeleton: Loading start.skeleton
21:43:34: Texture: door_start.png: Loading 1 faces(PF_R8G8B8,1024x1024x1) with  hardware generated mipmaps from Image. Internal format is PF_X8R8G8B8,1024x1024x1.
21:43:34: Mesh: Loading exit.mesh.
21:43:34: Skeleton: Loading exit.skeleton
21:43:34: Texture: door_exit.png: Loading 1 faces(PF_R8G8B8,1024x1024x1) with  hardware generated mipmaps from Image. Internal format is PF_X8R8G8B8,1024x1024x1.
21:43:34: Mesh: Loading MainMenuIsland.mesh.
21:43:34: WARNING: MainMenuIsland.mesh is an older format ([MeshSerializer_v1.30]); you should upgrade it as soon as possible using the OgreMeshUpgrade tool.
21:43:34: Texture: Floor04.jpg: Loading 1 faces(PF_R8G8B8,256x256x1) with  hardware generated mipmaps from Image. Internal format is PF_X8R8G8B8,256x256x1.
21:43:34: Texture: bbCloud2.png: Loading 1 faces(PF_A8R8G8B8,256x256x1) with  hardware generated mipmaps from Image. Internal format is PF_A8R8G8B8,256x256x1.
21:43:34: Texture: bbCloud1.png: Loading 1 faces(PF_A8R8G8B8,256x256x1) with  hardware generated mipmaps from Image. Internal format is PF_A8R8G8B8,256x256x1.
21:43:34: Mesh: Loading TransparentBox.mesh.
21:43:34: WARNING: TransparentBox.mesh is an older format ([MeshSerializer_v1.30]); you should upgrade it as soon as possible using the OgreMeshUpgrade tool.
21:43:34: Mesh: Loading parkor.mesh.
21:43:34: Skeleton: Loading parkor.skeleton
21:43:34: Mesh: Loading sphere.mesh.
21:43:34: Texture: alphaBlue.png: Loading 1 faces(PF_A8R8G8B8,16x16x1) with  hardware generated mipmaps from Image. Internal format is PF_A8R8G8B8,16x16x1.
21:43:34: WARNING: material Ogre/Compositor/BlackAndWhite has no supportable Techniques and will be blank. Explanation: 
Pass 0: Vertex program Ogre/Compositor/StdQuad_Cg_vp cannot be used - not supported.

21:43:34: WARNING: material Ogre/Compositor/BlackAndWhite has no supportable Techniques and will be blank. Explanation: 
Pass 0: Vertex program Ogre/Compositor/StdQuad_Cg_vp cannot be used - not supported.

21:43:34: CompositorChain: Compositor B&W has no supported techniques.
21:43:34: Texture: spot_shadow_fade.png: Loading 1 faces(PF_R8G8B8,128x128x1) with  hardware generated mipmaps from Image. Internal format is PF_X8R8G8B8,128x128x1.
21:43:34: Texture: flare.png: Loading 1 faces(PF_R8G8B8,256x256x1) with  hardware generated mipmaps from Image. Internal format is PF_X8R8G8B8,256x256x1.
21:43:42: Mesh: Loading cube.1m.mesh.
21:43:42: WARNING: material cube-from-nxogre.org has no supportable Techniques and will be blank. Explanation: 
Pass 0: Vertex program ambient_vs cannot be used - not supported.

21:43:49: Leaving PhysicsState...
21:43:49: Resuming MenuState...
21:43:50: Leaving MenuState...
21:43:50: Main loop quit
21:43:50: Shutdown OGRE...
21:43:50: *-*-* OGRE Shutdown
21:43:50: Unregistering ResourceManager for type Compositor
21:43:50: Unregistering ResourceManager for type Font
21:43:50: Unregistering ResourceManager for type Skeleton
21:43:50: Unregistering ResourceManager for type Mesh
21:43:50: Unregistering ResourceManager for type HighLevelGpuProgram
21:43:50: Uninstalling plugin: ParticleFX
21:43:50: Plugin successfully uninstalled
21:43:50: Unloading library .\Plugin_ParticleFX
21:43:50: Uninstalling plugin: GL RenderSystem
21:43:50: *** Stopping Win32GL Subsystem ***
21:43:50: Plugin successfully uninstalled
21:43:50: Unloading library .\RenderSystem_GL
21:43:50: Uninstalling plugin: D3D9 RenderSystem
21:43:50: D3D9 : Shutting down cleanly.
21:43:50: Unregistering ResourceManager for type Texture
21:43:50: Unregistering ResourceManager for type GpuProgram
21:43:50: D3D9 : Direct3D9 Rendering Subsystem destroyed.
21:43:50: Plugin successfully uninstalled
21:43:50: Unloading library .\RenderSystem_Direct3D9
21:43:50: Unregistering ResourceManager for type Material
