19:51:12: Edge Data
19:51:12: ---------
19:51:12: Triangle 0 = {indexSet=0, vertexSet=0, v0=18, v1=17, v2=16}
19:51:12: Triangle 1 = {indexSet=0, vertexSet=0, v0=15, v1=14, v2=12}
19:51:12: Triangle 2 = {indexSet=0, vertexSet=0, v0=14, v1=13, v2=12}
19:51:12: Triangle 3 = {indexSet=0, vertexSet=0, v0=23, v1=22, v2=20}
19:51:12: Triangle 4 = {indexSet=0, vertexSet=0, v0=22, v1=21, v2=20}
19:51:12: Triangle 5 = {indexSet=0, vertexSet=0, v0=19, v1=18, v2=16}
19:51:12: Triangle 6 = {indexSet=0, vertexSet=0, v0=6, v1=5, v2=4}
19:51:12: Triangle 7 = {indexSet=0, vertexSet=0, v0=3, v1=2, v2=0}
19:51:12: Triangle 8 = {indexSet=0, vertexSet=0, v0=2, v1=1, v2=0}
19:51:12: Triangle 9 = {indexSet=0, vertexSet=0, v0=11, v1=10, v2=8}
19:51:12: Triangle 10 = {indexSet=0, vertexSet=0, v0=10, v1=9, v2=8}
19:51:12: Triangle 11 = {indexSet=0, vertexSet=0, v0=7, v1=6, v2=4}
19:51:12: Edge Group vertexSet=0
19:51:12: Edge 0 = {
  tri0=0, 
  tri1=1, 
  v0=18, 
  v1=17, 
  degenerate=false 
}
19:51:12: Edge 1 = {
  tri0=0, 
  tri1=9, 
  v0=17, 
  v1=16, 
  degenerate=false 
}
19:51:12: Edge 2 = {
  tri0=0, 
  tri1=5, 
  v0=16, 
  v1=18, 
  degenerate=false 
}
19:51:12: Edge 3 = {
  tri0=1, 
  tri1=2, 
  v0=14, 
  v1=12, 
  degenerate=false 
}
19:51:13: Edge 4 = {
  tri0=1, 
  tri1=10, 
  v0=12, 
  v1=15, 
  degenerate=false 
}
19:51:13: Edge 5 = {
  tri0=2, 
  tri1=7, 
  v0=14, 
  v1=13, 
  degenerate=false 
}
19:51:13: Edge 6 = {
  tri0=2, 
  tri1=4, 
  v0=13, 
  v1=12, 
  degenerate=false 
}
19:51:13: Edge 7 = {
  tri0=3, 
  tri1=10, 
  v0=23, 
  v1=22, 
  degenerate=false 
}
19:51:13: Edge 8 = {
  tri0=3, 
  tri1=4, 
  v0=22, 
  v1=20, 
  degenerate=false 
}
19:51:13: Edge 9 = {
  tri0=3, 
  tri1=6, 
  v0=20, 
  v1=23, 
  degenerate=false 
}
19:51:13: Edge 10 = {
  tri0=4, 
  tri1=8, 
  v0=21, 
  v1=20, 
  degenerate=false 
}
19:51:13: Edge 11 = {
  tri0=5, 
  tri1=7, 
  v0=19, 
  v1=18, 
  degenerate=false 
}
19:51:13: Edge 12 = {
  tri0=5, 
  tri1=11, 
  v0=16, 
  v1=19, 
  degenerate=false 
}
19:51:13: Edge 13 = {
  tri0=6, 
  tri1=9, 
  v0=6, 
  v1=5, 
  degenerate=false 
}
19:51:13: Edge 14 = {
  tri0=6, 
  tri1=11, 
  v0=4, 
  v1=6, 
  degenerate=false 
}
19:51:13: Edge 15 = {
  tri0=7, 
  tri1=8, 
  v0=2, 
  v1=0, 
  degenerate=false 
}
19:51:13: Edge 16 = {
  tri0=8, 
  tri1=11, 
  v0=2, 
  v1=1, 
  degenerate=false 
}
19:51:13: Edge 17 = {
  tri0=9, 
  tri1=10, 
  v0=10, 
  v1=8, 
  degenerate=false 
}
