11:31:21: Creating resource group General
11:31:21: Creating resource group Internal
11:31:21: Creating resource group Autodetect
11:31:21: SceneManagerFactory for type 'DefaultSceneManager' registered.
11:31:21: Registering ResourceManager for type Material
11:31:21: Registering ResourceManager for type Mesh
11:31:21: Registering ResourceManager for type Skeleton
11:31:21: MovableObjectFactory for type 'ParticleSystem' registered.
11:31:21: OverlayElementFactory for type Panel registered.
11:31:21: OverlayElementFactory for type BorderPanel registered.
11:31:21: OverlayElementFactory for type TextArea registered.
11:31:21: Registering ResourceManager for type Font
11:31:21: ArchiveFactory for archive type FileSystem registered.
11:31:21: ArchiveFactory for archive type Zip registered.
11:31:21: FreeImage version: 3.10.0
11:31:21: This program uses FreeImage, a free, open source image library supporting all common bitmap formats. See http://freeimage.sourceforge.net for details
11:31:21: Supported formats: bmp,ico,jpg,jif,jpeg,jpe,jng,koa,iff,lbm,mng,pbm,pbm,pcd,pcx,pgm,pgm,png,ppm,ppm,ras,tga,targa,tif,tiff,wap,wbmp,wbm,psd,cut,xbm,xpm,gif,hdr,g3,sgi,exr,j2k,j2c,jp2
11:31:21: DDS codec registering
11:31:21: Registering ResourceManager for type HighLevelGpuProgram
11:31:21: Registering ResourceManager for type Compositor
11:31:21: MovableObjectFactory for type 'Entity' registered.
11:31:21: MovableObjectFactory for type 'Light' registered.
11:31:21: MovableObjectFactory for type 'BillboardSet' registered.
11:31:21: MovableObjectFactory for type 'ManualObject' registered.
11:31:21: MovableObjectFactory for type 'BillboardChain' registered.
11:31:21: MovableObjectFactory for type 'RibbonTrail' registered.
11:31:21: Loading library .\RenderSystem_Direct3D9_d
11:31:22: Installing plugin: D3D9 RenderSystem
11:31:22: D3D9 : Direct3D9 Rendering Subsystem created.
11:31:22: D3D9: Driver Detection Starts
11:31:22: D3D9: Driver Detection Ends
11:31:22: Plugin successfully installed
11:31:22: Loading library .\RenderSystem_GL_d
11:31:22: Installing plugin: GL RenderSystem
11:31:22: OpenGL Rendering Subsystem created.
11:31:23: Plugin successfully installed
11:31:23: Loading library .\Plugin_ParticleFX_d
11:31:23: Installing plugin: ParticleFX
11:31:23: Particle Emitter Type 'Point' registered
11:31:23: Particle Emitter Type 'Box' registered
11:31:23: Particle Emitter Type 'Ellipsoid' registered
11:31:23: Particle Emitter Type 'Cylinder' registered
11:31:23: Particle Emitter Type 'Ring' registered
11:31:23: Particle Emitter Type 'HollowEllipsoid' registered
11:31:23: Particle Affector Type 'LinearForce' registered
11:31:23: Particle Affector Type 'ColourFader' registered
11:31:23: Particle Affector Type 'ColourFader2' registered
11:31:23: Particle Affector Type 'ColourImage' registered
11:31:23: Particle Affector Type 'ColourInterpolator' registered
11:31:23: Particle Affector Type 'Scaler' registered
11:31:23: Particle Affector Type 'Rotator' registered
11:31:23: Particle Affector Type 'DirectionRandomiser' registered
11:31:23: Particle Affector Type 'DeflectorPlane' registered
11:31:23: Plugin successfully installed
11:31:23: Loading library .\Plugin_BSPSceneManager_d
11:31:23: Installing plugin: BSP Scene Manager
11:31:23: Plugin successfully installed
11:31:23: Loading library .\Plugin_CgProgramManager_d
11:31:23: Installing plugin: Cg Program Manager
11:31:23: Plugin successfully installed
11:31:23: Loading library .\Plugin_PCZSceneManager_d.dll
11:31:23: Installing plugin: Portal Connected Zone Scene Manager
11:31:23: PCZone Factory Type 'ZoneType_Default' registered
11:31:23: Plugin successfully installed
11:31:23: Loading library .\Plugin_OctreeZone_d.dll
11:31:23: Installing plugin: Octree Zone Factory
11:31:23: Plugin successfully installed
11:31:23: Loading library .\Plugin_OctreeSceneManager_d
11:31:24: Installing plugin: Octree & Terrain Scene Manager
11:31:24: Plugin successfully installed
11:31:24: *-*-* OGRE Initialising
11:31:24: *-*-* Version 1.6.4 (Shoggoth)
11:31:24: Creating resource group Bootstrap
11:31:24: Added resource location '../../media/packs/OgreCore.zip' of type 'Zip' to resource group 'Bootstrap'
11:31:24: Added resource location '../../Media/Common/packs/OgreCore.zip' of type 'Zip' to resource group 'Bootstrap'
11:31:24: Added resource location '../../Media' of type 'FileSystem' to resource group 'General'
11:31:24: Added resource location '../../media/BloodyCake' of type 'FileSystem' to resource group 'General'
11:31:24: Added resource location '../../Media/MyGUI_Media' of type 'FileSystem' to resource group 'General'
11:31:24: Added resource location '../../Media/Tools/LayoutEditor' of type 'FileSystem' to resource group 'General'
11:31:24: Added resource location '../../media' of type 'FileSystem' to resource group 'General'
11:31:24: Added resource location '../../media/fonts' of type 'FileSystem' to resource group 'General'
11:31:24: Added resource location '../../media/materials/programs' of type 'FileSystem' to resource group 'General'
11:31:24: Added resource location '../../media/materials/scripts' of type 'FileSystem' to resource group 'General'
11:31:24: Added resource location '../../media/materials/textures' of type 'FileSystem' to resource group 'General'
11:31:24: Added resource location '../../media/models' of type 'FileSystem' to resource group 'General'
11:31:24: Added resource location '../../media/overlays' of type 'FileSystem' to resource group 'General'
11:31:24: Added resource location '../../media/particle' of type 'FileSystem' to resource group 'General'
11:31:24: Added resource location '../../media/gui' of type 'FileSystem' to resource group 'General'
11:31:24: Added resource location '../../media/packs/cubemap.zip' of type 'Zip' to resource group 'General'
11:31:24: Added resource location '../../media/packs/cubemapsJS.zip' of type 'Zip' to resource group 'General'
11:31:24: Added resource location '../../media/packs/dragon.zip' of type 'Zip' to resource group 'General'
11:31:24: Added resource location '../../media/packs/fresneldemo.zip' of type 'Zip' to resource group 'General'
11:31:24: Added resource location '../../media/packs/ogretestmap.zip' of type 'Zip' to resource group 'General'
11:31:24: Added resource location '../../media/packs/skybox.zip' of type 'Zip' to resource group 'General'
11:31:24: Added resource location '../../media/packs/bguires.zip' of type 'Zip' to resource group 'General'
11:31:24: D3D9 : RenderSystem Option: Allow NVPerfHUD = No
11:31:24: D3D9 : RenderSystem Option: Anti aliasing = None
11:31:24: D3D9 : RenderSystem Option: Floating-point mode = Consistent
11:31:24: D3D9 : RenderSystem Option: Full Screen = No
11:31:24: D3D9 : RenderSystem Option: Rendering Device = NVIDIA GeForce 8800 GTS
11:31:24: D3D9 : RenderSystem Option: VSync = No
11:31:24: D3D9 : RenderSystem Option: Video Mode = 1280 x 768 @ 32-bit colour
11:31:24: D3D9 : RenderSystem Option: sRGB Gamma Conversion = No
11:31:25: *-*-* OGRE Shutdown
11:31:25: Unregistering ResourceManager for type Compositor
11:31:25: Unregistering ResourceManager for type Font
11:31:25: Unregistering ResourceManager for type Skeleton
11:31:25: Unregistering ResourceManager for type Mesh
11:31:25: Unregistering ResourceManager for type HighLevelGpuProgram
11:31:25: Uninstalling plugin: Octree & Terrain Scene Manager
11:31:25: Plugin successfully uninstalled
11:31:25: Unloading library .\Plugin_OctreeSceneManager_d
11:31:25: Uninstalling plugin: Octree Zone Factory
11:31:25: Plugin successfully uninstalled
11:31:25: Unloading library .\Plugin_OctreeZone_d.dll
11:31:25: Uninstalling plugin: Portal Connected Zone Scene Manager
11:31:25: Plugin successfully uninstalled
11:31:25: Unloading library .\Plugin_PCZSceneManager_d.dll
11:31:25: Uninstalling plugin: Cg Program Manager
11:31:25: Plugin successfully uninstalled
11:31:25: Unloading library .\Plugin_CgProgramManager_d
11:31:25: Uninstalling plugin: BSP Scene Manager
11:31:25: Plugin successfully uninstalled
11:31:25: Unloading library .\Plugin_BSPSceneManager_d
11:31:25: Uninstalling plugin: ParticleFX
11:31:25: Plugin successfully uninstalled
11:31:25: Unloading library .\Plugin_ParticleFX_d
11:31:25: Uninstalling plugin: GL RenderSystem
11:31:25: *** Stopping Win32GL Subsystem ***
11:31:25: Plugin successfully uninstalled
11:31:25: Unloading library .\RenderSystem_GL_d
11:31:25: Uninstalling plugin: D3D9 RenderSystem
11:31:25: D3D9 : Shutting down cleanly.
11:31:25: D3D9 : Direct3D9 Rendering Subsystem destroyed.
11:31:25: Plugin successfully uninstalled
11:31:25: Unloading library .\RenderSystem_Direct3D9_d
11:31:25: Unregistering ResourceManager for type Material
