02:28:08: Edge Data
02:28:08: ---------
02:28:08: Triangle 0 = {indexSet=0, vertexSet=0, v0=1, v1=33, v2=0}
02:28:08: Triangle 1 = {indexSet=0, vertexSet=0, v0=0, v1=33, v2=34}
02:28:08: Triangle 2 = {indexSet=0, vertexSet=0, v0=2, v1=32, v2=224}
02:28:08: Triangle 3 = {indexSet=0, vertexSet=0, v0=224, v1=32, v2=225}
02:28:08: Triangle 4 = {indexSet=0, vertexSet=0, v0=3, v1=31, v2=2}
02:28:08: Triangle 5 = {indexSet=0, vertexSet=0, v0=2, v1=31, v2=32}
02:28:08: Triangle 6 = {indexSet=0, vertexSet=0, v0=3, v1=4, v2=31}
02:28:08: Triangle 7 = {indexSet=0, vertexSet=0, v0=31, v1=4, v2=30}
02:28:08: Triangle 8 = {indexSet=0, vertexSet=0, v0=4, v1=5, v2=30}
02:28:08: Triangle 9 = {indexSet=0, vertexSet=0, v0=30, v1=5, v2=29}
02:28:08: Triangle 10 = {indexSet=0, vertexSet=0, v0=5, v1=6, v2=29}
02:28:08: Triangle 11 = {indexSet=0, vertexSet=0, v0=29, v1=6, v2=36}
02:28:08: Triangle 12 = {indexSet=0, vertexSet=0, v0=6, v1=7, v2=36}
02:28:08: Triangle 13 = {indexSet=0, vertexSet=0, v0=36, v1=7, v2=35}
02:28:08: Triangle 14 = {indexSet=0, vertexSet=0, v0=0, v1=34, v2=7}
02:28:08: Triangle 15 = {indexSet=0, vertexSet=0, v0=7, v1=34, v2=35}
02:28:08: Triangle 16 = {indexSet=0, vertexSet=0, v0=8, v1=9, v2=10}
02:28:08: Triangle 17 = {indexSet=0, vertexSet=0, v0=9, v1=8, v2=10}
02:28:08: Triangle 18 = {indexSet=0, vertexSet=0, v0=11, v1=12, v2=10}
02:28:08: Triangle 19 = {indexSet=0, vertexSet=0, v0=12, v1=11, v2=10}
02:28:08: Triangle 20 = {indexSet=0, vertexSet=0, v0=21, v1=48, v2=22}
02:28:08: Triangle 21 = {indexSet=0, vertexSet=0, v0=22, v1=48, v2=49}
02:28:08: Triangle 22 = {indexSet=0, vertexSet=0, v0=22, v1=49, v2=23}
02:28:08: Triangle 23 = {indexSet=0, vertexSet=0, v0=23, v1=49, v2=50}
02:28:08: Triangle 24 = {indexSet=0, vertexSet=0, v0=24, v1=23, v2=51}
02:28:08: Triangle 25 = {indexSet=0, vertexSet=0, v0=51, v1=23, v2=50}
02:28:08: Triangle 26 = {indexSet=0, vertexSet=0, v0=25, v1=24, v2=52}
02:28:08: Triangle 27 = {indexSet=0, vertexSet=0, v0=52, v1=24, v2=51}
02:28:08: Triangle 28 = {indexSet=0, vertexSet=0, v0=26, v1=226, v2=45}
02:28:08: Triangle 29 = {indexSet=0, vertexSet=0, v0=45, v1=226, v2=227}
02:28:08: Triangle 30 = {indexSet=0, vertexSet=0, v0=27, v1=26, v2=46}
02:28:08: Triangle 31 = {indexSet=0, vertexSet=0, v0=46, v1=26, v2=45}
02:28:08: Triangle 32 = {indexSet=0, vertexSet=0, v0=27, v1=46, v2=28}
02:28:08: Triangle 33 = {indexSet=0, vertexSet=0, v0=28, v1=46, v2=47}
02:28:08: Triangle 34 = {indexSet=0, vertexSet=0, v0=28, v1=47, v2=21}
02:28:08: Triangle 35 = {indexSet=0, vertexSet=0, v0=21, v1=47, v2=48}
02:28:08: Triangle 36 = {indexSet=0, vertexSet=0, v0=30, v1=29, v2=22}
02:28:08: Triangle 37 = {indexSet=0, vertexSet=0, v0=22, v1=29, v2=21}
02:28:08: Triangle 38 = {indexSet=0, vertexSet=0, v0=31, v1=30, v2=23}
02:28:08: Triangle 39 = {indexSet=0, vertexSet=0, v0=23, v1=30, v2=22}
02:28:08: Triangle 40 = {indexSet=0, vertexSet=0, v0=31, v1=23, v2=32}
02:28:08: Triangle 41 = {indexSet=0, vertexSet=0, v0=32, v1=23, v2=24}
02:28:08: Triangle 42 = {indexSet=0, vertexSet=0, v0=32, v1=24, v2=225}
02:28:08: Triangle 43 = {indexSet=0, vertexSet=0, v0=225, v1=24, v2=25}
02:28:08: Triangle 44 = {indexSet=0, vertexSet=0, v0=33, v1=226, v2=34}
02:28:08: Triangle 45 = {indexSet=0, vertexSet=0, v0=34, v1=226, v2=26}
02:28:08: Triangle 46 = {indexSet=0, vertexSet=0, v0=35, v1=34, v2=27}
02:28:08: Triangle 47 = {indexSet=0, vertexSet=0, v0=27, v1=34, v2=26}
02:28:08: Triangle 48 = {indexSet=0, vertexSet=0, v0=36, v1=35, v2=28}
02:28:08: Triangle 49 = {indexSet=0, vertexSet=0, v0=28, v1=35, v2=27}
02:28:08: Triangle 50 = {indexSet=0, vertexSet=0, v0=29, v1=36, v2=21}
02:28:08: Triangle 51 = {indexSet=0, vertexSet=0, v0=21, v1=36, v2=28}
02:28:08: Triangle 52 = {indexSet=0, vertexSet=0, v0=37, v1=20, v2=38}
02:28:08: Triangle 53 = {indexSet=0, vertexSet=0, v0=38, v1=20, v2=13}
02:28:08: Triangle 54 = {indexSet=0, vertexSet=0, v0=38, v1=13, v2=39}
02:28:08: Triangle 55 = {indexSet=0, vertexSet=0, v0=39, v1=13, v2=14}
02:28:08: Triangle 56 = {indexSet=0, vertexSet=0, v0=39, v1=14, v2=40}
02:28:08: Triangle 57 = {indexSet=0, vertexSet=0, v0=40, v1=14, v2=15}
02:28:08: Triangle 58 = {indexSet=0, vertexSet=0, v0=40, v1=15, v2=41}
02:28:08: Triangle 59 = {indexSet=0, vertexSet=0, v0=41, v1=15, v2=16}
02:28:08: Triangle 60 = {indexSet=0, vertexSet=0, v0=41, v1=16, v2=42}
02:28:08: Triangle 61 = {indexSet=0, vertexSet=0, v0=42, v1=16, v2=17}
02:28:08: Triangle 62 = {indexSet=0, vertexSet=0, v0=43, v1=228, v2=18}
02:28:08: Triangle 63 = {indexSet=0, vertexSet=0, v0=18, v1=228, v2=229}
02:28:08: Triangle 64 = {indexSet=0, vertexSet=0, v0=44, v1=43, v2=19}
02:28:08: Triangle 65 = {indexSet=0, vertexSet=0, v0=19, v1=43, v2=18}
02:28:08: Triangle 66 = {indexSet=0, vertexSet=0, v0=37, v1=44, v2=20}
02:28:08: Triangle 67 = {indexSet=0, vertexSet=0, v0=20, v1=44, v2=19}
02:28:08: Triangle 68 = {indexSet=0, vertexSet=0, v0=46, v1=45, v2=44}
02:28:08: Triangle 69 = {indexSet=0, vertexSet=0, v0=44, v1=45, v2=43}
02:28:08: Triangle 70 = {indexSet=0, vertexSet=0, v0=47, v1=46, v2=37}
02:28:08: Triangle 71 = {indexSet=0, vertexSet=0, v0=37, v1=46, v2=44}
02:28:08: Triangle 72 = {indexSet=0, vertexSet=0, v0=47, v1=37, v2=48}
02:28:08: Triangle 73 = {indexSet=0, vertexSet=0, v0=48, v1=37, v2=38}
02:28:08: Triangle 74 = {indexSet=0, vertexSet=0, v0=48, v1=38, v2=49}
02:28:08: Triangle 75 = {indexSet=0, vertexSet=0, v0=49, v1=38, v2=39}
02:28:08: Triangle 76 = {indexSet=0, vertexSet=0, v0=49, v1=39, v2=50}
02:28:08: Triangle 77 = {indexSet=0, vertexSet=0, v0=50, v1=39, v2=40}
02:28:08: Triangle 78 = {indexSet=0, vertexSet=0, v0=50, v1=40, v2=51}
02:28:08: Triangle 79 = {indexSet=0, vertexSet=0, v0=51, v1=40, v2=41}
02:28:08: Triangle 80 = {indexSet=0, vertexSet=0, v0=51, v1=41, v2=52}
02:28:08: Triangle 81 = {indexSet=0, vertexSet=0, v0=52, v1=41, v2=42}
02:28:08: Triangle 82 = {indexSet=0, vertexSet=0, v0=45, v1=227, v2=43}
02:28:08: Triangle 83 = {indexSet=0, vertexSet=0, v0=43, v1=227, v2=228}
02:28:08: Triangle 84 = {indexSet=0, vertexSet=0, v0=186, v1=187, v2=53}
02:28:08: Triangle 85 = {indexSet=0, vertexSet=0, v0=53, v1=187, v2=54}
02:28:08: Triangle 86 = {indexSet=0, vertexSet=0, v0=188, v1=55, v2=187}
02:28:08: Triangle 87 = {indexSet=0, vertexSet=0, v0=187, v1=55, v2=54}
02:28:08: Triangle 88 = {indexSet=0, vertexSet=0, v0=230, v1=189, v2=231}
02:28:08: Triangle 89 = {indexSet=0, vertexSet=0, v0=231, v1=189, v2=56}
02:28:08: Triangle 90 = {indexSet=0, vertexSet=0, v0=190, v1=57, v2=189}
02:28:08: Triangle 91 = {indexSet=0, vertexSet=0, v0=189, v1=57, v2=56}
02:28:08: Triangle 92 = {indexSet=0, vertexSet=0, v0=190, v1=191, v2=57}
02:28:08: Triangle 93 = {indexSet=0, vertexSet=0, v0=57, v1=191, v2=58}
02:28:08: Triangle 94 = {indexSet=0, vertexSet=0, v0=192, v1=59, v2=191}
02:28:08: Triangle 95 = {indexSet=0, vertexSet=0, v0=191, v1=59, v2=58}
02:28:08: Triangle 96 = {indexSet=0, vertexSet=0, v0=192, v1=193, v2=59}
02:28:08: Triangle 97 = {indexSet=0, vertexSet=0, v0=59, v1=193, v2=60}
02:28:08: Triangle 98 = {indexSet=0, vertexSet=0, v0=186, v1=53, v2=193}
02:28:08: Triangle 99 = {indexSet=0, vertexSet=0, v0=193, v1=53, v2=60}
02:28:08: Triangle 100 = {indexSet=0, vertexSet=0, v0=54, v1=62, v2=53}
02:28:08: Triangle 101 = {indexSet=0, vertexSet=0, v0=53, v1=62, v2=61}
02:28:08: Triangle 102 = {indexSet=0, vertexSet=0, v0=54, v1=55, v2=62}
02:28:08: Triangle 103 = {indexSet=0, vertexSet=0, v0=62, v1=55, v2=63}
02:28:08: Triangle 104 = {indexSet=0, vertexSet=0, v0=56, v1=64, v2=231}
02:28:08: Triangle 105 = {indexSet=0, vertexSet=0, v0=231, v1=64, v2=232}
02:28:08: Triangle 106 = {indexSet=0, vertexSet=0, v0=56, v1=57, v2=64}
02:28:08: Triangle 107 = {indexSet=0, vertexSet=0, v0=64, v1=57, v2=65}
02:28:08: Triangle 108 = {indexSet=0, vertexSet=0, v0=58, v1=66, v2=57}
02:28:08: Triangle 109 = {indexSet=0, vertexSet=0, v0=57, v1=66, v2=65}
02:28:08: Triangle 110 = {indexSet=0, vertexSet=0, v0=58, v1=59, v2=66}
02:28:08: Triangle 111 = {indexSet=0, vertexSet=0, v0=66, v1=59, v2=67}
02:28:08: Triangle 112 = {indexSet=0, vertexSet=0, v0=60, v1=68, v2=59}
02:28:08: Triangle 113 = {indexSet=0, vertexSet=0, v0=59, v1=68, v2=67}
02:28:08: Triangle 114 = {indexSet=0, vertexSet=0, v0=60, v1=53, v2=68}
02:28:08: Triangle 115 = {indexSet=0, vertexSet=0, v0=68, v1=53, v2=61}
02:28:08: Triangle 116 = {indexSet=0, vertexSet=0, v0=233, v1=234, v2=69}
02:28:08: Triangle 117 = {indexSet=0, vertexSet=0, v0=69, v1=234, v2=235}
02:28:08: Triangle 118 = {indexSet=0, vertexSet=0, v0=64, v1=65, v2=236}
02:28:08: Triangle 119 = {indexSet=0, vertexSet=0, v0=236, v1=65, v2=66}
02:28:08: Triangle 120 = {indexSet=0, vertexSet=0, v0=66, v1=67, v2=236}
02:28:08: Triangle 121 = {indexSet=0, vertexSet=0, v0=236, v1=67, v2=68}
02:28:08: Triangle 122 = {indexSet=0, vertexSet=0, v0=68, v1=61, v2=236}
02:28:08: Triangle 123 = {indexSet=0, vertexSet=0, v0=236, v1=61, v2=62}
02:28:08: Triangle 124 = {indexSet=0, vertexSet=0, v0=70, v1=72, v2=195}
02:28:08: Triangle 125 = {indexSet=0, vertexSet=0, v0=195, v1=72, v2=71}
02:28:08: Triangle 126 = {indexSet=0, vertexSet=0, v0=70, v1=237, v2=72}
02:28:08: Triangle 127 = {indexSet=0, vertexSet=0, v0=72, v1=237, v2=73}
02:28:08: Triangle 128 = {indexSet=0, vertexSet=0, v0=237, v1=238, v2=73}
02:28:08: Triangle 129 = {indexSet=0, vertexSet=0, v0=73, v1=238, v2=74}
02:28:08: Triangle 130 = {indexSet=0, vertexSet=0, v0=239, v1=75, v2=238}
02:28:08: Triangle 131 = {indexSet=0, vertexSet=0, v0=238, v1=75, v2=74}
02:28:08: Triangle 132 = {indexSet=0, vertexSet=0, v0=239, v1=196, v2=75}
02:28:08: Triangle 133 = {indexSet=0, vertexSet=0, v0=75, v1=196, v2=76}
02:28:08: Triangle 134 = {indexSet=0, vertexSet=0, v0=196, v1=197, v2=76}
02:28:08: Triangle 135 = {indexSet=0, vertexSet=0, v0=76, v1=197, v2=77}
02:28:08: Triangle 136 = {indexSet=0, vertexSet=0, v0=198, v1=78, v2=197}
02:28:08: Triangle 137 = {indexSet=0, vertexSet=0, v0=197, v1=78, v2=77}
02:28:08: Triangle 138 = {indexSet=0, vertexSet=0, v0=198, v1=195, v2=78}
02:28:08: Triangle 139 = {indexSet=0, vertexSet=0, v0=78, v1=195, v2=71}
02:28:08: Triangle 140 = {indexSet=0, vertexSet=0, v0=72, v1=73, v2=79}
02:28:08: Triangle 141 = {indexSet=0, vertexSet=0, v0=79, v1=73, v2=74}
02:28:08: Triangle 142 = {indexSet=0, vertexSet=0, v0=74, v1=75, v2=79}
02:28:08: Triangle 143 = {indexSet=0, vertexSet=0, v0=79, v1=75, v2=76}
02:28:08: Triangle 144 = {indexSet=0, vertexSet=0, v0=76, v1=77, v2=79}
02:28:08: Triangle 145 = {indexSet=0, vertexSet=0, v0=79, v1=77, v2=78}
02:28:08: Triangle 146 = {indexSet=0, vertexSet=0, v0=78, v1=71, v2=79}
02:28:08: Triangle 147 = {indexSet=0, vertexSet=0, v0=79, v1=71, v2=72}
02:28:08: Triangle 148 = {indexSet=0, vertexSet=0, v0=190, v1=199, v2=80}
02:28:08: Triangle 149 = {indexSet=0, vertexSet=0, v0=80, v1=199, v2=81}
02:28:08: Triangle 150 = {indexSet=0, vertexSet=0, v0=240, v1=86, v2=196}
02:28:08: Triangle 151 = {indexSet=0, vertexSet=0, v0=196, v1=86, v2=85}
02:28:08: Triangle 152 = {indexSet=0, vertexSet=0, v0=240, v1=191, v2=86}
02:28:08: Triangle 153 = {indexSet=0, vertexSet=0, v0=86, v1=191, v2=87}
02:28:08: Triangle 154 = {indexSet=0, vertexSet=0, v0=80, v1=88, v2=191}
02:28:08: Triangle 155 = {indexSet=0, vertexSet=0, v0=191, v1=88, v2=87}
02:28:08: Triangle 156 = {indexSet=0, vertexSet=0, v0=80, v1=81, v2=88}
02:28:08: Triangle 157 = {indexSet=0, vertexSet=0, v0=88, v1=81, v2=89}
02:28:08: Triangle 158 = {indexSet=0, vertexSet=0, v0=82, v1=90, v2=81}
02:28:08: Triangle 159 = {indexSet=0, vertexSet=0, v0=81, v1=90, v2=89}
02:28:08: Triangle 160 = {indexSet=0, vertexSet=0, v0=82, v1=83, v2=90}
02:28:08: Triangle 161 = {indexSet=0, vertexSet=0, v0=90, v1=83, v2=91}
02:28:08: Triangle 162 = {indexSet=0, vertexSet=0, v0=84, v1=92, v2=83}
02:28:08: Triangle 163 = {indexSet=0, vertexSet=0, v0=83, v1=92, v2=91}
02:28:08: Triangle 164 = {indexSet=0, vertexSet=0, v0=84, v1=196, v2=92}
02:28:08: Triangle 165 = {indexSet=0, vertexSet=0, v0=92, v1=196, v2=85}
02:28:08: Triangle 166 = {indexSet=0, vertexSet=0, v0=86, v1=87, v2=93}
02:28:08: Triangle 167 = {indexSet=0, vertexSet=0, v0=93, v1=87, v2=88}
02:28:08: Triangle 168 = {indexSet=0, vertexSet=0, v0=88, v1=89, v2=93}
02:28:08: Triangle 169 = {indexSet=0, vertexSet=0, v0=93, v1=89, v2=90}
02:28:08: Triangle 170 = {indexSet=0, vertexSet=0, v0=90, v1=91, v2=93}
02:28:08: Triangle 171 = {indexSet=0, vertexSet=0, v0=93, v1=91, v2=92}
02:28:08: Triangle 172 = {indexSet=0, vertexSet=0, v0=92, v1=85, v2=93}
02:28:08: Triangle 173 = {indexSet=0, vertexSet=0, v0=93, v1=85, v2=86}
02:28:08: Triangle 174 = {indexSet=0, vertexSet=0, v0=241, v1=242, v2=94}
02:28:08: Triangle 175 = {indexSet=0, vertexSet=0, v0=94, v1=242, v2=95}
02:28:08: Triangle 176 = {indexSet=0, vertexSet=0, v0=243, v1=96, v2=242}
02:28:08: Triangle 177 = {indexSet=0, vertexSet=0, v0=242, v1=96, v2=95}
02:28:08: Triangle 178 = {indexSet=0, vertexSet=0, v0=243, v1=202, v2=96}
02:28:08: Triangle 179 = {indexSet=0, vertexSet=0, v0=96, v1=202, v2=97}
02:28:08: Triangle 180 = {indexSet=0, vertexSet=0, v0=200, v1=99, v2=201}
02:28:08: Triangle 181 = {indexSet=0, vertexSet=0, v0=201, v1=99, v2=98}
02:28:08: Triangle 182 = {indexSet=0, vertexSet=0, v0=244, v1=241, v2=100}
02:28:08: Triangle 183 = {indexSet=0, vertexSet=0, v0=100, v1=241, v2=94}
02:28:08: Triangle 184 = {indexSet=0, vertexSet=0, v0=94, v1=95, v2=101}
02:28:08: Triangle 185 = {indexSet=0, vertexSet=0, v0=101, v1=95, v2=102}
02:28:08: Triangle 186 = {indexSet=0, vertexSet=0, v0=95, v1=96, v2=102}
02:28:08: Triangle 187 = {indexSet=0, vertexSet=0, v0=102, v1=96, v2=103}
02:28:08: Triangle 188 = {indexSet=0, vertexSet=0, v0=96, v1=97, v2=103}
02:28:08: Triangle 189 = {indexSet=0, vertexSet=0, v0=103, v1=97, v2=104}
02:28:08: Triangle 190 = {indexSet=0, vertexSet=0, v0=97, v1=98, v2=104}
02:28:08: Triangle 191 = {indexSet=0, vertexSet=0, v0=104, v1=98, v2=105}
02:28:08: Triangle 192 = {indexSet=0, vertexSet=0, v0=98, v1=99, v2=105}
02:28:08: Triangle 193 = {indexSet=0, vertexSet=0, v0=105, v1=99, v2=106}
02:28:08: Triangle 194 = {indexSet=0, vertexSet=0, v0=99, v1=203, v2=106}
02:28:08: Triangle 195 = {indexSet=0, vertexSet=0, v0=106, v1=203, v2=107}
02:28:08: Triangle 196 = {indexSet=0, vertexSet=0, v0=203, v1=100, v2=107}
02:28:08: Triangle 197 = {indexSet=0, vertexSet=0, v0=107, v1=100, v2=108}
02:28:08: Triangle 198 = {indexSet=0, vertexSet=0, v0=100, v1=94, v2=108}
02:28:08: Triangle 199 = {indexSet=0, vertexSet=0, v0=108, v1=94, v2=101}
02:28:08: Triangle 200 = {indexSet=0, vertexSet=0, v0=102, v1=103, v2=109}
02:28:08: Triangle 201 = {indexSet=0, vertexSet=0, v0=109, v1=103, v2=104}
02:28:08: Triangle 202 = {indexSet=0, vertexSet=0, v0=104, v1=105, v2=109}
02:28:08: Triangle 203 = {indexSet=0, vertexSet=0, v0=109, v1=105, v2=106}
02:28:08: Triangle 204 = {indexSet=0, vertexSet=0, v0=106, v1=107, v2=109}
02:28:08: Triangle 205 = {indexSet=0, vertexSet=0, v0=109, v1=107, v2=108}
02:28:08: Triangle 206 = {indexSet=0, vertexSet=0, v0=108, v1=101, v2=109}
02:28:08: Triangle 207 = {indexSet=0, vertexSet=0, v0=109, v1=101, v2=102}
02:28:08: Triangle 208 = {indexSet=0, vertexSet=0, v0=245, v1=237, v2=110}
02:28:08: Triangle 209 = {indexSet=0, vertexSet=0, v0=110, v1=237, v2=111}
02:28:08: Triangle 210 = {indexSet=0, vertexSet=0, v0=237, v1=194, v2=111}
02:28:08: Triangle 211 = {indexSet=0, vertexSet=0, v0=111, v1=194, v2=112}
02:28:08: Triangle 212 = {indexSet=0, vertexSet=0, v0=202, v1=246, v2=113}
02:28:08: Triangle 213 = {indexSet=0, vertexSet=0, v0=113, v1=246, v2=114}
02:28:08: Triangle 214 = {indexSet=0, vertexSet=0, v0=247, v1=245, v2=248}
02:28:08: Triangle 215 = {indexSet=0, vertexSet=0, v0=248, v1=245, v2=110}
02:28:08: Triangle 216 = {indexSet=0, vertexSet=0, v0=111, v1=116, v2=110}
02:28:08: Triangle 217 = {indexSet=0, vertexSet=0, v0=110, v1=116, v2=115}
02:28:08: Triangle 218 = {indexSet=0, vertexSet=0, v0=111, v1=112, v2=116}
02:28:08: Triangle 219 = {indexSet=0, vertexSet=0, v0=116, v1=112, v2=117}
02:28:08: Triangle 220 = {indexSet=0, vertexSet=0, v0=204, v1=118, v2=112}
02:28:08: Triangle 221 = {indexSet=0, vertexSet=0, v0=112, v1=118, v2=117}
02:28:08: Triangle 222 = {indexSet=0, vertexSet=0, v0=204, v1=205, v2=118}
02:28:08: Triangle 223 = {indexSet=0, vertexSet=0, v0=118, v1=205, v2=119}
02:28:08: Triangle 224 = {indexSet=0, vertexSet=0, v0=206, v1=120, v2=249}
02:28:08: Triangle 225 = {indexSet=0, vertexSet=0, v0=249, v1=120, v2=250}
02:28:08: Triangle 226 = {indexSet=0, vertexSet=0, v0=206, v1=113, v2=120}
02:28:08: Triangle 227 = {indexSet=0, vertexSet=0, v0=120, v1=113, v2=121}
02:28:08: Triangle 228 = {indexSet=0, vertexSet=0, v0=114, v1=122, v2=113}
02:28:08: Triangle 229 = {indexSet=0, vertexSet=0, v0=113, v1=122, v2=121}
02:28:08: Triangle 230 = {indexSet=0, vertexSet=0, v0=248, v1=110, v2=251}
02:28:08: Triangle 231 = {indexSet=0, vertexSet=0, v0=251, v1=110, v2=115}
02:28:08: Triangle 232 = {indexSet=0, vertexSet=0, v0=116, v1=117, v2=123}
02:28:08: Triangle 233 = {indexSet=0, vertexSet=0, v0=123, v1=117, v2=118}
02:28:08: Triangle 234 = {indexSet=0, vertexSet=0, v0=252, v1=250, v2=253}
02:28:08: Triangle 235 = {indexSet=0, vertexSet=0, v0=253, v1=250, v2=120}
02:28:08: Triangle 236 = {indexSet=0, vertexSet=0, v0=120, v1=121, v2=253}
02:28:08: Triangle 237 = {indexSet=0, vertexSet=0, v0=253, v1=121, v2=122}
02:28:08: Triangle 238 = {indexSet=0, vertexSet=0, v0=251, v1=115, v2=123}
02:28:08: Triangle 239 = {indexSet=0, vertexSet=0, v0=123, v1=115, v2=116}
02:28:08: Triangle 240 = {indexSet=0, vertexSet=0, v0=208, v1=125, v2=207}
02:28:08: Triangle 241 = {indexSet=0, vertexSet=0, v0=207, v1=125, v2=124}
02:28:08: Triangle 242 = {indexSet=0, vertexSet=0, v0=200, v1=124, v2=126}
02:28:08: Triangle 243 = {indexSet=0, vertexSet=0, v0=126, v1=124, v2=127}
02:28:08: Triangle 244 = {indexSet=0, vertexSet=0, v0=124, v1=125, v2=127}
02:28:08: Triangle 245 = {indexSet=0, vertexSet=0, v0=127, v1=125, v2=128}
02:28:08: Triangle 246 = {indexSet=0, vertexSet=0, v0=209, v1=129, v2=125}
02:28:08: Triangle 247 = {indexSet=0, vertexSet=0, v0=125, v1=129, v2=128}
02:28:08: Triangle 248 = {indexSet=0, vertexSet=0, v0=244, v1=203, v2=132}
02:28:08: Triangle 249 = {indexSet=0, vertexSet=0, v0=132, v1=203, v2=133}
02:28:08: Triangle 250 = {indexSet=0, vertexSet=0, v0=203, v1=126, v2=133}
02:28:08: Triangle 251 = {indexSet=0, vertexSet=0, v0=133, v1=126, v2=134}
02:28:08: Triangle 252 = {indexSet=0, vertexSet=0, v0=127, v1=135, v2=126}
02:28:08: Triangle 253 = {indexSet=0, vertexSet=0, v0=126, v1=135, v2=134}
02:28:08: Triangle 254 = {indexSet=0, vertexSet=0, v0=127, v1=128, v2=135}
02:28:08: Triangle 255 = {indexSet=0, vertexSet=0, v0=135, v1=128, v2=136}
02:28:08: Triangle 256 = {indexSet=0, vertexSet=0, v0=129, v1=137, v2=128}
02:28:08: Triangle 257 = {indexSet=0, vertexSet=0, v0=128, v1=137, v2=136}
02:28:08: Triangle 258 = {indexSet=0, vertexSet=0, v0=210, v1=130, v2=129}
02:28:08: Triangle 259 = {indexSet=0, vertexSet=0, v0=129, v1=130, v2=137}
02:28:08: Triangle 260 = {indexSet=0, vertexSet=0, v0=131, v1=132, v2=138}
02:28:08: Triangle 261 = {indexSet=0, vertexSet=0, v0=138, v1=132, v2=133}
02:28:08: Triangle 262 = {indexSet=0, vertexSet=0, v0=133, v1=134, v2=138}
02:28:08: Triangle 263 = {indexSet=0, vertexSet=0, v0=138, v1=134, v2=135}
02:28:08: Triangle 264 = {indexSet=0, vertexSet=0, v0=135, v1=136, v2=138}
02:28:08: Triangle 265 = {indexSet=0, vertexSet=0, v0=138, v1=136, v2=137}
02:28:08: Triangle 266 = {indexSet=0, vertexSet=0, v0=137, v1=130, v2=138}
02:28:08: Triangle 267 = {indexSet=0, vertexSet=0, v0=138, v1=130, v2=131}
02:28:08: Triangle 268 = {indexSet=0, vertexSet=0, v0=209, v1=139, v2=141}
02:28:08: Triangle 269 = {indexSet=0, vertexSet=0, v0=141, v1=139, v2=142}
02:28:08: Triangle 270 = {indexSet=0, vertexSet=0, v0=139, v1=211, v2=142}
02:28:08: Triangle 271 = {indexSet=0, vertexSet=0, v0=142, v1=211, v2=143}
02:28:08: Triangle 272 = {indexSet=0, vertexSet=0, v0=211, v1=185, v2=143}
02:28:08: Triangle 273 = {indexSet=0, vertexSet=0, v0=143, v1=185, v2=140}
02:28:08: Triangle 274 = {indexSet=0, vertexSet=0, v0=254, v1=145, v2=140}
02:28:08: Triangle 275 = {indexSet=0, vertexSet=0, v0=140, v1=145, v2=144}
02:28:08: Triangle 276 = {indexSet=0, vertexSet=0, v0=254, v1=197, v2=145}
02:28:08: Triangle 277 = {indexSet=0, vertexSet=0, v0=145, v1=197, v2=146}
02:28:08: Triangle 278 = {indexSet=0, vertexSet=0, v0=84, v1=147, v2=197}
02:28:08: Triangle 279 = {indexSet=0, vertexSet=0, v0=197, v1=147, v2=146}
02:28:08: Triangle 280 = {indexSet=0, vertexSet=0, v0=255, v1=148, v2=84}
02:28:08: Triangle 281 = {indexSet=0, vertexSet=0, v0=84, v1=148, v2=147}
02:28:08: Triangle 282 = {indexSet=0, vertexSet=0, v0=255, v1=141, v2=148}
02:28:08: Triangle 283 = {indexSet=0, vertexSet=0, v0=148, v1=141, v2=149}
02:28:08: Triangle 284 = {indexSet=0, vertexSet=0, v0=141, v1=142, v2=149}
02:28:08: Triangle 285 = {indexSet=0, vertexSet=0, v0=149, v1=142, v2=150}
02:28:08: Triangle 286 = {indexSet=0, vertexSet=0, v0=143, v1=151, v2=142}
02:28:08: Triangle 287 = {indexSet=0, vertexSet=0, v0=142, v1=151, v2=150}
02:28:08: Triangle 288 = {indexSet=0, vertexSet=0, v0=143, v1=140, v2=151}
02:28:08: Triangle 289 = {indexSet=0, vertexSet=0, v0=151, v1=140, v2=144}
02:28:08: Triangle 290 = {indexSet=0, vertexSet=0, v0=145, v1=146, v2=152}
02:28:08: Triangle 291 = {indexSet=0, vertexSet=0, v0=152, v1=146, v2=147}
02:28:08: Triangle 292 = {indexSet=0, vertexSet=0, v0=147, v1=148, v2=152}
02:28:08: Triangle 293 = {indexSet=0, vertexSet=0, v0=152, v1=148, v2=149}
02:28:08: Triangle 294 = {indexSet=0, vertexSet=0, v0=149, v1=150, v2=152}
02:28:08: Triangle 295 = {indexSet=0, vertexSet=0, v0=152, v1=150, v2=151}
02:28:08: Triangle 296 = {indexSet=0, vertexSet=0, v0=151, v1=144, v2=152}
02:28:08: Triangle 297 = {indexSet=0, vertexSet=0, v0=152, v1=144, v2=145}
02:28:08: Triangle 298 = {indexSet=0, vertexSet=0, v0=154, v1=157, v2=211}
02:28:08: Triangle 299 = {indexSet=0, vertexSet=0, v0=211, v1=157, v2=156}
02:28:08: Triangle 300 = {indexSet=0, vertexSet=0, v0=154, v1=212, v2=157}
02:28:08: Triangle 301 = {indexSet=0, vertexSet=0, v0=157, v1=212, v2=158}
02:28:08: Triangle 302 = {indexSet=0, vertexSet=0, v0=212, v1=213, v2=158}
02:28:08: Triangle 303 = {indexSet=0, vertexSet=0, v0=158, v1=213, v2=155}
02:28:08: Triangle 304 = {indexSet=0, vertexSet=0, v0=204, v1=160, v2=155}
02:28:08: Triangle 305 = {indexSet=0, vertexSet=0, v0=155, v1=160, v2=159}
02:28:08: Triangle 306 = {indexSet=0, vertexSet=0, v0=194, v1=195, v2=161}
02:28:08: Triangle 307 = {indexSet=0, vertexSet=0, v0=161, v1=195, v2=162}
02:28:08: Triangle 308 = {indexSet=0, vertexSet=0, v0=195, v1=185, v2=162}
02:28:08: Triangle 309 = {indexSet=0, vertexSet=0, v0=162, v1=185, v2=163}
02:28:08: Triangle 310 = {indexSet=0, vertexSet=0, v0=156, v1=164, v2=185}
02:28:08: Triangle 311 = {indexSet=0, vertexSet=0, v0=185, v1=164, v2=163}
02:28:08: Triangle 312 = {indexSet=0, vertexSet=0, v0=156, v1=157, v2=164}
02:28:08: Triangle 313 = {indexSet=0, vertexSet=0, v0=164, v1=157, v2=165}
02:28:08: Triangle 314 = {indexSet=0, vertexSet=0, v0=158, v1=166, v2=157}
02:28:08: Triangle 315 = {indexSet=0, vertexSet=0, v0=157, v1=166, v2=165}
02:28:08: Triangle 316 = {indexSet=0, vertexSet=0, v0=158, v1=155, v2=166}
02:28:08: Triangle 317 = {indexSet=0, vertexSet=0, v0=166, v1=155, v2=159}
02:28:08: Triangle 318 = {indexSet=0, vertexSet=0, v0=160, v1=161, v2=167}
02:28:08: Triangle 319 = {indexSet=0, vertexSet=0, v0=167, v1=161, v2=162}
02:28:08: Triangle 320 = {indexSet=0, vertexSet=0, v0=162, v1=163, v2=167}
02:28:08: Triangle 321 = {indexSet=0, vertexSet=0, v0=167, v1=163, v2=164}
02:28:08: Triangle 322 = {indexSet=0, vertexSet=0, v0=164, v1=165, v2=167}
02:28:08: Triangle 323 = {indexSet=0, vertexSet=0, v0=167, v1=165, v2=166}
02:28:08: Triangle 324 = {indexSet=0, vertexSet=0, v0=166, v1=159, v2=167}
02:28:08: Triangle 325 = {indexSet=0, vertexSet=0, v0=167, v1=159, v2=160}
02:28:08: Triangle 326 = {indexSet=0, vertexSet=0, v0=200, v1=201, v2=169}
02:28:08: Triangle 327 = {indexSet=0, vertexSet=0, v0=169, v1=201, v2=153}
02:28:08: Triangle 328 = {indexSet=0, vertexSet=0, v0=212, v1=168, v2=171}
02:28:08: Triangle 329 = {indexSet=0, vertexSet=0, v0=171, v1=168, v2=172}
02:28:08: Triangle 330 = {indexSet=0, vertexSet=0, v0=256, v1=207, v2=257}
02:28:08: Triangle 331 = {indexSet=0, vertexSet=0, v0=257, v1=207, v2=173}
02:28:08: Triangle 332 = {indexSet=0, vertexSet=0, v0=207, v1=200, v2=173}
02:28:08: Triangle 333 = {indexSet=0, vertexSet=0, v0=173, v1=200, v2=169}
02:28:08: Triangle 334 = {indexSet=0, vertexSet=0, v0=153, v1=175, v2=169}
02:28:08: Triangle 335 = {indexSet=0, vertexSet=0, v0=169, v1=175, v2=174}
02:28:08: Triangle 336 = {indexSet=0, vertexSet=0, v0=258, v1=176, v2=153}
02:28:08: Triangle 337 = {indexSet=0, vertexSet=0, v0=153, v1=176, v2=175}
02:28:08: Triangle 338 = {indexSet=0, vertexSet=0, v0=249, v1=177, v2=258}
02:28:08: Triangle 339 = {indexSet=0, vertexSet=0, v0=258, v1=177, v2=176}
02:28:08: Triangle 340 = {indexSet=0, vertexSet=0, v0=249, v1=170, v2=177}
02:28:08: Triangle 341 = {indexSet=0, vertexSet=0, v0=177, v1=170, v2=178}
02:28:08: Triangle 342 = {indexSet=0, vertexSet=0, v0=259, v1=179, v2=170}
02:28:08: Triangle 343 = {indexSet=0, vertexSet=0, v0=170, v1=179, v2=178}
02:28:08: Triangle 344 = {indexSet=0, vertexSet=0, v0=259, v1=257, v2=179}
02:28:08: Triangle 345 = {indexSet=0, vertexSet=0, v0=179, v1=257, v2=180}
02:28:08: Triangle 346 = {indexSet=0, vertexSet=0, v0=173, v1=181, v2=257}
02:28:08: Triangle 347 = {indexSet=0, vertexSet=0, v0=257, v1=181, v2=180}
02:28:08: Triangle 348 = {indexSet=0, vertexSet=0, v0=173, v1=169, v2=181}
02:28:08: Triangle 349 = {indexSet=0, vertexSet=0, v0=181, v1=169, v2=174}
02:28:08: Triangle 350 = {indexSet=0, vertexSet=0, v0=175, v1=176, v2=182}
02:28:08: Triangle 351 = {indexSet=0, vertexSet=0, v0=182, v1=176, v2=177}
02:28:08: Triangle 352 = {indexSet=0, vertexSet=0, v0=177, v1=178, v2=182}
02:28:08: Triangle 353 = {indexSet=0, vertexSet=0, v0=182, v1=178, v2=179}
02:28:08: Triangle 354 = {indexSet=0, vertexSet=0, v0=179, v1=180, v2=182}
02:28:08: Triangle 355 = {indexSet=0, vertexSet=0, v0=182, v1=180, v2=181}
02:28:08: Triangle 356 = {indexSet=0, vertexSet=0, v0=181, v1=174, v2=182}
02:28:08: Triangle 357 = {indexSet=0, vertexSet=0, v0=182, v1=174, v2=175}
02:28:08: Triangle 358 = {indexSet=0, vertexSet=0, v0=202, v1=113, v2=260}
02:28:08: Triangle 359 = {indexSet=0, vertexSet=0, v0=161, v1=112, v2=194}
02:28:08: Triangle 360 = {indexSet=0, vertexSet=0, v0=249, v1=183, v2=170}
02:28:08: Triangle 361 = {indexSet=0, vertexSet=0, v0=170, v1=183, v2=261}
02:28:08: Triangle 362 = {indexSet=0, vertexSet=0, v0=204, v1=155, v2=262}
02:28:08: Triangle 363 = {indexSet=0, vertexSet=0, v0=262, v1=155, v2=213}
02:28:08: Triangle 364 = {indexSet=0, vertexSet=0, v0=160, v1=112, v2=161}
02:28:08: Triangle 365 = {indexSet=0, vertexSet=0, v0=184, v1=97, v2=202}
02:28:08: Triangle 366 = {indexSet=0, vertexSet=0, v0=98, v1=184, v2=201}
02:28:08: Triangle 367 = {indexSet=0, vertexSet=0, v0=98, v1=97, v2=184}
02:28:08: Triangle 368 = {indexSet=0, vertexSet=0, v0=202, v1=260, v2=184}
02:28:08: Triangle 369 = {indexSet=0, vertexSet=0, v0=258, v1=153, v2=184}
02:28:08: Triangle 370 = {indexSet=0, vertexSet=0, v0=184, v1=153, v2=201}
02:28:08: Triangle 371 = {indexSet=0, vertexSet=0, v0=197, v1=196, v2=84}
02:28:08: Triangle 372 = {indexSet=0, vertexSet=0, v0=199, v1=214, v2=81}
02:28:08: Triangle 373 = {indexSet=0, vertexSet=0, v0=81, v1=214, v2=82}
02:28:08: Triangle 374 = {indexSet=0, vertexSet=0, v0=263, v1=244, v2=131}
02:28:08: Triangle 375 = {indexSet=0, vertexSet=0, v0=244, v1=132, v2=131}
02:28:08: Triangle 376 = {indexSet=0, vertexSet=0, v0=84, v1=83, v2=255}
02:28:08: Triangle 377 = {indexSet=0, vertexSet=0, v0=210, v1=263, v2=130}
02:28:08: Triangle 378 = {indexSet=0, vertexSet=0, v0=130, v1=263, v2=131}
02:28:08: Triangle 379 = {indexSet=0, vertexSet=0, v0=82, v1=214, v2=83}
02:28:08: Triangle 380 = {indexSet=0, vertexSet=0, v0=83, v1=214, v2=255}
02:28:08: Triangle 381 = {indexSet=0, vertexSet=0, v0=195, v1=198, v2=185}
02:28:08: Triangle 382 = {indexSet=0, vertexSet=0, v0=185, v1=198, v2=140}
02:28:08: Triangle 383 = {indexSet=0, vertexSet=0, v0=209, v1=141, v2=210}
02:28:08: Triangle 384 = {indexSet=0, vertexSet=0, v0=129, v1=209, v2=210}
02:28:08: Triangle 385 = {indexSet=0, vertexSet=0, v0=203, v1=99, v2=200}
02:28:08: Triangle 386 = {indexSet=0, vertexSet=0, v0=203, v1=200, v2=126}
02:28:08: Triangle 387 = {indexSet=0, vertexSet=0, v0=205, v1=204, v2=262}
02:28:08: Triangle 388 = {indexSet=0, vertexSet=0, v0=264, v1=209, v2=125}
02:28:08: Triangle 389 = {indexSet=0, vertexSet=0, v0=209, v1=265, v2=139}
02:28:08: Triangle 390 = {indexSet=0, vertexSet=0, v0=154, v1=211, v2=265}
02:28:08: Triangle 391 = {indexSet=0, vertexSet=0, v0=265, v1=211, v2=139}
02:28:08: Triangle 392 = {indexSet=0, vertexSet=0, v0=212, v1=264, v2=168}
02:28:08: Triangle 393 = {indexSet=0, vertexSet=0, v0=212, v1=154, v2=264}
02:28:08: Triangle 394 = {indexSet=0, vertexSet=0, v0=70, v1=195, v2=194}
02:28:08: Triangle 395 = {indexSet=0, vertexSet=0, v0=237, v1=70, v2=194}
02:28:08: Triangle 396 = {indexSet=0, vertexSet=0, v0=160, v1=204, v2=112}
02:28:08: Triangle 397 = {indexSet=0, vertexSet=0, v0=156, v1=185, v2=211}
02:28:08: Triangle 398 = {indexSet=0, vertexSet=0, v0=80, v1=191, v2=190}
02:28:08: Triangle 399 = {indexSet=0, vertexSet=0, v0=244, v1=100, v2=203}
02:28:08: Triangle 400 = {indexSet=0, vertexSet=0, v0=207, v1=256, v2=208}
02:28:08: Triangle 401 = {indexSet=0, vertexSet=0, v0=124, v1=200, v2=207}
02:28:08: Triangle 402 = {indexSet=0, vertexSet=0, v0=266, v1=213, v2=171}
02:28:08: Triangle 403 = {indexSet=0, vertexSet=0, v0=171, v1=213, v2=212}
02:28:08: Triangle 404 = {indexSet=0, vertexSet=0, v0=215, v1=216, v2=223}
02:28:08: Triangle 405 = {indexSet=0, vertexSet=0, v0=267, v1=217, v2=268}
02:28:08: Triangle 406 = {indexSet=0, vertexSet=0, v0=269, v1=218, v2=270}
02:28:08: Triangle 407 = {indexSet=0, vertexSet=0, v0=271, v1=219, v2=272}
02:28:08: Triangle 408 = {indexSet=0, vertexSet=0, v0=273, v1=220, v2=274}
02:28:08: Triangle 409 = {indexSet=0, vertexSet=0, v0=275, v1=221, v2=276}
02:28:08: Triangle 410 = {indexSet=0, vertexSet=0, v0=277, v1=222, v2=278}
02:28:08: Triangle 411 = {indexSet=0, vertexSet=0, v0=279, v1=280, v2=281}
02:28:08: Edge Group vertexSet=0
02:28:08: Edge 0 = {
  tri0=0, 
  tri1=3, 
  v0=1, 
  v1=33, 
  degenerate=false 
}
02:28:08: Edge 1 = {
  tri0=0, 
  tri1=1, 
  v0=33, 
  v1=0, 
  degenerate=false 
}
02:28:08: Edge 2 = {
  tri0=0, 
  tri1=4294967295, 
  v0=0, 
  v1=1, 
  degenerate=true 
}
02:28:08: Edge 3 = {
  tri0=1, 
  tri1=44, 
  v0=33, 
  v1=34, 
  degenerate=false 
}
02:28:08: Edge 4 = {
  tri0=1, 
  tri1=14, 
  v0=34, 
  v1=0, 
  degenerate=false 
}
02:28:08: Edge 5 = {
  tri0=2, 
  tri1=5, 
  v0=2, 
  v1=32, 
  degenerate=false 
}
02:28:08: Edge 6 = {
  tri0=2, 
  tri1=3, 
  v0=32, 
  v1=224, 
  degenerate=false 
}
02:28:08: Edge 7 = {
  tri0=2, 
  tri1=4294967295, 
  v0=224, 
  v1=2, 
  degenerate=true 
}
02:28:08: Edge 8 = {
  tri0=3, 
  tri1=42, 
  v0=32, 
  v1=225, 
  degenerate=false 
}
02:28:08: Edge 9 = {
  tri0=4, 
  tri1=6, 
  v0=3, 
  v1=31, 
  degenerate=false 
}
02:28:08: Edge 10 = {
  tri0=4, 
  tri1=5, 
  v0=31, 
  v1=2, 
  degenerate=false 
}
02:28:08: Edge 11 = {
  tri0=4, 
  tri1=4294967295, 
  v0=2, 
  v1=3, 
  degenerate=true 
}
02:28:08: Edge 12 = {
  tri0=5, 
  tri1=40, 
  v0=31, 
  v1=32, 
  degenerate=false 
}
02:28:08: Edge 13 = {
  tri0=6, 
  tri1=4294967295, 
  v0=3, 
  v1=4, 
  degenerate=true 
}
02:28:08: Edge 14 = {
  tri0=6, 
  tri1=7, 
  v0=4, 
  v1=31, 
  degenerate=false 
}
02:28:08: Edge 15 = {
  tri0=7, 
  tri1=8, 
  v0=4, 
  v1=30, 
  degenerate=false 
}
02:28:08: Edge 16 = {
  tri0=7, 
  tri1=38, 
  v0=30, 
  v1=31, 
  degenerate=false 
}
02:28:08: Edge 17 = {
  tri0=8, 
  tri1=4294967295, 
  v0=4, 
  v1=5, 
  degenerate=true 
}
02:28:08: Edge 18 = {
  tri0=8, 
  tri1=9, 
  v0=5, 
  v1=30, 
  degenerate=false 
}
02:28:08: Edge 19 = {
  tri0=9, 
  tri1=10, 
  v0=5, 
  v1=29, 
  degenerate=false 
}
02:28:08: Edge 20 = {
  tri0=9, 
  tri1=36, 
  v0=29, 
  v1=30, 
  degenerate=false 
}
02:28:08: Edge 21 = {
  tri0=10, 
  tri1=4294967295, 
  v0=5, 
  v1=6, 
  degenerate=true 
}
02:28:08: Edge 22 = {
  tri0=10, 
  tri1=11, 
  v0=6, 
  v1=29, 
  degenerate=false 
}
02:28:08: Edge 23 = {
  tri0=11, 
  tri1=12, 
  v0=6, 
  v1=36, 
  degenerate=false 
}
02:28:08: Edge 24 = {
  tri0=11, 
  tri1=50, 
  v0=36, 
  v1=29, 
  degenerate=false 
}
02:28:08: Edge 25 = {
  tri0=12, 
  tri1=4294967295, 
  v0=6, 
  v1=7, 
  degenerate=true 
}
02:28:08: Edge 26 = {
  tri0=12, 
  tri1=13, 
  v0=7, 
  v1=36, 
  degenerate=false 
}
02:28:08: Edge 27 = {
  tri0=13, 
  tri1=15, 
  v0=7, 
  v1=35, 
  degenerate=false 
}
02:28:08: Edge 28 = {
  tri0=13, 
  tri1=48, 
  v0=35, 
  v1=36, 
  degenerate=false 
}
02:28:08: Edge 29 = {
  tri0=14, 
  tri1=15, 
  v0=34, 
  v1=7, 
  degenerate=false 
}
02:28:08: Edge 30 = {
  tri0=14, 
  tri1=4294967295, 
  v0=7, 
  v1=0, 
  degenerate=true 
}
02:28:08: Edge 31 = {
  tri0=15, 
  tri1=46, 
  v0=34, 
  v1=35, 
  degenerate=false 
}
02:28:08: Edge 32 = {
  tri0=16, 
  tri1=17, 
  v0=8, 
  v1=9, 
  degenerate=false 
}
02:28:08: Edge 33 = {
  tri0=16, 
  tri1=17, 
  v0=9, 
  v1=10, 
  degenerate=false 
}
02:28:08: Edge 34 = {
  tri0=16, 
  tri1=17, 
  v0=10, 
  v1=8, 
  degenerate=false 
}
02:28:08: Edge 35 = {
  tri0=18, 
  tri1=19, 
  v0=11, 
  v1=12, 
  degenerate=false 
}
02:28:08: Edge 36 = {
  tri0=18, 
  tri1=19, 
  v0=12, 
  v1=10, 
  degenerate=false 
}
02:28:08: Edge 37 = {
  tri0=18, 
  tri1=19, 
  v0=10, 
  v1=11, 
  degenerate=false 
}
02:28:08: Edge 38 = {
  tri0=20, 
  tri1=35, 
  v0=21, 
  v1=48, 
  degenerate=false 
}
02:28:08: Edge 39 = {
  tri0=20, 
  tri1=21, 
  v0=48, 
  v1=22, 
  degenerate=false 
}
02:28:08: Edge 40 = {
  tri0=20, 
  tri1=37, 
  v0=22, 
  v1=21, 
  degenerate=false 
}
02:28:08: Edge 41 = {
  tri0=21, 
  tri1=74, 
  v0=48, 
  v1=49, 
  degenerate=false 
}
02:28:08: Edge 42 = {
  tri0=21, 
  tri1=22, 
  v0=49, 
  v1=22, 
  degenerate=false 
}
02:28:08: Edge 43 = {
  tri0=22, 
  tri1=23, 
  v0=49, 
  v1=23, 
  degenerate=false 
}
02:28:08: Edge 44 = {
  tri0=22, 
  tri1=39, 
  v0=23, 
  v1=22, 
  degenerate=false 
}
02:28:08: Edge 45 = {
  tri0=23, 
  tri1=76, 
  v0=49, 
  v1=50, 
  degenerate=false 
}
02:28:08: Edge 46 = {
  tri0=23, 
  tri1=25, 
  v0=50, 
  v1=23, 
  degenerate=false 
}
02:28:08: Edge 47 = {
  tri0=24, 
  tri1=41, 
  v0=24, 
  v1=23, 
  degenerate=false 
}
02:28:08: Edge 48 = {
  tri0=24, 
  tri1=25, 
  v0=23, 
  v1=51, 
  degenerate=false 
}
02:28:08: Edge 49 = {
  tri0=24, 
  tri1=27, 
  v0=51, 
  v1=24, 
  degenerate=false 
}
02:28:08: Edge 50 = {
  tri0=25, 
  tri1=78, 
  v0=50, 
  v1=51, 
  degenerate=false 
}
02:28:08: Edge 51 = {
  tri0=26, 
  tri1=43, 
  v0=25, 
  v1=24, 
  degenerate=false 
}
02:28:08: Edge 52 = {
  tri0=26, 
  tri1=27, 
  v0=24, 
  v1=52, 
  degenerate=false 
}
02:28:08: Edge 53 = {
  tri0=26, 
  tri1=29, 
  v0=52, 
  v1=25, 
  degenerate=false 
}
02:28:08: Edge 54 = {
  tri0=27, 
  tri1=80, 
  v0=51, 
  v1=52, 
  degenerate=false 
}
02:28:08: Edge 55 = {
  tri0=28, 
  tri1=45, 
  v0=26, 
  v1=226, 
  degenerate=false 
}
02:28:08: Edge 56 = {
  tri0=28, 
  tri1=29, 
  v0=226, 
  v1=45, 
  degenerate=false 
}
02:28:08: Edge 57 = {
  tri0=28, 
  tri1=31, 
  v0=45, 
  v1=26, 
  degenerate=false 
}
02:28:08: Edge 58 = {
  tri0=29, 
  tri1=82, 
  v0=227, 
  v1=45, 
  degenerate=false 
}
02:28:08: Edge 59 = {
  tri0=30, 
  tri1=47, 
  v0=27, 
  v1=26, 
  degenerate=false 
}
02:28:08: Edge 60 = {
  tri0=30, 
  tri1=31, 
  v0=26, 
  v1=46, 
  degenerate=false 
}
02:28:08: Edge 61 = {
  tri0=30, 
  tri1=32, 
  v0=46, 
  v1=27, 
  degenerate=false 
}
02:28:08: Edge 62 = {
  tri0=31, 
  tri1=68, 
  v0=45, 
  v1=46, 
  degenerate=false 
}
02:28:08: Edge 63 = {
  tri0=32, 
  tri1=33, 
  v0=46, 
  v1=28, 
  degenerate=false 
}
02:28:08: Edge 64 = {
  tri0=32, 
  tri1=49, 
  v0=28, 
  v1=27, 
  degenerate=false 
}
02:28:08: Edge 65 = {
  tri0=33, 
  tri1=70, 
  v0=46, 
  v1=47, 
  degenerate=false 
}
02:28:08: Edge 66 = {
  tri0=33, 
  tri1=34, 
  v0=47, 
  v1=28, 
  degenerate=false 
}
02:28:08: Edge 67 = {
  tri0=34, 
  tri1=35, 
  v0=47, 
  v1=21, 
  degenerate=false 
}
02:28:08: Edge 68 = {
  tri0=34, 
  tri1=51, 
  v0=21, 
  v1=28, 
  degenerate=false 
}
02:28:08: Edge 69 = {
  tri0=35, 
  tri1=72, 
  v0=47, 
  v1=48, 
  degenerate=false 
}
02:28:08: Edge 70 = {
  tri0=36, 
  tri1=37, 
  v0=29, 
  v1=22, 
  degenerate=false 
}
02:28:08: Edge 71 = {
  tri0=36, 
  tri1=39, 
  v0=22, 
  v1=30, 
  degenerate=false 
}
02:28:08: Edge 72 = {
  tri0=37, 
  tri1=50, 
  v0=29, 
  v1=21, 
  degenerate=false 
}
02:28:08: Edge 73 = {
  tri0=38, 
  tri1=39, 
  v0=30, 
  v1=23, 
  degenerate=false 
}
02:28:08: Edge 74 = {
  tri0=38, 
  tri1=40, 
  v0=23, 
  v1=31, 
  degenerate=false 
}
02:28:08: Edge 75 = {
  tri0=40, 
  tri1=41, 
  v0=23, 
  v1=32, 
  degenerate=false 
}
02:28:08: Edge 76 = {
  tri0=41, 
  tri1=42, 
  v0=24, 
  v1=32, 
  degenerate=false 
}
02:28:08: Edge 77 = {
  tri0=42, 
  tri1=43, 
  v0=24, 
  v1=225, 
  degenerate=false 
}
02:28:08: Edge 78 = {
  tri0=43, 
  tri1=44, 
  v0=25, 
  v1=225, 
  degenerate=false 
}
02:28:08: Edge 79 = {
  tri0=44, 
  tri1=45, 
  v0=226, 
  v1=34, 
  degenerate=false 
}
02:28:08: Edge 80 = {
  tri0=45, 
  tri1=47, 
  v0=26, 
  v1=34, 
  degenerate=false 
}
02:28:08: Edge 81 = {
  tri0=46, 
  tri1=47, 
  v0=34, 
  v1=27, 
  degenerate=false 
}
02:28:08: Edge 82 = {
  tri0=46, 
  tri1=49, 
  v0=27, 
  v1=35, 
  degenerate=false 
}
02:28:08: Edge 83 = {
  tri0=48, 
  tri1=49, 
  v0=35, 
  v1=28, 
  degenerate=false 
}
02:28:08: Edge 84 = {
  tri0=48, 
  tri1=51, 
  v0=28, 
  v1=36, 
  degenerate=false 
}
02:28:08: Edge 85 = {
  tri0=50, 
  tri1=51, 
  v0=36, 
  v1=21, 
  degenerate=false 
}
02:28:08: Edge 86 = {
  tri0=52, 
  tri1=66, 
  v0=37, 
  v1=20, 
  degenerate=false 
}
02:28:08: Edge 87 = {
  tri0=52, 
  tri1=53, 
  v0=20, 
  v1=38, 
  degenerate=false 
}
02:28:08: Edge 88 = {
  tri0=52, 
  tri1=73, 
  v0=38, 
  v1=37, 
  degenerate=false 
}
02:28:08: Edge 89 = {
  tri0=53, 
  tri1=4294967295, 
  v0=20, 
  v1=13, 
  degenerate=true 
}
02:28:08: Edge 90 = {
  tri0=53, 
  tri1=54, 
  v0=13, 
  v1=38, 
  degenerate=false 
}
02:28:08: Edge 91 = {
  tri0=54, 
  tri1=55, 
  v0=13, 
  v1=39, 
  degenerate=false 
}
02:28:08: Edge 92 = {
  tri0=54, 
  tri1=75, 
  v0=39, 
  v1=38, 
  degenerate=false 
}
02:28:08: Edge 93 = {
  tri0=55, 
  tri1=4294967295, 
  v0=13, 
  v1=14, 
  degenerate=true 
}
02:28:08: Edge 94 = {
  tri0=55, 
  tri1=56, 
  v0=14, 
  v1=39, 
  degenerate=false 
}
02:28:08: Edge 95 = {
  tri0=56, 
  tri1=57, 
  v0=14, 
  v1=40, 
  degenerate=false 
}
02:28:08: Edge 96 = {
  tri0=56, 
  tri1=77, 
  v0=40, 
  v1=39, 
  degenerate=false 
}
02:28:08: Edge 97 = {
  tri0=57, 
  tri1=4294967295, 
  v0=14, 
  v1=15, 
  degenerate=true 
}
02:28:08: Edge 98 = {
  tri0=57, 
  tri1=58, 
  v0=15, 
  v1=40, 
  degenerate=false 
}
02:28:08: Edge 99 = {
  tri0=58, 
  tri1=59, 
  v0=15, 
  v1=41, 
  degenerate=false 
}
02:28:08: Edge 100 = {
  tri0=58, 
  tri1=79, 
  v0=41, 
  v1=40, 
  degenerate=false 
}
02:28:08: Edge 101 = {
  tri0=59, 
  tri1=4294967295, 
  v0=15, 
  v1=16, 
  degenerate=true 
}
02:28:08: Edge 102 = {
  tri0=59, 
  tri1=60, 
  v0=16, 
  v1=41, 
  degenerate=false 
}
02:28:08: Edge 103 = {
  tri0=60, 
  tri1=61, 
  v0=16, 
  v1=42, 
  degenerate=false 
}
02:28:08: Edge 104 = {
  tri0=60, 
  tri1=81, 
  v0=42, 
  v1=41, 
  degenerate=false 
}
02:28:08: Edge 105 = {
  tri0=61, 
  tri1=4294967295, 
  v0=16, 
  v1=17, 
  degenerate=true 
}
02:28:08: Edge 106 = {
  tri0=61, 
  tri1=63, 
  v0=17, 
  v1=42, 
  degenerate=false 
}
02:28:08: Edge 107 = {
  tri0=62, 
  tri1=83, 
  v0=43, 
  v1=228, 
  degenerate=false 
}
02:28:08: Edge 108 = {
  tri0=62, 
  tri1=63, 
  v0=228, 
  v1=18, 
  degenerate=false 
}
02:28:08: Edge 109 = {
  tri0=62, 
  tri1=65, 
  v0=18, 
  v1=43, 
  degenerate=false 
}
02:28:08: Edge 110 = {
  tri0=63, 
  tri1=4294967295, 
  v0=229, 
  v1=18, 
  degenerate=true 
}
02:28:08: Edge 111 = {
  tri0=64, 
  tri1=69, 
  v0=44, 
  v1=43, 
  degenerate=false 
}
02:28:08: Edge 112 = {
  tri0=64, 
  tri1=65, 
  v0=43, 
  v1=19, 
  degenerate=false 
}
02:28:08: Edge 113 = {
  tri0=64, 
  tri1=67, 
  v0=19, 
  v1=44, 
  degenerate=false 
}
02:28:08: Edge 114 = {
  tri0=65, 
  tri1=4294967295, 
  v0=18, 
  v1=19, 
  degenerate=true 
}
02:28:08: Edge 115 = {
  tri0=66, 
  tri1=71, 
  v0=37, 
  v1=44, 
  degenerate=false 
}
02:28:08: Edge 116 = {
  tri0=66, 
  tri1=67, 
  v0=44, 
  v1=20, 
  degenerate=false 
}
02:28:08: Edge 117 = {
  tri0=67, 
  tri1=4294967295, 
  v0=19, 
  v1=20, 
  degenerate=true 
}
02:28:08: Edge 118 = {
  tri0=68, 
  tri1=69, 
  v0=45, 
  v1=44, 
  degenerate=false 
}
02:28:08: Edge 119 = {
  tri0=68, 
  tri1=71, 
  v0=44, 
  v1=46, 
  degenerate=false 
}
02:28:08: Edge 120 = {
  tri0=69, 
  tri1=82, 
  v0=45, 
  v1=43, 
  degenerate=false 
}
02:28:08: Edge 121 = {
  tri0=70, 
  tri1=71, 
  v0=46, 
  v1=37, 
  degenerate=false 
}
02:28:08: Edge 122 = {
  tri0=70, 
  tri1=72, 
  v0=37, 
  v1=47, 
  degenerate=false 
}
02:28:08: Edge 123 = {
  tri0=72, 
  tri1=73, 
  v0=37, 
  v1=48, 
  degenerate=false 
}
02:28:08: Edge 124 = {
  tri0=73, 
  tri1=74, 
  v0=38, 
  v1=48, 
  degenerate=false 
}
02:28:08: Edge 125 = {
  tri0=74, 
  tri1=75, 
  v0=38, 
  v1=49, 
  degenerate=false 
}
02:28:08: Edge 126 = {
  tri0=75, 
  tri1=76, 
  v0=39, 
  v1=49, 
  degenerate=false 
}
02:28:08: Edge 127 = {
  tri0=76, 
  tri1=77, 
  v0=39, 
  v1=50, 
  degenerate=false 
}
02:28:08: Edge 128 = {
  tri0=77, 
  tri1=78, 
  v0=40, 
  v1=50, 
  degenerate=false 
}
02:28:08: Edge 129 = {
  tri0=78, 
  tri1=79, 
  v0=40, 
  v1=51, 
  degenerate=false 
}
02:28:08: Edge 130 = {
  tri0=79, 
  tri1=80, 
  v0=41, 
  v1=51, 
  degenerate=false 
}
02:28:08: Edge 131 = {
  tri0=80, 
  tri1=81, 
  v0=41, 
  v1=52, 
  degenerate=false 
}
02:28:08: Edge 132 = {
  tri0=81, 
  tri1=83, 
  v0=42, 
  v1=52, 
  degenerate=false 
}
02:28:08: Edge 133 = {
  tri0=82, 
  tri1=83, 
  v0=227, 
  v1=43, 
  degenerate=false 
}
02:28:08: Edge 134 = {
  tri0=84, 
  tri1=208, 
  v0=186, 
  v1=187, 
  degenerate=false 
}
02:28:08: Edge 135 = {
  tri0=84, 
  tri1=85, 
  v0=187, 
  v1=53, 
  degenerate=false 
}
02:28:08: Edge 136 = {
  tri0=84, 
  tri1=98, 
  v0=53, 
  v1=186, 
  degenerate=false 
}
02:28:08: Edge 137 = {
  tri0=85, 
  tri1=87, 
  v0=187, 
  v1=54, 
  degenerate=false 
}
02:28:08: Edge 138 = {
  tri0=85, 
  tri1=100, 
  v0=54, 
  v1=53, 
  degenerate=false 
}
02:28:08: Edge 139 = {
  tri0=86, 
  tri1=88, 
  v0=188, 
  v1=55, 
  degenerate=false 
}
02:28:08: Edge 140 = {
  tri0=86, 
  tri1=87, 
  v0=55, 
  v1=187, 
  degenerate=false 
}
02:28:08: Edge 141 = {
  tri0=86, 
  tri1=214, 
  v0=187, 
  v1=188, 
  degenerate=false 
}
02:28:08: Edge 142 = {
  tri0=87, 
  tri1=102, 
  v0=55, 
  v1=54, 
  degenerate=false 
}
02:28:08: Edge 143 = {
  tri0=88, 
  tri1=176, 
  v0=230, 
  v1=189, 
  degenerate=false 
}
02:28:08: Edge 144 = {
  tri0=88, 
  tri1=89, 
  v0=189, 
  v1=231, 
  degenerate=false 
}
02:28:08: Edge 145 = {
  tri0=89, 
  tri1=91, 
  v0=189, 
  v1=56, 
  degenerate=false 
}
02:28:08: Edge 146 = {
  tri0=89, 
  tri1=104, 
  v0=56, 
  v1=231, 
  degenerate=false 
}
02:28:08: Edge 147 = {
  tri0=90, 
  tri1=92, 
  v0=190, 
  v1=57, 
  degenerate=false 
}
02:28:08: Edge 148 = {
  tri0=90, 
  tri1=91, 
  v0=57, 
  v1=189, 
  degenerate=false 
}
02:28:08: Edge 149 = {
  tri0=90, 
  tri1=174, 
  v0=189, 
  v1=190, 
  degenerate=false 
}
02:28:08: Edge 150 = {
  tri0=91, 
  tri1=106, 
  v0=57, 
  v1=56, 
  degenerate=false 
}
02:28:08: Edge 151 = {
  tri0=92, 
  tri1=398, 
  v0=190, 
  v1=191, 
  degenerate=false 
}
02:28:08: Edge 152 = {
  tri0=92, 
  tri1=93, 
  v0=191, 
  v1=57, 
  degenerate=false 
}
02:28:08: Edge 153 = {
  tri0=93, 
  tri1=95, 
  v0=191, 
  v1=58, 
  degenerate=false 
}
02:28:08: Edge 154 = {
  tri0=93, 
  tri1=108, 
  v0=58, 
  v1=57, 
  degenerate=false 
}
02:28:08: Edge 155 = {
  tri0=94, 
  tri1=96, 
  v0=192, 
  v1=59, 
  degenerate=false 
}
02:28:08: Edge 156 = {
  tri0=94, 
  tri1=95, 
  v0=59, 
  v1=191, 
  degenerate=false 
}
02:28:08: Edge 157 = {
  tri0=94, 
  tri1=152, 
  v0=191, 
  v1=192, 
  degenerate=false 
}
02:28:08: Edge 158 = {
  tri0=95, 
  tri1=110, 
  v0=59, 
  v1=58, 
  degenerate=false 
}
02:28:08: Edge 159 = {
  tri0=96, 
  tri1=130, 
  v0=192, 
  v1=193, 
  degenerate=false 
}
02:28:08: Edge 160 = {
  tri0=96, 
  tri1=97, 
  v0=193, 
  v1=59, 
  degenerate=false 
}
02:28:08: Edge 161 = {
  tri0=97, 
  tri1=99, 
  v0=193, 
  v1=60, 
  degenerate=false 
}
02:28:08: Edge 162 = {
  tri0=97, 
  tri1=112, 
  v0=60, 
  v1=59, 
  degenerate=false 
}
02:28:08: Edge 163 = {
  tri0=98, 
  tri1=99, 
  v0=53, 
  v1=193, 
  degenerate=false 
}
02:28:08: Edge 164 = {
  tri0=98, 
  tri1=128, 
  v0=193, 
  v1=186, 
  degenerate=false 
}
02:28:08: Edge 165 = {
  tri0=99, 
  tri1=114, 
  v0=53, 
  v1=60, 
  degenerate=false 
}
02:28:08: Edge 166 = {
  tri0=100, 
  tri1=102, 
  v0=54, 
  v1=62, 
  degenerate=false 
}
02:28:08: Edge 167 = {
  tri0=100, 
  tri1=101, 
  v0=62, 
  v1=53, 
  degenerate=false 
}
02:28:08: Edge 168 = {
  tri0=101, 
  tri1=123, 
  v0=62, 
  v1=61, 
  degenerate=false 
}
02:28:08: Edge 169 = {
  tri0=101, 
  tri1=115, 
  v0=61, 
  v1=53, 
  degenerate=false 
}
02:28:08: Edge 170 = {
  tri0=102, 
  tri1=103, 
  v0=55, 
  v1=62, 
  degenerate=false 
}
02:28:08: Edge 171 = {
  tri0=103, 
  tri1=105, 
  v0=55, 
  v1=63, 
  degenerate=false 
}
02:28:08: Edge 172 = {
  tri0=103, 
  tri1=116, 
  v0=63, 
  v1=62, 
  degenerate=false 
}
02:28:08: Edge 173 = {
  tri0=104, 
  tri1=106, 
  v0=56, 
  v1=64, 
  degenerate=false 
}
02:28:08: Edge 174 = {
  tri0=104, 
  tri1=105, 
  v0=64, 
  v1=231, 
  degenerate=false 
}
02:28:08: Edge 175 = {
  tri0=105, 
  tri1=117, 
  v0=64, 
  v1=232, 
  degenerate=false 
}
02:28:08: Edge 176 = {
  tri0=106, 
  tri1=107, 
  v0=57, 
  v1=64, 
  degenerate=false 
}
02:28:08: Edge 177 = {
  tri0=107, 
  tri1=109, 
  v0=57, 
  v1=65, 
  degenerate=false 
}
02:28:08: Edge 178 = {
  tri0=107, 
  tri1=118, 
  v0=65, 
  v1=64, 
  degenerate=false 
}
02:28:08: Edge 179 = {
  tri0=108, 
  tri1=110, 
  v0=58, 
  v1=66, 
  degenerate=false 
}
02:28:08: Edge 180 = {
  tri0=108, 
  tri1=109, 
  v0=66, 
  v1=57, 
  degenerate=false 
}
02:28:08: Edge 181 = {
  tri0=109, 
  tri1=119, 
  v0=66, 
  v1=65, 
  degenerate=false 
}
02:28:08: Edge 182 = {
  tri0=110, 
  tri1=111, 
  v0=59, 
  v1=66, 
  degenerate=false 
}
02:28:08: Edge 183 = {
  tri0=111, 
  tri1=113, 
  v0=59, 
  v1=67, 
  degenerate=false 
}
02:28:08: Edge 184 = {
  tri0=111, 
  tri1=120, 
  v0=67, 
  v1=66, 
  degenerate=false 
}
02:28:08: Edge 185 = {
  tri0=112, 
  tri1=114, 
  v0=60, 
  v1=68, 
  degenerate=false 
}
02:28:08: Edge 186 = {
  tri0=112, 
  tri1=113, 
  v0=68, 
  v1=59, 
  degenerate=false 
}
02:28:08: Edge 187 = {
  tri0=113, 
  tri1=121, 
  v0=68, 
  v1=67, 
  degenerate=false 
}
02:28:08: Edge 188 = {
  tri0=114, 
  tri1=115, 
  v0=53, 
  v1=68, 
  degenerate=false 
}
02:28:08: Edge 189 = {
  tri0=115, 
  tri1=122, 
  v0=61, 
  v1=68, 
  degenerate=false 
}
02:28:08: Edge 190 = {
  tri0=116, 
  tri1=117, 
  v0=234, 
  v1=69, 
  degenerate=false 
}
02:28:08: Edge 191 = {
  tri0=116, 
  tri1=123, 
  v0=69, 
  v1=233, 
  degenerate=false 
}
02:28:08: Edge 192 = {
  tri0=117, 
  tri1=118, 
  v0=235, 
  v1=69, 
  degenerate=false 
}
02:28:08: Edge 193 = {
  tri0=118, 
  tri1=119, 
  v0=65, 
  v1=236, 
  degenerate=false 
}
02:28:08: Edge 194 = {
  tri0=119, 
  tri1=120, 
  v0=66, 
  v1=236, 
  degenerate=false 
}
02:28:08: Edge 195 = {
  tri0=120, 
  tri1=121, 
  v0=67, 
  v1=236, 
  degenerate=false 
}
02:28:08: Edge 196 = {
  tri0=121, 
  tri1=122, 
  v0=68, 
  v1=236, 
  degenerate=false 
}
02:28:08: Edge 197 = {
  tri0=122, 
  tri1=123, 
  v0=61, 
  v1=236, 
  degenerate=false 
}
02:28:08: Edge 198 = {
  tri0=124, 
  tri1=126, 
  v0=70, 
  v1=72, 
  degenerate=false 
}
02:28:08: Edge 199 = {
  tri0=124, 
  tri1=125, 
  v0=72, 
  v1=195, 
  degenerate=false 
}
02:28:08: Edge 200 = {
  tri0=124, 
  tri1=394, 
  v0=195, 
  v1=70, 
  degenerate=false 
}
02:28:08: Edge 201 = {
  tri0=125, 
  tri1=147, 
  v0=72, 
  v1=71, 
  degenerate=false 
}
02:28:08: Edge 202 = {
  tri0=125, 
  tri1=139, 
  v0=71, 
  v1=195, 
  degenerate=false 
}
02:28:08: Edge 203 = {
  tri0=126, 
  tri1=395, 
  v0=70, 
  v1=237, 
  degenerate=false 
}
02:28:08: Edge 204 = {
  tri0=126, 
  tri1=127, 
  v0=237, 
  v1=72, 
  degenerate=false 
}
02:28:08: Edge 205 = {
  tri0=127, 
  tri1=128, 
  v0=237, 
  v1=73, 
  degenerate=false 
}
02:28:08: Edge 206 = {
  tri0=127, 
  tri1=140, 
  v0=73, 
  v1=72, 
  degenerate=false 
}
02:28:08: Edge 207 = {
  tri0=128, 
  tri1=129, 
  v0=238, 
  v1=73, 
  degenerate=false 
}
02:28:08: Edge 208 = {
  tri0=129, 
  tri1=131, 
  v0=238, 
  v1=74, 
  degenerate=false 
}
02:28:08: Edge 209 = {
  tri0=129, 
  tri1=141, 
  v0=74, 
  v1=73, 
  degenerate=false 
}
02:28:08: Edge 210 = {
  tri0=130, 
  tri1=132, 
  v0=239, 
  v1=75, 
  degenerate=false 
}
02:28:08: Edge 211 = {
  tri0=130, 
  tri1=131, 
  v0=75, 
  v1=238, 
  degenerate=false 
}
02:28:08: Edge 212 = {
  tri0=131, 
  tri1=142, 
  v0=75, 
  v1=74, 
  degenerate=false 
}
02:28:08: Edge 213 = {
  tri0=132, 
  tri1=150, 
  v0=239, 
  v1=196, 
  degenerate=false 
}
02:28:08: Edge 214 = {
  tri0=132, 
  tri1=133, 
  v0=196, 
  v1=75, 
  degenerate=false 
}
02:28:08: Edge 215 = {
  tri0=133, 
  tri1=134, 
  v0=196, 
  v1=76, 
  degenerate=false 
}
02:28:08: Edge 216 = {
  tri0=133, 
  tri1=143, 
  v0=76, 
  v1=75, 
  degenerate=false 
}
02:28:08: Edge 217 = {
  tri0=134, 
  tri1=371, 
  v0=196, 
  v1=197, 
  degenerate=false 
}
02:28:08: Edge 218 = {
  tri0=134, 
  tri1=135, 
  v0=197, 
  v1=76, 
  degenerate=false 
}
02:28:08: Edge 219 = {
  tri0=135, 
  tri1=137, 
  v0=197, 
  v1=77, 
  degenerate=false 
}
02:28:08: Edge 220 = {
  tri0=135, 
  tri1=144, 
  v0=77, 
  v1=76, 
  degenerate=false 
}
02:28:08: Edge 221 = {
  tri0=136, 
  tri1=138, 
  v0=198, 
  v1=78, 
  degenerate=false 
}
02:28:08: Edge 222 = {
  tri0=136, 
  tri1=137, 
  v0=78, 
  v1=197, 
  degenerate=false 
}
02:28:08: Edge 223 = {
  tri0=136, 
  tri1=276, 
  v0=197, 
  v1=198, 
  degenerate=false 
}
02:28:08: Edge 224 = {
  tri0=137, 
  tri1=145, 
  v0=78, 
  v1=77, 
  degenerate=false 
}
02:28:08: Edge 225 = {
  tri0=138, 
  tri1=381, 
  v0=198, 
  v1=195, 
  degenerate=false 
}
02:28:08: Edge 226 = {
  tri0=138, 
  tri1=139, 
  v0=195, 
  v1=78, 
  degenerate=false 
}
02:28:08: Edge 227 = {
  tri0=139, 
  tri1=146, 
  v0=71, 
  v1=78, 
  degenerate=false 
}
02:28:08: Edge 228 = {
  tri0=140, 
  tri1=141, 
  v0=73, 
  v1=79, 
  degenerate=false 
}
02:28:08: Edge 229 = {
  tri0=140, 
  tri1=147, 
  v0=79, 
  v1=72, 
  degenerate=false 
}
02:28:08: Edge 230 = {
  tri0=141, 
  tri1=142, 
  v0=74, 
  v1=79, 
  degenerate=false 
}
02:28:08: Edge 231 = {
  tri0=142, 
  tri1=143, 
  v0=75, 
  v1=79, 
  degenerate=false 
}
02:28:08: Edge 232 = {
  tri0=143, 
  tri1=144, 
  v0=76, 
  v1=79, 
  degenerate=false 
}
02:28:08: Edge 233 = {
  tri0=144, 
  tri1=145, 
  v0=77, 
  v1=79, 
  degenerate=false 
}
02:28:08: Edge 234 = {
  tri0=145, 
  tri1=146, 
  v0=78, 
  v1=79, 
  degenerate=false 
}
02:28:08: Edge 235 = {
  tri0=146, 
  tri1=147, 
  v0=71, 
  v1=79, 
  degenerate=false 
}
02:28:08: Edge 236 = {
  tri0=148, 
  tri1=182, 
  v0=190, 
  v1=199, 
  degenerate=false 
}
02:28:08: Edge 237 = {
  tri0=148, 
  tri1=149, 
  v0=199, 
  v1=80, 
  degenerate=false 
}
02:28:08: Edge 238 = {
  tri0=148, 
  tri1=398, 
  v0=80, 
  v1=190, 
  degenerate=false 
}
02:28:08: Edge 239 = {
  tri0=149, 
  tri1=372, 
  v0=199, 
  v1=81, 
  degenerate=false 
}
02:28:08: Edge 240 = {
  tri0=149, 
  tri1=156, 
  v0=81, 
  v1=80, 
  degenerate=false 
}
02:28:08: Edge 241 = {
  tri0=150, 
  tri1=152, 
  v0=240, 
  v1=86, 
  degenerate=false 
}
02:28:08: Edge 242 = {
  tri0=150, 
  tri1=151, 
  v0=86, 
  v1=196, 
  degenerate=false 
}
02:28:08: Edge 243 = {
  tri0=151, 
  tri1=173, 
  v0=86, 
  v1=85, 
  degenerate=false 
}
02:28:08: Edge 244 = {
  tri0=151, 
  tri1=165, 
  v0=85, 
  v1=196, 
  degenerate=false 
}
02:28:08: Edge 245 = {
  tri0=152, 
  tri1=153, 
  v0=191, 
  v1=86, 
  degenerate=false 
}
02:28:08: Edge 246 = {
  tri0=153, 
  tri1=155, 
  v0=191, 
  v1=87, 
  degenerate=false 
}
02:28:08: Edge 247 = {
  tri0=153, 
  tri1=166, 
  v0=87, 
  v1=86, 
  degenerate=false 
}
02:28:08: Edge 248 = {
  tri0=154, 
  tri1=156, 
  v0=80, 
  v1=88, 
  degenerate=false 
}
02:28:08: Edge 249 = {
  tri0=154, 
  tri1=155, 
  v0=88, 
  v1=191, 
  degenerate=false 
}
02:28:08: Edge 250 = {
  tri0=154, 
  tri1=398, 
  v0=191, 
  v1=80, 
  degenerate=false 
}
02:28:08: Edge 251 = {
  tri0=155, 
  tri1=167, 
  v0=88, 
  v1=87, 
  degenerate=false 
}
02:28:08: Edge 252 = {
  tri0=156, 
  tri1=157, 
  v0=81, 
  v1=88, 
  degenerate=false 
}
02:28:08: Edge 253 = {
  tri0=157, 
  tri1=159, 
  v0=81, 
  v1=89, 
  degenerate=false 
}
02:28:08: Edge 254 = {
  tri0=157, 
  tri1=168, 
  v0=89, 
  v1=88, 
  degenerate=false 
}
02:28:08: Edge 255 = {
  tri0=158, 
  tri1=160, 
  v0=82, 
  v1=90, 
  degenerate=false 
}
02:28:08: Edge 256 = {
  tri0=158, 
  tri1=159, 
  v0=90, 
  v1=81, 
  degenerate=false 
}
02:28:08: Edge 257 = {
  tri0=158, 
  tri1=373, 
  v0=81, 
  v1=82, 
  degenerate=false 
}
02:28:08: Edge 258 = {
  tri0=159, 
  tri1=169, 
  v0=90, 
  v1=89, 
  degenerate=false 
}
02:28:08: Edge 259 = {
  tri0=160, 
  tri1=379, 
  v0=82, 
  v1=83, 
  degenerate=false 
}
02:28:08: Edge 260 = {
  tri0=160, 
  tri1=161, 
  v0=83, 
  v1=90, 
  degenerate=false 
}
02:28:08: Edge 261 = {
  tri0=161, 
  tri1=163, 
  v0=83, 
  v1=91, 
  degenerate=false 
}
02:28:08: Edge 262 = {
  tri0=161, 
  tri1=170, 
  v0=91, 
  v1=90, 
  degenerate=false 
}
02:28:08: Edge 263 = {
  tri0=162, 
  tri1=164, 
  v0=84, 
  v1=92, 
  degenerate=false 
}
02:28:08: Edge 264 = {
  tri0=162, 
  tri1=163, 
  v0=92, 
  v1=83, 
  degenerate=false 
}
02:28:08: Edge 265 = {
  tri0=162, 
  tri1=376, 
  v0=83, 
  v1=84, 
  degenerate=false 
}
02:28:08: Edge 266 = {
  tri0=163, 
  tri1=171, 
  v0=92, 
  v1=91, 
  degenerate=false 
}
02:28:08: Edge 267 = {
  tri0=164, 
  tri1=371, 
  v0=84, 
  v1=196, 
  degenerate=false 
}
02:28:08: Edge 268 = {
  tri0=164, 
  tri1=165, 
  v0=196, 
  v1=92, 
  degenerate=false 
}
02:28:08: Edge 269 = {
  tri0=165, 
  tri1=172, 
  v0=85, 
  v1=92, 
  degenerate=false 
}
02:28:08: Edge 270 = {
  tri0=166, 
  tri1=167, 
  v0=87, 
  v1=93, 
  degenerate=false 
}
02:28:08: Edge 271 = {
  tri0=166, 
  tri1=173, 
  v0=93, 
  v1=86, 
  degenerate=false 
}
02:28:08: Edge 272 = {
  tri0=167, 
  tri1=168, 
  v0=88, 
  v1=93, 
  degenerate=false 
}
02:28:08: Edge 273 = {
  tri0=168, 
  tri1=169, 
  v0=89, 
  v1=93, 
  degenerate=false 
}
02:28:08: Edge 274 = {
  tri0=169, 
  tri1=170, 
  v0=90, 
  v1=93, 
  degenerate=false 
}
02:28:08: Edge 275 = {
  tri0=170, 
  tri1=171, 
  v0=91, 
  v1=93, 
  degenerate=false 
}
02:28:08: Edge 276 = {
  tri0=171, 
  tri1=172, 
  v0=92, 
  v1=93, 
  degenerate=false 
}
02:28:08: Edge 277 = {
  tri0=172, 
  tri1=173, 
  v0=85, 
  v1=93, 
  degenerate=false 
}
02:28:08: Edge 278 = {
  tri0=174, 
  tri1=175, 
  v0=242, 
  v1=94, 
  degenerate=false 
}
02:28:08: Edge 279 = {
  tri0=174, 
  tri1=183, 
  v0=94, 
  v1=241, 
  degenerate=false 
}
02:28:08: Edge 280 = {
  tri0=175, 
  tri1=177, 
  v0=242, 
  v1=95, 
  degenerate=false 
}
02:28:08: Edge 281 = {
  tri0=175, 
  tri1=184, 
  v0=95, 
  v1=94, 
  degenerate=false 
}
02:28:08: Edge 282 = {
  tri0=176, 
  tri1=178, 
  v0=243, 
  v1=96, 
  degenerate=false 
}
02:28:08: Edge 283 = {
  tri0=176, 
  tri1=177, 
  v0=96, 
  v1=242, 
  degenerate=false 
}
02:28:08: Edge 284 = {
  tri0=177, 
  tri1=186, 
  v0=96, 
  v1=95, 
  degenerate=false 
}
02:28:08: Edge 285 = {
  tri0=178, 
  tri1=212, 
  v0=243, 
  v1=202, 
  degenerate=false 
}
02:28:08: Edge 286 = {
  tri0=178, 
  tri1=179, 
  v0=202, 
  v1=96, 
  degenerate=false 
}
02:28:08: Edge 287 = {
  tri0=179, 
  tri1=365, 
  v0=202, 
  v1=97, 
  degenerate=false 
}
02:28:08: Edge 288 = {
  tri0=179, 
  tri1=188, 
  v0=97, 
  v1=96, 
  degenerate=false 
}
02:28:08: Edge 289 = {
  tri0=180, 
  tri1=385, 
  v0=200, 
  v1=99, 
  degenerate=false 
}
02:28:08: Edge 290 = {
  tri0=180, 
  tri1=181, 
  v0=99, 
  v1=201, 
  degenerate=false 
}
02:28:08: Edge 291 = {
  tri0=180, 
  tri1=326, 
  v0=201, 
  v1=200, 
  degenerate=false 
}
02:28:08: Edge 292 = {
  tri0=181, 
  tri1=192, 
  v0=99, 
  v1=98, 
  degenerate=false 
}
02:28:08: Edge 293 = {
  tri0=181, 
  tri1=366, 
  v0=98, 
  v1=201, 
  degenerate=false 
}
02:28:08: Edge 294 = {
  tri0=182, 
  tri1=183, 
  v0=241, 
  v1=100, 
  degenerate=false 
}
02:28:08: Edge 295 = {
  tri0=182, 
  tri1=399, 
  v0=100, 
  v1=244, 
  degenerate=false 
}
02:28:08: Edge 296 = {
  tri0=183, 
  tri1=198, 
  v0=94, 
  v1=100, 
  degenerate=false 
}
02:28:08: Edge 297 = {
  tri0=184, 
  tri1=185, 
  v0=95, 
  v1=101, 
  degenerate=false 
}
02:28:08: Edge 298 = {
  tri0=184, 
  tri1=199, 
  v0=101, 
  v1=94, 
  degenerate=false 
}
02:28:08: Edge 299 = {
  tri0=185, 
  tri1=186, 
  v0=95, 
  v1=102, 
  degenerate=false 
}
02:28:08: Edge 300 = {
  tri0=185, 
  tri1=207, 
  v0=102, 
  v1=101, 
  degenerate=false 
}
02:28:08: Edge 301 = {
  tri0=186, 
  tri1=187, 
  v0=96, 
  v1=102, 
  degenerate=false 
}
02:28:08: Edge 302 = {
  tri0=187, 
  tri1=188, 
  v0=96, 
  v1=103, 
  degenerate=false 
}
02:28:08: Edge 303 = {
  tri0=187, 
  tri1=200, 
  v0=103, 
  v1=102, 
  degenerate=false 
}
02:28:08: Edge 304 = {
  tri0=188, 
  tri1=189, 
  v0=97, 
  v1=103, 
  degenerate=false 
}
02:28:08: Edge 305 = {
  tri0=189, 
  tri1=190, 
  v0=97, 
  v1=104, 
  degenerate=false 
}
02:28:08: Edge 306 = {
  tri0=189, 
  tri1=201, 
  v0=104, 
  v1=103, 
  degenerate=false 
}
02:28:08: Edge 307 = {
  tri0=190, 
  tri1=367, 
  v0=97, 
  v1=98, 
  degenerate=false 
}
02:28:08: Edge 308 = {
  tri0=190, 
  tri1=191, 
  v0=98, 
  v1=104, 
  degenerate=false 
}
02:28:08: Edge 309 = {
  tri0=191, 
  tri1=192, 
  v0=98, 
  v1=105, 
  degenerate=false 
}
02:28:08: Edge 310 = {
  tri0=191, 
  tri1=202, 
  v0=105, 
  v1=104, 
  degenerate=false 
}
02:28:08: Edge 311 = {
  tri0=192, 
  tri1=193, 
  v0=99, 
  v1=105, 
  degenerate=false 
}
02:28:08: Edge 312 = {
  tri0=193, 
  tri1=194, 
  v0=99, 
  v1=106, 
  degenerate=false 
}
02:28:08: Edge 313 = {
  tri0=193, 
  tri1=203, 
  v0=106, 
  v1=105, 
  degenerate=false 
}
02:28:08: Edge 314 = {
  tri0=194, 
  tri1=385, 
  v0=99, 
  v1=203, 
  degenerate=false 
}
02:28:08: Edge 315 = {
  tri0=194, 
  tri1=195, 
  v0=203, 
  v1=106, 
  degenerate=false 
}
02:28:08: Edge 316 = {
  tri0=195, 
  tri1=196, 
  v0=203, 
  v1=107, 
  degenerate=false 
}
02:28:08: Edge 317 = {
  tri0=195, 
  tri1=204, 
  v0=107, 
  v1=106, 
  degenerate=false 
}
02:28:08: Edge 318 = {
  tri0=196, 
  tri1=399, 
  v0=203, 
  v1=100, 
  degenerate=false 
}
02:28:08: Edge 319 = {
  tri0=196, 
  tri1=197, 
  v0=100, 
  v1=107, 
  degenerate=false 
}
02:28:08: Edge 320 = {
  tri0=197, 
  tri1=198, 
  v0=100, 
  v1=108, 
  degenerate=false 
}
02:28:08: Edge 321 = {
  tri0=197, 
  tri1=205, 
  v0=108, 
  v1=107, 
  degenerate=false 
}
02:28:08: Edge 322 = {
  tri0=198, 
  tri1=199, 
  v0=94, 
  v1=108, 
  degenerate=false 
}
02:28:08: Edge 323 = {
  tri0=199, 
  tri1=206, 
  v0=101, 
  v1=108, 
  degenerate=false 
}
02:28:08: Edge 324 = {
  tri0=200, 
  tri1=201, 
  v0=103, 
  v1=109, 
  degenerate=false 
}
02:28:08: Edge 325 = {
  tri0=200, 
  tri1=207, 
  v0=109, 
  v1=102, 
  degenerate=false 
}
02:28:08: Edge 326 = {
  tri0=201, 
  tri1=202, 
  v0=104, 
  v1=109, 
  degenerate=false 
}
02:28:08: Edge 327 = {
  tri0=202, 
  tri1=203, 
  v0=105, 
  v1=109, 
  degenerate=false 
}
02:28:08: Edge 328 = {
  tri0=203, 
  tri1=204, 
  v0=106, 
  v1=109, 
  degenerate=false 
}
02:28:08: Edge 329 = {
  tri0=204, 
  tri1=205, 
  v0=107, 
  v1=109, 
  degenerate=false 
}
02:28:08: Edge 330 = {
  tri0=205, 
  tri1=206, 
  v0=108, 
  v1=109, 
  degenerate=false 
}
02:28:08: Edge 331 = {
  tri0=206, 
  tri1=207, 
  v0=101, 
  v1=109, 
  degenerate=false 
}
02:28:08: Edge 332 = {
  tri0=208, 
  tri1=209, 
  v0=237, 
  v1=110, 
  degenerate=false 
}
02:28:08: Edge 333 = {
  tri0=208, 
  tri1=215, 
  v0=110, 
  v1=245, 
  degenerate=false 
}
02:28:08: Edge 334 = {
  tri0=209, 
  tri1=210, 
  v0=237, 
  v1=111, 
  degenerate=false 
}
02:28:08: Edge 335 = {
  tri0=209, 
  tri1=216, 
  v0=111, 
  v1=110, 
  degenerate=false 
}
02:28:08: Edge 336 = {
  tri0=210, 
  tri1=395, 
  v0=237, 
  v1=194, 
  degenerate=false 
}
02:28:08: Edge 337 = {
  tri0=210, 
  tri1=211, 
  v0=194, 
  v1=111, 
  degenerate=false 
}
02:28:08: Edge 338 = {
  tri0=211, 
  tri1=359, 
  v0=194, 
  v1=112, 
  degenerate=false 
}
02:28:08: Edge 339 = {
  tri0=211, 
  tri1=218, 
  v0=112, 
  v1=111, 
  degenerate=false 
}
02:28:08: Edge 340 = {
  tri0=212, 
  tri1=213, 
  v0=246, 
  v1=113, 
  degenerate=false 
}
02:28:08: Edge 341 = {
  tri0=212, 
  tri1=358, 
  v0=113, 
  v1=202, 
  degenerate=false 
}
02:28:08: Edge 342 = {
  tri0=213, 
  tri1=214, 
  v0=246, 
  v1=114, 
  degenerate=false 
}
02:28:08: Edge 343 = {
  tri0=213, 
  tri1=228, 
  v0=114, 
  v1=113, 
  degenerate=false 
}
02:28:08: Edge 344 = {
  tri0=214, 
  tri1=215, 
  v0=245, 
  v1=248, 
  degenerate=false 
}
02:28:08: Edge 345 = {
  tri0=215, 
  tri1=230, 
  v0=110, 
  v1=248, 
  degenerate=false 
}
02:28:08: Edge 346 = {
  tri0=216, 
  tri1=218, 
  v0=111, 
  v1=116, 
  degenerate=false 
}
02:28:08: Edge 347 = {
  tri0=216, 
  tri1=217, 
  v0=116, 
  v1=110, 
  degenerate=false 
}
02:28:08: Edge 348 = {
  tri0=217, 
  tri1=239, 
  v0=116, 
  v1=115, 
  degenerate=false 
}
02:28:08: Edge 349 = {
  tri0=217, 
  tri1=231, 
  v0=115, 
  v1=110, 
  degenerate=false 
}
02:28:08: Edge 350 = {
  tri0=218, 
  tri1=219, 
  v0=112, 
  v1=116, 
  degenerate=false 
}
02:28:08: Edge 351 = {
  tri0=219, 
  tri1=221, 
  v0=112, 
  v1=117, 
  degenerate=false 
}
02:28:08: Edge 352 = {
  tri0=219, 
  tri1=232, 
  v0=117, 
  v1=116, 
  degenerate=false 
}
02:28:08: Edge 353 = {
  tri0=220, 
  tri1=222, 
  v0=204, 
  v1=118, 
  degenerate=false 
}
02:28:08: Edge 354 = {
  tri0=220, 
  tri1=221, 
  v0=118, 
  v1=112, 
  degenerate=false 
}
02:28:08: Edge 355 = {
  tri0=220, 
  tri1=396, 
  v0=112, 
  v1=204, 
  degenerate=false 
}
02:28:08: Edge 356 = {
  tri0=221, 
  tri1=233, 
  v0=118, 
  v1=117, 
  degenerate=false 
}
02:28:08: Edge 357 = {
  tri0=222, 
  tri1=387, 
  v0=204, 
  v1=205, 
  degenerate=false 
}
02:28:08: Edge 358 = {
  tri0=222, 
  tri1=223, 
  v0=205, 
  v1=118, 
  degenerate=false 
}
02:28:08: Edge 359 = {
  tri0=223, 
  tri1=225, 
  v0=205, 
  v1=119, 
  degenerate=false 
}
02:28:08: Edge 360 = {
  tri0=223, 
  tri1=234, 
  v0=119, 
  v1=118, 
  degenerate=false 
}
02:28:08: Edge 361 = {
  tri0=224, 
  tri1=226, 
  v0=206, 
  v1=120, 
  degenerate=false 
}
02:28:08: Edge 362 = {
  tri0=224, 
  tri1=225, 
  v0=120, 
  v1=249, 
  degenerate=false 
}
02:28:08: Edge 363 = {
  tri0=224, 
  tri1=338, 
  v0=249, 
  v1=206, 
  degenerate=false 
}
02:28:08: Edge 364 = {
  tri0=225, 
  tri1=235, 
  v0=120, 
  v1=250, 
  degenerate=false 
}
02:28:08: Edge 365 = {
  tri0=226, 
  tri1=358, 
  v0=206, 
  v1=113, 
  degenerate=false 
}
02:28:08: Edge 366 = {
  tri0=226, 
  tri1=227, 
  v0=113, 
  v1=120, 
  degenerate=false 
}
02:28:08: Edge 367 = {
  tri0=227, 
  tri1=229, 
  v0=113, 
  v1=121, 
  degenerate=false 
}
02:28:08: Edge 368 = {
  tri0=227, 
  tri1=236, 
  v0=121, 
  v1=120, 
  degenerate=false 
}
02:28:08: Edge 369 = {
  tri0=228, 
  tri1=230, 
  v0=114, 
  v1=122, 
  degenerate=false 
}
02:28:08: Edge 370 = {
  tri0=228, 
  tri1=229, 
  v0=122, 
  v1=113, 
  degenerate=false 
}
02:28:08: Edge 371 = {
  tri0=229, 
  tri1=237, 
  v0=122, 
  v1=121, 
  degenerate=false 
}
02:28:08: Edge 372 = {
  tri0=230, 
  tri1=231, 
  v0=110, 
  v1=251, 
  degenerate=false 
}
02:28:08: Edge 373 = {
  tri0=231, 
  tri1=238, 
  v0=115, 
  v1=251, 
  degenerate=false 
}
02:28:08: Edge 374 = {
  tri0=232, 
  tri1=233, 
  v0=117, 
  v1=123, 
  degenerate=false 
}
02:28:08: Edge 375 = {
  tri0=232, 
  tri1=239, 
  v0=123, 
  v1=116, 
  degenerate=false 
}
02:28:08: Edge 376 = {
  tri0=233, 
  tri1=234, 
  v0=118, 
  v1=123, 
  degenerate=false 
}
02:28:08: Edge 377 = {
  tri0=234, 
  tri1=235, 
  v0=250, 
  v1=253, 
  degenerate=false 
}
02:28:08: Edge 378 = {
  tri0=235, 
  tri1=236, 
  v0=120, 
  v1=253, 
  degenerate=false 
}
02:28:08: Edge 379 = {
  tri0=236, 
  tri1=237, 
  v0=121, 
  v1=253, 
  degenerate=false 
}
02:28:08: Edge 380 = {
  tri0=237, 
  tri1=238, 
  v0=122, 
  v1=253, 
  degenerate=false 
}
02:28:08: Edge 381 = {
  tri0=238, 
  tri1=239, 
  v0=115, 
  v1=123, 
  degenerate=false 
}
02:28:08: Edge 382 = {
  tri0=240, 
  tri1=388, 
  v0=208, 
  v1=125, 
  degenerate=false 
}
02:28:08: Edge 383 = {
  tri0=240, 
  tri1=241, 
  v0=125, 
  v1=207, 
  degenerate=false 
}
02:28:08: Edge 384 = {
  tri0=240, 
  tri1=400, 
  v0=207, 
  v1=208, 
  degenerate=false 
}
02:28:08: Edge 385 = {
  tri0=241, 
  tri1=244, 
  v0=125, 
  v1=124, 
  degenerate=false 
}
02:28:08: Edge 386 = {
  tri0=241, 
  tri1=401, 
  v0=124, 
  v1=207, 
  degenerate=false 
}
02:28:08: Edge 387 = {
  tri0=242, 
  tri1=401, 
  v0=200, 
  v1=124, 
  degenerate=false 
}
02:28:08: Edge 388 = {
  tri0=242, 
  tri1=243, 
  v0=124, 
  v1=126, 
  degenerate=false 
}
02:28:08: Edge 389 = {
  tri0=242, 
  tri1=386, 
  v0=126, 
  v1=200, 
  degenerate=false 
}
02:28:08: Edge 390 = {
  tri0=243, 
  tri1=244, 
  v0=124, 
  v1=127, 
  degenerate=false 
}
02:28:08: Edge 391 = {
  tri0=243, 
  tri1=252, 
  v0=127, 
  v1=126, 
  degenerate=false 
}
02:28:08: Edge 392 = {
  tri0=244, 
  tri1=245, 
  v0=125, 
  v1=127, 
  degenerate=false 
}
02:28:08: Edge 393 = {
  tri0=245, 
  tri1=247, 
  v0=125, 
  v1=128, 
  degenerate=false 
}
02:28:08: Edge 394 = {
  tri0=245, 
  tri1=254, 
  v0=128, 
  v1=127, 
  degenerate=false 
}
02:28:08: Edge 395 = {
  tri0=246, 
  tri1=384, 
  v0=209, 
  v1=129, 
  degenerate=false 
}
02:28:08: Edge 396 = {
  tri0=246, 
  tri1=247, 
  v0=129, 
  v1=125, 
  degenerate=false 
}
02:28:08: Edge 397 = {
  tri0=246, 
  tri1=388, 
  v0=125, 
  v1=209, 
  degenerate=false 
}
02:28:08: Edge 398 = {
  tri0=247, 
  tri1=256, 
  v0=129, 
  v1=128, 
  degenerate=false 
}
02:28:08: Edge 399 = {
  tri0=248, 
  tri1=399, 
  v0=244, 
  v1=203, 
  degenerate=false 
}
02:28:08: Edge 400 = {
  tri0=248, 
  tri1=249, 
  v0=203, 
  v1=132, 
  degenerate=false 
}
02:28:08: Edge 401 = {
  tri0=248, 
  tri1=375, 
  v0=132, 
  v1=244, 
  degenerate=false 
}
02:28:08: Edge 402 = {
  tri0=249, 
  tri1=250, 
  v0=203, 
  v1=133, 
  degenerate=false 
}
02:28:08: Edge 403 = {
  tri0=249, 
  tri1=261, 
  v0=133, 
  v1=132, 
  degenerate=false 
}
02:28:08: Edge 404 = {
  tri0=250, 
  tri1=386, 
  v0=203, 
  v1=126, 
  degenerate=false 
}
02:28:08: Edge 405 = {
  tri0=250, 
  tri1=251, 
  v0=126, 
  v1=133, 
  degenerate=false 
}
02:28:08: Edge 406 = {
  tri0=251, 
  tri1=253, 
  v0=126, 
  v1=134, 
  degenerate=false 
}
02:28:08: Edge 407 = {
  tri0=251, 
  tri1=262, 
  v0=134, 
  v1=133, 
  degenerate=false 
}
02:28:08: Edge 408 = {
  tri0=252, 
  tri1=254, 
  v0=127, 
  v1=135, 
  degenerate=false 
}
02:28:08: Edge 409 = {
  tri0=252, 
  tri1=253, 
  v0=135, 
  v1=126, 
  degenerate=false 
}
02:28:08: Edge 410 = {
  tri0=253, 
  tri1=263, 
  v0=135, 
  v1=134, 
  degenerate=false 
}
02:28:08: Edge 411 = {
  tri0=254, 
  tri1=255, 
  v0=128, 
  v1=135, 
  degenerate=false 
}
02:28:08: Edge 412 = {
  tri0=255, 
  tri1=257, 
  v0=128, 
  v1=136, 
  degenerate=false 
}
02:28:08: Edge 413 = {
  tri0=255, 
  tri1=264, 
  v0=136, 
  v1=135, 
  degenerate=false 
}
02:28:08: Edge 414 = {
  tri0=256, 
  tri1=259, 
  v0=129, 
  v1=137, 
  degenerate=false 
}
02:28:08: Edge 415 = {
  tri0=256, 
  tri1=257, 
  v0=137, 
  v1=128, 
  degenerate=false 
}
02:28:08: Edge 416 = {
  tri0=257, 
  tri1=265, 
  v0=137, 
  v1=136, 
  degenerate=false 
}
02:28:08: Edge 417 = {
  tri0=258, 
  tri1=377, 
  v0=210, 
  v1=130, 
  degenerate=false 
}
02:28:08: Edge 418 = {
  tri0=258, 
  tri1=259, 
  v0=130, 
  v1=129, 
  degenerate=false 
}
02:28:08: Edge 419 = {
  tri0=258, 
  tri1=384, 
  v0=129, 
  v1=210, 
  degenerate=false 
}
02:28:08: Edge 420 = {
  tri0=259, 
  tri1=266, 
  v0=130, 
  v1=137, 
  degenerate=false 
}
02:28:08: Edge 421 = {
  tri0=260, 
  tri1=375, 
  v0=131, 
  v1=132, 
  degenerate=false 
}
02:28:08: Edge 422 = {
  tri0=260, 
  tri1=261, 
  v0=132, 
  v1=138, 
  degenerate=false 
}
02:28:08: Edge 423 = {
  tri0=260, 
  tri1=267, 
  v0=138, 
  v1=131, 
  degenerate=false 
}
02:28:08: Edge 424 = {
  tri0=261, 
  tri1=262, 
  v0=133, 
  v1=138, 
  degenerate=false 
}
02:28:08: Edge 425 = {
  tri0=262, 
  tri1=263, 
  v0=134, 
  v1=138, 
  degenerate=false 
}
02:28:08: Edge 426 = {
  tri0=263, 
  tri1=264, 
  v0=135, 
  v1=138, 
  degenerate=false 
}
02:28:08: Edge 427 = {
  tri0=264, 
  tri1=265, 
  v0=136, 
  v1=138, 
  degenerate=false 
}
02:28:08: Edge 428 = {
  tri0=265, 
  tri1=266, 
  v0=137, 
  v1=138, 
  degenerate=false 
}
02:28:08: Edge 429 = {
  tri0=266, 
  tri1=267, 
  v0=130, 
  v1=138, 
  degenerate=false 
}
02:28:08: Edge 430 = {
  tri0=267, 
  tri1=378, 
  v0=130, 
  v1=131, 
  degenerate=false 
}
02:28:08: Edge 431 = {
  tri0=268, 
  tri1=389, 
  v0=209, 
  v1=139, 
  degenerate=false 
}
02:28:08: Edge 432 = {
  tri0=268, 
  tri1=269, 
  v0=139, 
  v1=141, 
  degenerate=false 
}
02:28:08: Edge 433 = {
  tri0=268, 
  tri1=383, 
  v0=141, 
  v1=209, 
  degenerate=false 
}
02:28:08: Edge 434 = {
  tri0=269, 
  tri1=270, 
  v0=139, 
  v1=142, 
  degenerate=false 
}
02:28:08: Edge 435 = {
  tri0=269, 
  tri1=284, 
  v0=142, 
  v1=141, 
  degenerate=false 
}
02:28:08: Edge 436 = {
  tri0=270, 
  tri1=391, 
  v0=139, 
  v1=211, 
  degenerate=false 
}
02:28:08: Edge 437 = {
  tri0=270, 
  tri1=271, 
  v0=211, 
  v1=142, 
  degenerate=false 
}
02:28:08: Edge 438 = {
  tri0=271, 
  tri1=272, 
  v0=211, 
  v1=143, 
  degenerate=false 
}
02:28:08: Edge 439 = {
  tri0=271, 
  tri1=286, 
  v0=143, 
  v1=142, 
  degenerate=false 
}
02:28:08: Edge 440 = {
  tri0=272, 
  tri1=397, 
  v0=211, 
  v1=185, 
  degenerate=false 
}
02:28:08: Edge 441 = {
  tri0=272, 
  tri1=273, 
  v0=185, 
  v1=143, 
  degenerate=false 
}
02:28:08: Edge 442 = {
  tri0=273, 
  tri1=382, 
  v0=185, 
  v1=140, 
  degenerate=false 
}
02:28:08: Edge 443 = {
  tri0=273, 
  tri1=288, 
  v0=140, 
  v1=143, 
  degenerate=false 
}
02:28:08: Edge 444 = {
  tri0=274, 
  tri1=276, 
  v0=254, 
  v1=145, 
  degenerate=false 
}
02:28:08: Edge 445 = {
  tri0=274, 
  tri1=275, 
  v0=145, 
  v1=140, 
  degenerate=false 
}
02:28:08: Edge 446 = {
  tri0=274, 
  tri1=382, 
  v0=140, 
  v1=254, 
  degenerate=false 
}
02:28:08: Edge 447 = {
  tri0=275, 
  tri1=297, 
  v0=145, 
  v1=144, 
  degenerate=false 
}
02:28:08: Edge 448 = {
  tri0=275, 
  tri1=289, 
  v0=144, 
  v1=140, 
  degenerate=false 
}
02:28:08: Edge 449 = {
  tri0=276, 
  tri1=277, 
  v0=197, 
  v1=145, 
  degenerate=false 
}
02:28:08: Edge 450 = {
  tri0=277, 
  tri1=279, 
  v0=197, 
  v1=146, 
  degenerate=false 
}
02:28:08: Edge 451 = {
  tri0=277, 
  tri1=290, 
  v0=146, 
  v1=145, 
  degenerate=false 
}
02:28:08: Edge 452 = {
  tri0=278, 
  tri1=281, 
  v0=84, 
  v1=147, 
  degenerate=false 
}
02:28:08: Edge 453 = {
  tri0=278, 
  tri1=279, 
  v0=147, 
  v1=197, 
  degenerate=false 
}
02:28:08: Edge 454 = {
  tri0=278, 
  tri1=371, 
  v0=197, 
  v1=84, 
  degenerate=false 
}
02:28:08: Edge 455 = {
  tri0=279, 
  tri1=291, 
  v0=147, 
  v1=146, 
  degenerate=false 
}
02:28:08: Edge 456 = {
  tri0=280, 
  tri1=282, 
  v0=255, 
  v1=148, 
  degenerate=false 
}
02:28:08: Edge 457 = {
  tri0=280, 
  tri1=281, 
  v0=148, 
  v1=84, 
  degenerate=false 
}
02:28:08: Edge 458 = {
  tri0=280, 
  tri1=376, 
  v0=84, 
  v1=255, 
  degenerate=false 
}
02:28:08: Edge 459 = {
  tri0=281, 
  tri1=292, 
  v0=148, 
  v1=147, 
  degenerate=false 
}
02:28:08: Edge 460 = {
  tri0=282, 
  tri1=383, 
  v0=255, 
  v1=141, 
  degenerate=false 
}
02:28:08: Edge 461 = {
  tri0=282, 
  tri1=283, 
  v0=141, 
  v1=148, 
  degenerate=false 
}
02:28:08: Edge 462 = {
  tri0=283, 
  tri1=284, 
  v0=141, 
  v1=149, 
  degenerate=false 
}
02:28:08: Edge 463 = {
  tri0=283, 
  tri1=293, 
  v0=149, 
  v1=148, 
  degenerate=false 
}
02:28:08: Edge 464 = {
  tri0=284, 
  tri1=285, 
  v0=142, 
  v1=149, 
  degenerate=false 
}
02:28:08: Edge 465 = {
  tri0=285, 
  tri1=287, 
  v0=142, 
  v1=150, 
  degenerate=false 
}
02:28:08: Edge 466 = {
  tri0=285, 
  tri1=294, 
  v0=150, 
  v1=149, 
  degenerate=false 
}
02:28:08: Edge 467 = {
  tri0=286, 
  tri1=288, 
  v0=143, 
  v1=151, 
  degenerate=false 
}
02:28:08: Edge 468 = {
  tri0=286, 
  tri1=287, 
  v0=151, 
  v1=142, 
  degenerate=false 
}
02:28:08: Edge 469 = {
  tri0=287, 
  tri1=295, 
  v0=151, 
  v1=150, 
  degenerate=false 
}
02:28:08: Edge 470 = {
  tri0=288, 
  tri1=289, 
  v0=140, 
  v1=151, 
  degenerate=false 
}
02:28:08: Edge 471 = {
  tri0=289, 
  tri1=296, 
  v0=144, 
  v1=151, 
  degenerate=false 
}
02:28:08: Edge 472 = {
  tri0=290, 
  tri1=291, 
  v0=146, 
  v1=152, 
  degenerate=false 
}
02:28:08: Edge 473 = {
  tri0=290, 
  tri1=297, 
  v0=152, 
  v1=145, 
  degenerate=false 
}
02:28:08: Edge 474 = {
  tri0=291, 
  tri1=292, 
  v0=147, 
  v1=152, 
  degenerate=false 
}
02:28:08: Edge 475 = {
  tri0=292, 
  tri1=293, 
  v0=148, 
  v1=152, 
  degenerate=false 
}
02:28:08: Edge 476 = {
  tri0=293, 
  tri1=294, 
  v0=149, 
  v1=152, 
  degenerate=false 
}
02:28:08: Edge 477 = {
  tri0=294, 
  tri1=295, 
  v0=150, 
  v1=152, 
  degenerate=false 
}
02:28:08: Edge 478 = {
  tri0=295, 
  tri1=296, 
  v0=151, 
  v1=152, 
  degenerate=false 
}
02:28:08: Edge 479 = {
  tri0=296, 
  tri1=297, 
  v0=144, 
  v1=152, 
  degenerate=false 
}
02:28:08: Edge 480 = {
  tri0=298, 
  tri1=300, 
  v0=154, 
  v1=157, 
  degenerate=false 
}
02:28:08: Edge 481 = {
  tri0=298, 
  tri1=299, 
  v0=157, 
  v1=211, 
  degenerate=false 
}
02:28:08: Edge 482 = {
  tri0=298, 
  tri1=390, 
  v0=211, 
  v1=154, 
  degenerate=false 
}
02:28:08: Edge 483 = {
  tri0=299, 
  tri1=312, 
  v0=157, 
  v1=156, 
  degenerate=false 
}
02:28:08: Edge 484 = {
  tri0=299, 
  tri1=397, 
  v0=156, 
  v1=211, 
  degenerate=false 
}
02:28:08: Edge 485 = {
  tri0=300, 
  tri1=393, 
  v0=154, 
  v1=212, 
  degenerate=false 
}
02:28:08: Edge 486 = {
  tri0=300, 
  tri1=301, 
  v0=212, 
  v1=157, 
  degenerate=false 
}
02:28:08: Edge 487 = {
  tri0=301, 
  tri1=302, 
  v0=212, 
  v1=158, 
  degenerate=false 
}
02:28:08: Edge 488 = {
  tri0=301, 
  tri1=314, 
  v0=158, 
  v1=157, 
  degenerate=false 
}
02:28:08: Edge 489 = {
  tri0=302, 
  tri1=403, 
  v0=212, 
  v1=213, 
  degenerate=false 
}
02:28:08: Edge 490 = {
  tri0=302, 
  tri1=303, 
  v0=213, 
  v1=158, 
  degenerate=false 
}
02:28:08: Edge 491 = {
  tri0=303, 
  tri1=363, 
  v0=213, 
  v1=155, 
  degenerate=false 
}
02:28:08: Edge 492 = {
  tri0=303, 
  tri1=316, 
  v0=155, 
  v1=158, 
  degenerate=false 
}
02:28:08: Edge 493 = {
  tri0=304, 
  tri1=396, 
  v0=204, 
  v1=160, 
  degenerate=false 
}
02:28:08: Edge 494 = {
  tri0=304, 
  tri1=305, 
  v0=160, 
  v1=155, 
  degenerate=false 
}
02:28:08: Edge 495 = {
  tri0=304, 
  tri1=362, 
  v0=155, 
  v1=204, 
  degenerate=false 
}
02:28:08: Edge 496 = {
  tri0=305, 
  tri1=325, 
  v0=160, 
  v1=159, 
  degenerate=false 
}
02:28:08: Edge 497 = {
  tri0=305, 
  tri1=317, 
  v0=159, 
  v1=155, 
  degenerate=false 
}
02:28:08: Edge 498 = {
  tri0=306, 
  tri1=394, 
  v0=194, 
  v1=195, 
  degenerate=false 
}
02:28:08: Edge 499 = {
  tri0=306, 
  tri1=307, 
  v0=195, 
  v1=161, 
  degenerate=false 
}
02:28:08: Edge 500 = {
  tri0=306, 
  tri1=359, 
  v0=161, 
  v1=194, 
  degenerate=false 
}
02:28:08: Edge 501 = {
  tri0=307, 
  tri1=308, 
  v0=195, 
  v1=162, 
  degenerate=false 
}
02:28:08: Edge 502 = {
  tri0=307, 
  tri1=319, 
  v0=162, 
  v1=161, 
  degenerate=false 
}
02:28:08: Edge 503 = {
  tri0=308, 
  tri1=381, 
  v0=195, 
  v1=185, 
  degenerate=false 
}
02:28:08: Edge 504 = {
  tri0=308, 
  tri1=309, 
  v0=185, 
  v1=162, 
  degenerate=false 
}
02:28:08: Edge 505 = {
  tri0=309, 
  tri1=311, 
  v0=185, 
  v1=163, 
  degenerate=false 
}
02:28:08: Edge 506 = {
  tri0=309, 
  tri1=320, 
  v0=163, 
  v1=162, 
  degenerate=false 
}
02:28:08: Edge 507 = {
  tri0=310, 
  tri1=312, 
  v0=156, 
  v1=164, 
  degenerate=false 
}
02:28:08: Edge 508 = {
  tri0=310, 
  tri1=311, 
  v0=164, 
  v1=185, 
  degenerate=false 
}
02:28:08: Edge 509 = {
  tri0=310, 
  tri1=397, 
  v0=185, 
  v1=156, 
  degenerate=false 
}
02:28:08: Edge 510 = {
  tri0=311, 
  tri1=321, 
  v0=164, 
  v1=163, 
  degenerate=false 
}
02:28:08: Edge 511 = {
  tri0=312, 
  tri1=313, 
  v0=157, 
  v1=164, 
  degenerate=false 
}
02:28:08: Edge 512 = {
  tri0=313, 
  tri1=315, 
  v0=157, 
  v1=165, 
  degenerate=false 
}
02:28:08: Edge 513 = {
  tri0=313, 
  tri1=322, 
  v0=165, 
  v1=164, 
  degenerate=false 
}
02:28:08: Edge 514 = {
  tri0=314, 
  tri1=316, 
  v0=158, 
  v1=166, 
  degenerate=false 
}
02:28:08: Edge 515 = {
  tri0=314, 
  tri1=315, 
  v0=166, 
  v1=157, 
  degenerate=false 
}
02:28:08: Edge 516 = {
  tri0=315, 
  tri1=323, 
  v0=166, 
  v1=165, 
  degenerate=false 
}
02:28:08: Edge 517 = {
  tri0=316, 
  tri1=317, 
  v0=155, 
  v1=166, 
  degenerate=false 
}
02:28:08: Edge 518 = {
  tri0=317, 
  tri1=324, 
  v0=159, 
  v1=166, 
  degenerate=false 
}
02:28:08: Edge 519 = {
  tri0=318, 
  tri1=364, 
  v0=160, 
  v1=161, 
  degenerate=false 
}
02:28:08: Edge 520 = {
  tri0=318, 
  tri1=319, 
  v0=161, 
  v1=167, 
  degenerate=false 
}
02:28:08: Edge 521 = {
  tri0=318, 
  tri1=325, 
  v0=167, 
  v1=160, 
  degenerate=false 
}
02:28:08: Edge 522 = {
  tri0=319, 
  tri1=320, 
  v0=162, 
  v1=167, 
  degenerate=false 
}
02:28:08: Edge 523 = {
  tri0=320, 
  tri1=321, 
  v0=163, 
  v1=167, 
  degenerate=false 
}
02:28:08: Edge 524 = {
  tri0=321, 
  tri1=322, 
  v0=164, 
  v1=167, 
  degenerate=false 
}
02:28:08: Edge 525 = {
  tri0=322, 
  tri1=323, 
  v0=165, 
  v1=167, 
  degenerate=false 
}
02:28:08: Edge 526 = {
  tri0=323, 
  tri1=324, 
  v0=166, 
  v1=167, 
  degenerate=false 
}
02:28:08: Edge 527 = {
  tri0=324, 
  tri1=325, 
  v0=159, 
  v1=167, 
  degenerate=false 
}
02:28:08: Edge 528 = {
  tri0=326, 
  tri1=327, 
  v0=201, 
  v1=169, 
  degenerate=false 
}
02:28:08: Edge 529 = {
  tri0=326, 
  tri1=333, 
  v0=169, 
  v1=200, 
  degenerate=false 
}
02:28:08: Edge 530 = {
  tri0=327, 
  tri1=370, 
  v0=201, 
  v1=153, 
  degenerate=false 
}
02:28:08: Edge 531 = {
  tri0=327, 
  tri1=334, 
  v0=153, 
  v1=169, 
  degenerate=false 
}
02:28:08: Edge 532 = {
  tri0=328, 
  tri1=392, 
  v0=212, 
  v1=168, 
  degenerate=false 
}
02:28:08: Edge 533 = {
  tri0=328, 
  tri1=329, 
  v0=168, 
  v1=171, 
  degenerate=false 
}
02:28:08: Edge 534 = {
  tri0=328, 
  tri1=403, 
  v0=171, 
  v1=212, 
  degenerate=false 
}
02:28:08: Edge 535 = {
  tri0=329, 
  tri1=330, 
  v0=168, 
  v1=172, 
  degenerate=false 
}
02:28:08: Edge 536 = {
  tri0=329, 
  tri1=344, 
  v0=172, 
  v1=171, 
  degenerate=false 
}
02:28:08: Edge 537 = {
  tri0=330, 
  tri1=400, 
  v0=256, 
  v1=207, 
  degenerate=false 
}
02:28:08: Edge 538 = {
  tri0=330, 
  tri1=331, 
  v0=207, 
  v1=257, 
  degenerate=false 
}
02:28:08: Edge 539 = {
  tri0=331, 
  tri1=332, 
  v0=207, 
  v1=173, 
  degenerate=false 
}
02:28:08: Edge 540 = {
  tri0=331, 
  tri1=346, 
  v0=173, 
  v1=257, 
  degenerate=false 
}
02:28:08: Edge 541 = {
  tri0=332, 
  tri1=401, 
  v0=207, 
  v1=200, 
  degenerate=false 
}
02:28:08: Edge 542 = {
  tri0=332, 
  tri1=333, 
  v0=200, 
  v1=173, 
  degenerate=false 
}
02:28:08: Edge 543 = {
  tri0=333, 
  tri1=348, 
  v0=169, 
  v1=173, 
  degenerate=false 
}
02:28:08: Edge 544 = {
  tri0=334, 
  tri1=337, 
  v0=153, 
  v1=175, 
  degenerate=false 
}
02:28:08: Edge 545 = {
  tri0=334, 
  tri1=335, 
  v0=175, 
  v1=169, 
  degenerate=false 
}
02:28:08: Edge 546 = {
  tri0=335, 
  tri1=357, 
  v0=175, 
  v1=174, 
  degenerate=false 
}
02:28:08: Edge 547 = {
  tri0=335, 
  tri1=349, 
  v0=174, 
  v1=169, 
  degenerate=false 
}
02:28:08: Edge 548 = {
  tri0=336, 
  tri1=339, 
  v0=258, 
  v1=176, 
  degenerate=false 
}
02:28:08: Edge 549 = {
  tri0=336, 
  tri1=337, 
  v0=176, 
  v1=153, 
  degenerate=false 
}
02:28:08: Edge 550 = {
  tri0=336, 
  tri1=369, 
  v0=153, 
  v1=258, 
  degenerate=false 
}
02:28:08: Edge 551 = {
  tri0=337, 
  tri1=350, 
  v0=176, 
  v1=175, 
  degenerate=false 
}
02:28:08: Edge 552 = {
  tri0=338, 
  tri1=340, 
  v0=249, 
  v1=177, 
  degenerate=false 
}
02:28:08: Edge 553 = {
  tri0=338, 
  tri1=339, 
  v0=177, 
  v1=258, 
  degenerate=false 
}
02:28:08: Edge 554 = {
  tri0=339, 
  tri1=351, 
  v0=177, 
  v1=176, 
  degenerate=false 
}
02:28:08: Edge 555 = {
  tri0=340, 
  tri1=360, 
  v0=249, 
  v1=170, 
  degenerate=false 
}
02:28:08: Edge 556 = {
  tri0=340, 
  tri1=341, 
  v0=170, 
  v1=177, 
  degenerate=false 
}
02:28:08: Edge 557 = {
  tri0=341, 
  tri1=343, 
  v0=170, 
  v1=178, 
  degenerate=false 
}
02:28:08: Edge 558 = {
  tri0=341, 
  tri1=352, 
  v0=178, 
  v1=177, 
  degenerate=false 
}
02:28:08: Edge 559 = {
  tri0=342, 
  tri1=344, 
  v0=259, 
  v1=179, 
  degenerate=false 
}
02:28:08: Edge 560 = {
  tri0=342, 
  tri1=343, 
  v0=179, 
  v1=170, 
  degenerate=false 
}
02:28:08: Edge 561 = {
  tri0=342, 
  tri1=402, 
  v0=170, 
  v1=259, 
  degenerate=false 
}
02:28:08: Edge 562 = {
  tri0=343, 
  tri1=353, 
  v0=179, 
  v1=178, 
  degenerate=false 
}
02:28:08: Edge 563 = {
  tri0=344, 
  tri1=345, 
  v0=257, 
  v1=179, 
  degenerate=false 
}
02:28:08: Edge 564 = {
  tri0=345, 
  tri1=347, 
  v0=257, 
  v1=180, 
  degenerate=false 
}
02:28:08: Edge 565 = {
  tri0=345, 
  tri1=354, 
  v0=180, 
  v1=179, 
  degenerate=false 
}
02:28:08: Edge 566 = {
  tri0=346, 
  tri1=348, 
  v0=173, 
  v1=181, 
  degenerate=false 
}
02:28:08: Edge 567 = {
  tri0=346, 
  tri1=347, 
  v0=181, 
  v1=257, 
  degenerate=false 
}
02:28:08: Edge 568 = {
  tri0=347, 
  tri1=355, 
  v0=181, 
  v1=180, 
  degenerate=false 
}
02:28:08: Edge 569 = {
  tri0=348, 
  tri1=349, 
  v0=169, 
  v1=181, 
  degenerate=false 
}
02:28:08: Edge 570 = {
  tri0=349, 
  tri1=356, 
  v0=174, 
  v1=181, 
  degenerate=false 
}
02:28:08: Edge 571 = {
  tri0=350, 
  tri1=351, 
  v0=176, 
  v1=182, 
  degenerate=false 
}
02:28:08: Edge 572 = {
  tri0=350, 
  tri1=357, 
  v0=182, 
  v1=175, 
  degenerate=false 
}
02:28:08: Edge 573 = {
  tri0=351, 
  tri1=352, 
  v0=177, 
  v1=182, 
  degenerate=false 
}
02:28:08: Edge 574 = {
  tri0=352, 
  tri1=353, 
  v0=178, 
  v1=182, 
  degenerate=false 
}
02:28:08: Edge 575 = {
  tri0=353, 
  tri1=354, 
  v0=179, 
  v1=182, 
  degenerate=false 
}
02:28:08: Edge 576 = {
  tri0=354, 
  tri1=355, 
  v0=180, 
  v1=182, 
  degenerate=false 
}
02:28:08: Edge 577 = {
  tri0=355, 
  tri1=356, 
  v0=181, 
  v1=182, 
  degenerate=false 
}
02:28:08: Edge 578 = {
  tri0=356, 
  tri1=357, 
  v0=174, 
  v1=182, 
  degenerate=false 
}
02:28:08: Edge 579 = {
  tri0=358, 
  tri1=368, 
  v0=260, 
  v1=202, 
  degenerate=false 
}
02:28:08: Edge 580 = {
  tri0=359, 
  tri1=364, 
  v0=161, 
  v1=112, 
  degenerate=false 
}
02:28:08: Edge 581 = {
  tri0=360, 
  tri1=387, 
  v0=249, 
  v1=183, 
  degenerate=false 
}
02:28:08: Edge 582 = {
  tri0=360, 
  tri1=361, 
  v0=183, 
  v1=170, 
  degenerate=false 
}
02:28:08: Edge 583 = {
  tri0=361, 
  tri1=363, 
  v0=183, 
  v1=261, 
  degenerate=false 
}
02:28:08: Edge 584 = {
  tri0=361, 
  tri1=402, 
  v0=261, 
  v1=170, 
  degenerate=false 
}
02:28:08: Edge 585 = {
  tri0=362, 
  tri1=363, 
  v0=155, 
  v1=262, 
  degenerate=false 
}
02:28:08: Edge 586 = {
  tri0=362, 
  tri1=387, 
  v0=262, 
  v1=204, 
  degenerate=false 
}
02:28:08: Edge 587 = {
  tri0=364, 
  tri1=396, 
  v0=160, 
  v1=112, 
  degenerate=false 
}
02:28:08: Edge 588 = {
  tri0=365, 
  tri1=367, 
  v0=184, 
  v1=97, 
  degenerate=false 
}
02:28:08: Edge 589 = {
  tri0=365, 
  tri1=368, 
  v0=202, 
  v1=184, 
  degenerate=false 
}
02:28:08: Edge 590 = {
  tri0=366, 
  tri1=367, 
  v0=98, 
  v1=184, 
  degenerate=false 
}
02:28:08: Edge 591 = {
  tri0=366, 
  tri1=370, 
  v0=184, 
  v1=201, 
  degenerate=false 
}
02:28:08: Edge 592 = {
  tri0=368, 
  tri1=369, 
  v0=260, 
  v1=184, 
  degenerate=false 
}
02:28:08: Edge 593 = {
  tri0=369, 
  tri1=370, 
  v0=153, 
  v1=184, 
  degenerate=false 
}
02:28:08: Edge 594 = {
  tri0=372, 
  tri1=374, 
  v0=199, 
  v1=214, 
  degenerate=false 
}
02:28:08: Edge 595 = {
  tri0=372, 
  tri1=373, 
  v0=214, 
  v1=81, 
  degenerate=false 
}
02:28:08: Edge 596 = {
  tri0=373, 
  tri1=379, 
  v0=214, 
  v1=82, 
  degenerate=false 
}
02:28:08: Edge 597 = {
  tri0=374, 
  tri1=375, 
  v0=244, 
  v1=131, 
  degenerate=false 
}
02:28:08: Edge 598 = {
  tri0=374, 
  tri1=378, 
  v0=131, 
  v1=263, 
  degenerate=false 
}
02:28:08: Edge 599 = {
  tri0=376, 
  tri1=380, 
  v0=83, 
  v1=255, 
  degenerate=false 
}
02:28:08: Edge 600 = {
  tri0=377, 
  tri1=380, 
  v0=210, 
  v1=263, 
  degenerate=false 
}
02:28:08: Edge 601 = {
  tri0=377, 
  tri1=378, 
  v0=263, 
  v1=130, 
  degenerate=false 
}
02:28:08: Edge 602 = {
  tri0=379, 
  tri1=380, 
  v0=214, 
  v1=83, 
  degenerate=false 
}
02:28:08: Edge 603 = {
  tri0=381, 
  tri1=382, 
  v0=198, 
  v1=185, 
  degenerate=false 
}
02:28:08: Edge 604 = {
  tri0=383, 
  tri1=384, 
  v0=210, 
  v1=209, 
  degenerate=false 
}
02:28:08: Edge 605 = {
  tri0=385, 
  tri1=386, 
  v0=200, 
  v1=203, 
  degenerate=false 
}
02:28:08: Edge 606 = {
  tri0=388, 
  tri1=389, 
  v0=264, 
  v1=209, 
  degenerate=false 
}
02:28:08: Edge 607 = {
  tri0=389, 
  tri1=391, 
  v0=265, 
  v1=139, 
  degenerate=false 
}
02:28:08: Edge 608 = {
  tri0=390, 
  tri1=391, 
  v0=211, 
  v1=265, 
  degenerate=false 
}
02:28:08: Edge 609 = {
  tri0=390, 
  tri1=393, 
  v0=265, 
  v1=154, 
  degenerate=false 
}
02:28:08: Edge 610 = {
  tri0=392, 
  tri1=393, 
  v0=212, 
  v1=264, 
  degenerate=false 
}
02:28:08: Edge 611 = {
  tri0=392, 
  tri1=400, 
  v0=264, 
  v1=168, 
  degenerate=false 
}
02:28:08: Edge 612 = {
  tri0=394, 
  tri1=395, 
  v0=194, 
  v1=70, 
  degenerate=false 
}
02:28:08: Edge 613 = {
  tri0=402, 
  tri1=403, 
  v0=213, 
  v1=171, 
  degenerate=false 
}
02:28:08: Edge 614 = {
  tri0=404, 
  tri1=4294967295, 
  v0=215, 
  v1=216, 
  degenerate=true 
}
02:28:08: Edge 615 = {
  tri0=404, 
  tri1=405, 
  v0=216, 
  v1=223, 
  degenerate=false 
}
02:28:08: Edge 616 = {
  tri0=404, 
  tri1=411, 
  v0=223, 
  v1=215, 
  degenerate=false 
}
02:28:08: Edge 617 = {
  tri0=405, 
  tri1=4294967295, 
  v0=267, 
  v1=217, 
  degenerate=true 
}
02:28:08: Edge 618 = {
  tri0=405, 
  tri1=406, 
  v0=217, 
  v1=268, 
  degenerate=false 
}
02:28:08: Edge 619 = {
  tri0=406, 
  tri1=4294967295, 
  v0=269, 
  v1=218, 
  degenerate=true 
}
02:28:08: Edge 620 = {
  tri0=406, 
  tri1=407, 
  v0=218, 
  v1=270, 
  degenerate=false 
}
02:28:08: Edge 621 = {
  tri0=407, 
  tri1=4294967295, 
  v0=271, 
  v1=219, 
  degenerate=true 
}
02:28:08: Edge 622 = {
  tri0=407, 
  tri1=408, 
  v0=219, 
  v1=272, 
  degenerate=false 
}
02:28:08: Edge 623 = {
  tri0=408, 
  tri1=4294967295, 
  v0=273, 
  v1=220, 
  degenerate=true 
}
02:28:08: Edge 624 = {
  tri0=408, 
  tri1=409, 
  v0=220, 
  v1=274, 
  degenerate=false 
}
02:28:08: Edge 625 = {
  tri0=409, 
  tri1=4294967295, 
  v0=275, 
  v1=221, 
  degenerate=true 
}
02:28:08: Edge 626 = {
  tri0=409, 
  tri1=410, 
  v0=221, 
  v1=276, 
  degenerate=false 
}
02:28:08: Edge 627 = {
  tri0=410, 
  tri1=4294967295, 
  v0=277, 
  v1=222, 
  degenerate=true 
}
02:28:08: Edge 628 = {
  tri0=410, 
  tri1=411, 
  v0=222, 
  v1=278, 
  degenerate=false 
}
02:28:08: Edge 629 = {
  tri0=411, 
  tri1=4294967295, 
  v0=279, 
  v1=280, 
  degenerate=true 
}
